#
# A fatal error has been detected by the Java Runtime Environment:
#
#  EXCEPTION_ACCESS_VIOLATION (0xc0000005) at pc=0x00007ff90455fbdd, pid=10820, tid=21240
#
# JRE version: OpenJDK Runtime Environment (22.0+36) (build 22+36-2370)
# Java VM: OpenJDK 64-Bit Server VM (22+36-2370, mixed mode, sharing, tiered, compressed oops, compressed class ptrs, g1 gc, windows-amd64)
# Problematic frame:
# C  [lwjgl_opengl.dll+0xfbdd]
#
# No core dump will be written. Minidumps are not enabled by default on client versions of Windows
#
# If you would like to submit a bug report, please visit:
#   https://bugreport.java.com/bugreport/crash.jsp
# The crash happened outside the Java Virtual Machine in native code.
# See problematic frame for where to report the bug.
#

---------------  S U M M A R Y ------------

Command Line: --enable-preview -javaagent:C:\Program Files\JetBrains\IntelliJ IDEA Community Edition 2023.3.4\lib\idea_rt.jar=51597:C:\Program Files\JetBrains\IntelliJ IDEA Community Edition 2023.3.4\bin -Dfile.encoding=UTF-8 -Dsun.stdout.encoding=UTF-8 -Dsun.stderr.encoding=UTF-8 Main

Host: 11th Gen Intel(R) Core(TM) i7-1165G7 @ 2.80GHz, 8 cores, 15G,  Windows 10 , 64 bit Build 19041 (10.0.19041.3636)
Time: Sat Mar 30 18:40:24 2024 Eastern Daylight Time elapsed time: 0.219039 seconds (0d 0h 0m 0s)

---------------  T H R E A D  ---------------

Current thread (0x000002b57aad45b0):  JavaThread "main"             [_thread_in_native, id=21240, stack(0x000000ecac400000,0x000000ecac500000) (1024K)]

Stack: [0x000000ecac400000,0x000000ecac500000],  sp=0x000000ecac4fefe8,  free space=1019k
Native frames: (J=compiled Java code, j=interpreted, Vv=VM code, C=native code)
C  [lwjgl_opengl.dll+0xfbdd]  (no source info available)

Java frames: (J=compiled Java code, j=interpreted, Vv=VM code)
j  org.lwjgl.opengl.GL30C.nglGenVertexArrays(IJ)V+0
j  org.lwjgl.opengl.GL30C.glGenVertexArrays()I+20
j  org.lwjgl.opengl.GL30.glGenVertexArrays()I+0
j  rendering.MeshRenderer.genVAO()I+0
j  rendering.MeshRenderer.createMesh([F[I)Lrendering/Mesh;+0
j  Main.main([Ljava/lang/String;)V+77
v  ~StubRoutines::call_stub 0x000002b50f7b100d

siginfo: EXCEPTION_ACCESS_VIOLATION (0xc0000005), reading address 0x00000000000013c8


Registers:
RAX=0x000002b51d56df30, RBX=0x000002b55f5008d0, RCX=0x0000000000000001, RDX=0x000002b51d6e8acc
RSP=0x000000ecac4fefe8, RBP=0x000000ecac4ff078, RSI=0x000002b55f1673f0, RDI=0x000002b50f7b88c0
R8 =0x0000000000000001, R9 =0x000002b51d6e8acc, R10=0x0000000000000000, R11=0x00000007139847f8
R12=0x0000000000000000, R13=0x000002b55f5008d0, R14=0x000000ecac4ff0a8, R15=0x000002b57aad45b0
RIP=0x00007ff90455fbdd, EFLAGS=0x0000000000010202


Register to memory mapping:

RAX=0x000002b51d56df30 points into unknown readable memory: 0x0000000000000000 | 00 00 00 00 00 00 00 00
RBX={method} {0x000002b55f5008d8} 'nglGenVertexArrays' '(IJ)V' in 'org/lwjgl/opengl/GL30C'
RCX=0x0000000000000001 is an unknown value
RDX=0x000002b51d6e8acc points into unknown readable memory: 00 00 00 00
RSP=0x000000ecac4fefe8 is pointing into the stack for thread: 0x000002b57aad45b0
RBP=0x000000ecac4ff078 is pointing into the stack for thread: 0x000002b57aad45b0
RSI=0x000002b55f1673f0 is pointing into metadata
RDI=0x000002b50f7b88c0 is at code_begin+1280 in an Interpreter codelet
return entry points  [0x000002b50f7b83c0, 0x000002b50f7b9050]  3216 bytes
R8 =0x0000000000000001 is an unknown value
R9 =0x000002b51d6e8acc points into unknown readable memory: 00 00 00 00
R10=0x0 is null
R11=0x00000007139847f8 is an oop: java.lang.Class 
{0x00000007139847f8} - klass: 'java/lang/Class'
 - ---- fields (total size 130 words):
 - private volatile transient 'classRedefinedCount' 'I' @12  0 (0x00000000)
 - injected 'klass' 'J' @16  2976932509936 (0x000002b51f0138f0)
 - injected 'array_klass' 'J' @24  0 (0x0000000000000000)
 - injected 'oop_size' 'I' @32  130 (0x00000082)
 - injected 'static_oop_field_count' 'I' @36  0 (0x00000000)
 - private volatile transient 'cachedConstructor' 'Ljava/lang/reflect/Constructor;' @40  null (0x00000000)
 - private transient 'name' 'Ljava/lang/String;' @44  "org.lwjgl.opengl.GL30C"{0x0000000713984c08} (0xe2730981)
 - private transient 'module' 'Ljava/lang/Module;' @48  a 'java/lang/Module'{0x0000000713e66ef0} (0xe27ccdde)
 - private final 'classLoader' 'Ljava/lang/ClassLoader;' @52  a 'jdk/internal/loader/ClassLoaders$AppClassLoader'{0x0000000713e66d30} (0xe27ccda6)
 - private transient 'classData' 'Ljava/lang/Object;' @56  null (0x00000000)
 - private transient 'packageName' 'Ljava/lang/String;' @60  "org.lwjgl.opengl"{0x0000000713db0ee8} (0xe27b61dd)
 - private final 'componentType' 'Ljava/lang/Class;' @64  null (0x00000000)
 - private volatile transient 'reflectionData' 'Ljava/lang/ref/SoftReference;' @68  null (0x00000000)
 - private volatile transient 'genericInfo' 'Lsun/reflect/generics/repository/ClassRepository;' @72  null (0x00000000)
 - private volatile transient 'enumConstants' '[Ljava/lang/Object;' @76  null (0x00000000)
 - private volatile transient 'enumConstantDirectory' 'Ljava/util/Map;' @80  null (0x00000000)
 - private volatile transient 'annotationData' 'Ljava/lang/Class$AnnotationData;' @84  null (0x00000000)
 - private volatile transient 'annotationType' 'Lsun/reflect/annotation/AnnotationType;' @88  null (0x00000000)
 - transient 'classValueMap' 'Ljava/lang/ClassValue$ClassValueMap;' @92  null (0x00000000)
 - injected 'protection_domain' 'Ljava/lang/Object;' @96  a 'java/security/ProtectionDomain'{0x0000000713dd5ca8} (0xe27bab95)
 - injected 'signers_name' 'Ljava/lang/Object;' @100  null (0x00000000)
 - injected 'source_file' 'Ljava/lang/Object;' @104  null (0x00000000)
 - signature: Lorg/lwjgl/opengl/GL30C;
 - ---- static fields (0):
 - public static final 'GL_MAJOR_VERSION' 'I' @112  33307 (0x0000821b)
 - public static final 'GL_MINOR_VERSION' 'I' @116  33308 (0x0000821c)
 - public static final 'GL_NUM_EXTENSIONS' 'I' @120  33309 (0x0000821d)
 - public static final 'GL_CONTEXT_FLAGS' 'I' @124  33310 (0x0000821e)
 - public static final 'GL_CONTEXT_FLAG_FORWARD_COMPATIBLE_BIT' 'I' @128  1 (0x00000001)
 - public static final 'GL_COMPARE_REF_TO_TEXTURE' 'I' @132  34894 (0x0000884e)
 - public static final 'GL_CLIP_DISTANCE0' 'I' @136  12288 (0x00003000)
 - public static final 'GL_CLIP_DISTANCE1' 'I' @140  12289 (0x00003001)
 - public static final 'GL_CLIP_DISTANCE2' 'I' @144  12290 (0x00003002)
 - public static final 'GL_CLIP_DISTANCE3' 'I' @148  12291 (0x00003003)
 - public static final 'GL_CLIP_DISTANCE4' 'I' @152  12292 (0x00003004)
 - public static final 'GL_CLIP_DISTANCE5' 'I' @156  12293 (0x00003005)
 - public static final 'GL_CLIP_DISTANCE6' 'I' @160  12294 (0x00003006)
 - public static final 'GL_CLIP_DISTANCE7' 'I' @164  12295 (0x00003007)
 - public static final 'GL_MAX_CLIP_DISTANCES' 'I' @168  3378 (0x00000d32)
 - public static final 'GL_MAX_VARYING_COMPONENTS' 'I' @172  35659 (0x00008b4b)
 - public static final 'GL_VERTEX_ATTRIB_ARRAY_INTEGER' 'I' @176  35069 (0x000088fd)
 - public static final 'GL_SAMPLER_1D_ARRAY' 'I' @180  36288 (0x00008dc0)
 - public static final 'GL_SAMPLER_2D_ARRAY' 'I' @184  36289 (0x00008dc1)
 - public static final 'GL_SAMPLER_1D_ARRAY_SHADOW' 'I' @188  36291 (0x00008dc3)
 - public static final 'GL_SAMPLER_2D_ARRAY_SHADOW' 'I' @192  36292 (0x00008dc4)
 - public static final 'GL_SAMPLER_CUBE_SHADOW' 'I' @196  36293 (0x00008dc5)
 - public static final 'GL_UNSIGNED_INT_VEC2' 'I' @200  36294 (0x00008dc6)
 - public static final 'GL_UNSIGNED_INT_VEC3' 'I' @204  36295 (0x00008dc7)
 - public static final 'GL_UNSIGNED_INT_VEC4' 'I' @208  36296 (0x00008dc8)
 - public static final 'GL_INT_SAMPLER_1D' 'I' @212  36297 (0x00008dc9)
 - public static final 'GL_INT_SAMPLER_2D' 'I' @216  36298 (0x00008dca)
 - public static final 'GL_INT_SAMPLER_3D' 'I' @220  36299 (0x00008dcb)
 - public static final 'GL_INT_SAMPLER_CUBE' 'I' @224  36300 (0x00008dcc)
 - public static final 'GL_INT_SAMPLER_1D_ARRAY' 'I' @228  36302 (0x00008dce)
 - public static final 'GL_INT_SAMPLER_2D_ARRAY' 'I' @232  36303 (0x00008dcf)
 - public static final 'GL_UNSIGNED_INT_SAMPLER_1D' 'I' @236  36305 (0x00008dd1)
 - public static final 'GL_UNSIGNED_INT_SAMPLER_2D' 'I' @240  36306 (0x00008dd2)
 - public static final 'GL_UNSIGNED_INT_SAMPLER_3D' 'I' @244  36307 (0x00008dd3)
 - public static final 'GL_UNSIGNED_INT_SAMPLER_CUBE' 'I' @248  36308 (0x00008dd4)
 - public static final 'GL_UNSIGNED_INT_SAMPLER_1D_ARRAY' 'I' @252  36310 (0x00008dd6)
 - public static final 'GL_UNSIGNED_INT_SAMPLER_2D_ARRAY' 'I' @256  36311 (0x00008dd7)
 - public static final 'GL_MIN_PROGRAM_TEXEL_OFFSET' 'I' @260  35076 (0x00008904)
 - public static final 'GL_MAX_PROGRAM_TEXEL_OFFSET' 'I' @264  35077 (0x00008905)
 - public static final 'GL_QUERY_WAIT' 'I' @268  36371 (0x00008e13)
 - public static final 'GL_QUERY_NO_WAIT' 'I' @272  36372 (0x00008e14)
 - public static final 'GL_QUERY_BY_REGION_WAIT' 'I' @276  36373 (0x00008e15)
 - public static final 'GL_QUERY_BY_REGION_NO_WAIT' 'I' @280  36374 (0x00008e16)
 - public static final 'GL_MAP_READ_BIT' 'I' @284  1 (0x00000001)
 - public static final 'GL_MAP_WRITE_BIT' 'I' @288  2 (0x00000002)
 - public static final 'GL_MAP_INVALIDATE_RANGE_BIT' 'I' @292  4 (0x00000004)
 - public static final 'GL_MAP_INVALIDATE_BUFFER_BIT' 'I' @296  8 (0x00000008)
 - public static final 'GL_MAP_FLUSH_EXPLICIT_BIT' 'I' @300  16 (0x00000010)
 - public static final 'GL_MAP_UNSYNCHRONIZED_BIT' 'I' @304  32 (0x00000020)
 - public static final 'GL_BUFFER_ACCESS_FLAGS' 'I' @308  37151 (0x0000911f)
 - public static final 'GL_BUFFER_MAP_LENGTH' 'I' @312  37152 (0x00009120)
 - public static final 'GL_BUFFER_MAP_OFFSET' 'I' @316  37153 (0x00009121)
 - public static final 'GL_CLAMP_READ_COLOR' 'I' @320  35100 (0x0000891c)
 - public static final 'GL_FIXED_ONLY' 'I' @324  35101 (0x0000891d)
 - public static final 'GL_DEPTH_COMPONENT32F' 'I' @328  36012 (0x00008cac)
 - public static final 'GL_DEPTH32F_STENCIL8' 'I' @332  36013 (0x00008cad)
 - public static final 'GL_FLOAT_32_UNSIGNED_INT_24_8_REV' 'I' @336  36269 (0x00008dad)
 - public static final 'GL_TEXTURE_RED_TYPE' 'I' @340  35856 (0x00008c10)
 - public static final 'GL_TEXTURE_GREEN_TYPE' 'I' @344  35857 (0x00008c11)
 - public static final 'GL_TEXTURE_BLUE_TYPE' 'I' @348  35858 (0x00008c12)
 - public static final 'GL_TEXTURE_ALPHA_TYPE' 'I' @352  35859 (0x00008c13)
 - public static final 'GL_TEXTURE_DEPTH_TYPE' 'I' @356  35862 (0x00008c16)
 - public static final 'GL_UNSIGNED_NORMALIZED' 'I' @360  35863 (0x00008c17)
 - public static final 'GL_RGBA32F' 'I' @364  34836 (0x00008814)
 - public static final 'GL_RGB32F' 'I' @368  34837 (0x00008815)
 - public static final 'GL_RGBA16F' 'I' @372  34842 (0x0000881a)
 - public static final 'GL_RGB16F' 'I' @376  34843 (0x0000881b)
 - public static final 'GL_R11F_G11F_B10F' 'I' @380  35898 (0x00008c3a)
 - public static final 'GL_UNSIGNED_INT_10F_11F_11F_REV' 'I' @384  35899 (0x00008c3b)
 - public static final 'GL_RGB9_E5' 'I' @388  35901 (0x00008c3d)
 - public static final 'GL_UNSIGNED_INT_5_9_9_9_REV' 'I' @392  35902 (0x00008c3e)
 - public static final 'GL_TEXTURE_SHARED_SIZE' 'I' @396  35903 (0x00008c3f)
 - public static final 'GL_FRAMEBUFFER' 'I' @400  36160 (0x00008d40)
 - public static final 'GL_READ_FRAMEBUFFER' 'I' @404  36008 (0x00008ca8)
 - public static final 'GL_DRAW_FRAMEBUFFER' 'I' @408  36009 (0x00008ca9)
 - public static final 'GL_RENDERBUFFER' 'I' @412  36161 (0x00008d41)
 - public static final 'GL_STENCIL_INDEX1' 'I' @416  36166 (0x00008d46)
 - public static final 'GL_STENCIL_INDEX4' 'I' @420  36167 (0x00008d47)
 - public static final 'GL_STENCIL_INDEX8' 'I' @424  36168 (0x00008d48)
 - public static final 'GL_STENCIL_INDEX16' 'I' @428  36169 (0x00008d49)
 - public static final 'GL_RENDERBUFFER_WIDTH' 'I' @432  36162 (0x00008d42)
 - public static final 'GL_RENDERBUFFER_HEIGHT' 'I' @436  36163 (0x00008d43)
 - public static final 'GL_RENDERBUFFER_INTERNAL_FORMAT' 'I' @440  36164 (0x00008d44)
 - public static final 'GL_RENDERBUFFER_RED_SIZE' 'I' @444  36176 (0x00008d50)
 - public static final 'GL_RENDERBUFFER_GREEN_SIZE' 'I' @448  36177 (0x00008d51)
 - public static final 'GL_RENDERBUFFER_BLUE_SIZE' 'I' @452  36178 (0x00008d52)
 - public static final 'GL_RENDERBUFFER_ALPHA_SIZE' 'I' @456  36179 (0x00008d53)
 - public static final 'GL_RENDERBUFFER_DEPTH_SIZE' 'I' @460  36180 (0x00008d54)
 - public static final 'GL_RENDERBUFFER_STENCIL_SIZE' 'I' @464  36181 (0x00008d55)
 - public static final 'GL_RENDERBUFFER_SAMPLES' 'I' @468  36011 (0x00008cab)
 - public static final 'GL_FRAMEBUFFER_ATTACHMENT_OBJECT_TYPE' 'I' @472  36048 (0x00008cd0)
 - public static final 'GL_FRAMEBUFFER_ATTACHMENT_OBJECT_NAME' 'I' @476  36049 (0x00008cd1)
 - public static final 'GL_FRAMEBUFFER_ATTACHMENT_TEXTURE_LEVEL' 'I' @480  36050 (0x00008cd2)
 - public static final 'GL_FRAMEBUFFER_ATTACHMENT_TEXTURE_CUBE_MAP_FACE' 'I' @484  36051 (0x00008cd3)
 - public static final 'GL_FRAMEBUFFER_ATTACHMENT_TEXTURE_LAYER' 'I' @488  36052 (0x00008cd4)
 - public static final 'GL_FRAMEBUFFER_ATTACHMENT_COLOR_ENCODING' 'I' @492  33296 (0x00008210)
 - public static final 'GL_FRAMEBUFFER_ATTACHMENT_COMPONENT_TYPE' 'I' @496  33297 (0x00008211)
 - public static final 'GL_FRAMEBUFFER_ATTACHMENT_RED_SIZE' 'I' @500  33298 (0x00008212)
 - public static final 'GL_FRAMEBUFFER_ATTACHMENT_GREEN_SIZE' 'I' @504  33299 (0x00008213)
 - public static final 'GL_FRAMEBUFFER_ATTACHMENT_BLUE_SIZE' 'I' @508  33300 (0x00008214)
 - public static final 'GL_FRAMEBUFFER_ATTACHMENT_ALPHA_SIZE' 'I' @512  33301 (0x00008215)
 - public static final 'GL_FRAMEBUFFER_ATTACHMENT_DEPTH_SIZE' 'I' @516  33302 (0x00008216)
 - public static final 'GL_FRAMEBUFFER_ATTACHMENT_STENCIL_SIZE' 'I' @520  33303 (0x00008217)
 - public static final 'GL_FRAMEBUFFER_DEFAULT' 'I' @524  33304 (0x00008218)
 - public static final 'GL_COLOR_ATTACHMENT0' 'I' @528  36064 (0x00008ce0)
 - public static final 'GL_COLOR_ATTACHMENT1' 'I' @532  36065 (0x00008ce1)
 - public static final 'GL_COLOR_ATTACHMENT2' 'I' @536  36066 (0x00008ce2)
 - public static final 'GL_COLOR_ATTACHMENT3' 'I' @540  36067 (0x00008ce3)
 - public static final 'GL_COLOR_ATTACHMENT4' 'I' @544  36068 (0x00008ce4)
 - public static final 'GL_COLOR_ATTACHMENT5' 'I' @548  36069 (0x00008ce5)
 - public static final 'GL_COLOR_ATTACHMENT6' 'I' @552  36070 (0x00008ce6)
 - public static final 'GL_COLOR_ATTACHMENT7' 'I' @556  36071 (0x00008ce7)
 - public static final 'GL_COLOR_ATTACHMENT8' 'I' @560  36072 (0x00008ce8)
 - public static final 'GL_COLOR_ATTACHMENT9' 'I' @564  36073 (0x00008ce9)
 - public static final 'GL_COLOR_ATTACHMENT10' 'I' @568  36074 (0x00008cea)
 - public static final 'GL_COLOR_ATTACHMENT11' 'I' @572  36075 (0x00008ceb)
 - public static final 'GL_COLOR_ATTACHMENT12' 'I' @576  36076 (0x00008cec)
 - public static final 'GL_COLOR_ATTACHMENT13' 'I' @580  36077 (0x00008ced)
 - public static final 'GL_COLOR_ATTACHMENT14' 'I' @584  36078 (0x00008cee)
 - public static final 'GL_COLOR_ATTACHMENT15' 'I' @588  36079 (0x00008cef)
 - public static final 'GL_COLOR_ATTACHMENT16' 'I' @592  36080 (0x00008cf0)
 - public static final 'GL_COLOR_ATTACHMENT17' 'I' @596  36081 (0x00008cf1)
 - public static final 'GL_COLOR_ATTACHMENT18' 'I' @600  36082 (0x00008cf2)
 - public static final 'GL_COLOR_ATTACHMENT19' 'I' @604  36083 (0x00008cf3)
 - public static final 'GL_COLOR_ATTACHMENT20' 'I' @608  36084 (0x00008cf4)
 - public static final 'GL_COLOR_ATTACHMENT21' 'I' @612  36085 (0x00008cf5)
 - public static final 'GL_COLOR_ATTACHMENT22' 'I' @616  36086 (0x00008cf6)
 - public static final 'GL_COLOR_ATTACHMENT23' 'I' @620  36087 (0x00008cf7)
 - public static final 'GL_COLOR_ATTACHMENT24' 'I' @624  36088 (0x00008cf8)
 - public static final 'GL_COLOR_ATTACHMENT25' 'I' @628  36089 (0x00008cf9)
 - public static final 'GL_COLOR_ATTACHMENT26' 'I' @632  36090 (0x00008cfa)
 - public static final 'GL_COLOR_ATTACHMENT27' 'I' @636  36091 (0x00008cfb)
 - public static final 'GL_COLOR_ATTACHMENT28' 'I' @640  36092 (0x00008cfc)
 - public static final 'GL_COLOR_ATTACHMENT29' 'I' @644  36093 (0x00008cfd)
 - public static final 'GL_COLOR_ATTACHMENT30' 'I' @648  36094 (0x00008cfe)
 - public static final 'GL_COLOR_ATTACHMENT31' 'I' @652  36095 (0x00008cff)
 - public static final 'GL_DEPTH_ATTACHMENT' 'I' @656  36096 (0x00008d00)
 - public static final 'GL_STENCIL_ATTACHMENT' 'I' @660  36128 (0x00008d20)
 - public static final 'GL_DEPTH_STENCIL_ATTACHMENT' 'I' @664  33306 (0x0000821a)
 - public static final 'GL_MAX_SAMPLES' 'I' @668  36183 (0x00008d57)
 - public static final 'GL_FRAMEBUFFER_COMPLETE' 'I' @672  36053 (0x00008cd5)
 - public static final 'GL_FRAMEBUFFER_INCOMPLETE_ATTACHMENT' 'I' @676  36054 (0x00008cd6)
 - public static final 'GL_FRAMEBUFFER_INCOMPLETE_MISSING_ATTACHMENT' 'I' @680  36055 (0x00008cd7)
 - public static final 'GL_FRAMEBUFFER_INCOMPLETE_DRAW_BUFFER' 'I' @684  36059 (0x00008cdb)
 - public static final 'GL_FRAMEBUFFER_INCOMPLETE_READ_BUFFER' 'I' @688  36060 (0x00008cdc)
 - public static final 'GL_FRAMEBUFFER_UNSUPPORTED' 'I' @692  36061 (0x00008cdd)
 - public static final 'GL_FRAMEBUFFER_INCOMPLETE_MULTISAMPLE' 'I' @696  36182 (0x00008d56)
 - public static final 'GL_FRAMEBUFFER_UNDEFINED' 'I' @700  33305 (0x00008219)
 - public static final 'GL_FRAMEBUFFER_BINDING' 'I' @704  36006 (0x00008ca6)
 - public static final 'GL_DRAW_FRAMEBUFFER_BINDING' 'I' @708  36006 (0x00008ca6)
 - public static final 'GL_READ_FRAMEBUFFER_BINDING' 'I' @712  36010 (0x00008caa)
 - public static final 'GL_RENDERBUFFER_BINDING' 'I' @716  36007 (0x00008ca7)
 - public static final 'GL_MAX_COLOR_ATTACHMENTS' 'I' @720  36063 (0x00008cdf)
 - public static final 'GL_MAX_RENDERBUFFER_SIZE' 'I' @724  34024 (0x000084e8)
 - public static final 'GL_INVALID_FRAMEBUFFER_OPERATION' 'I' @728  1286 (0x00000506)
 - public static final 'GL_DEPTH_STENCIL' 'I' @732  34041 (0x000084f9)
 - public static final 'GL_UNSIGNED_INT_24_8' 'I' @736  34042 (0x000084fa)
 - public static final 'GL_DEPTH24_STENCIL8' 'I' @740  35056 (0x000088f0)
 - public static final 'GL_TEXTURE_STENCIL_SIZE' 'I' @744  35057 (0x000088f1)
 - public static final 'GL_HALF_FLOAT' 'I' @748  5131 (0x0000140b)
 - public static final 'GL_RGBA32UI' 'I' @752  36208 (0x00008d70)
 - public static final 'GL_RGB32UI' 'I' @756  36209 (0x00008d71)
 - public static final 'GL_RGBA16UI' 'I' @760  36214 (0x00008d76)
 - public static final 'GL_RGB16UI' 'I' @764  36215 (0x00008d77)
 - public static final 'GL_RGBA8UI' 'I' @768  36220 (0x00008d7c)
 - public static final 'GL_RGB8UI' 'I' @772  36221 (0x00008d7d)
 - public static final 'GL_RGBA32I' 'I' @776  36226 (0x00008d82)
 - public static final 'GL_RGB32I' 'I' @780  36227 (0x00008d83)
 - public static final 'GL_RGBA16I' 'I' @784  36232 (0x00008d88)
 - public static final 'GL_RGB16I' 'I' @788  36233 (0x00008d89)
 - public static final 'GL_RGBA8I' 'I' @792  36238 (0x00008d8e)
 - public static final 'GL_RGB8I' 'I' @796  36239 (0x00008d8f)
 - public static final 'GL_RED_INTEGER' 'I' @800  36244 (0x00008d94)
 - public static final 'GL_GREEN_INTEGER' 'I' @804  36245 (0x00008d95)
 - public static final 'GL_BLUE_INTEGER' 'I' @808  36246 (0x00008d96)
 - public static final 'GL_RGB_INTEGER' 'I' @812  36248 (0x00008d98)
 - public static final 'GL_RGBA_INTEGER' 'I' @816  36249 (0x00008d99)
 - public static final 'GL_BGR_INTEGER' 'I' @820  36250 (0x00008d9a)
 - public static final 'GL_BGRA_INTEGER' 'I' @824  36251 (0x00008d9b)
 - public static final 'GL_TEXTURE_1D_ARRAY' 'I' @828  35864 (0x00008c18)
 - public static final 'GL_TEXTURE_2D_ARRAY' 'I' @832  35866 (0x00008c1a)
 - public static final 'GL_PROXY_TEXTURE_2D_ARRAY' 'I' @836  35867 (0x00008c1b)
 - public static final 'GL_PROXY_TEXTURE_1D_ARRAY' 'I' @840  35865 (0x00008c19)
 - public static final 'GL_TEXTURE_BINDING_1D_ARRAY' 'I' @844  35868 (0x00008c1c)
 - public static final 'GL_TEXTURE_BINDING_2D_ARRAY' 'I' @848  35869 (0x00008c1d)
 - public static final 'GL_MAX_ARRAY_TEXTURE_LAYERS' 'I' @852  35071 (0x000088ff)
 - public static final 'GL_COMPRESSED_RED_RGTC1' 'I' @856  36283 (0x00008dbb)
 - public static final 'GL_COMPRESSED_SIGNED_RED_RGTC1' 'I' @860  36284 (0x00008dbc)
 - public static final 'GL_COMPRESSED_RG_RGTC2' 'I' @864  36285 (0x00008dbd)
 - public static final 'GL_COMPRESSED_SIGNED_RG_RGTC2' 'I' @868  36286 (0x00008dbe)
 - public static final 'GL_R8' 'I' @872  33321 (0x00008229)
 - public static final 'GL_R16' 'I' @876  33322 (0x0000822a)
 - public static final 'GL_RG8' 'I' @880  33323 (0x0000822b)
 - public static final 'GL_RG16' 'I' @884  33324 (0x0000822c)
 - public static final 'GL_R16F' 'I' @888  33325 (0x0000822d)
 - public static final 'GL_R32F' 'I' @892  33326 (0x0000822e)
 - public static final 'GL_RG16F' 'I' @896  33327 (0x0000822f)
 - public static final 'GL_RG32F' 'I' @900  33328 (0x00008230)
 - public static final 'GL_R8I' 'I' @904  33329 (0x00008231)
 - public static final 'GL_R8UI' 'I' @908  33330 (0x00008232)
 - public static final 'GL_R16I' 'I' @912  33331 (0x00008233)
 - public static final 'GL_R16UI' 'I' @916  33332 (0x00008234)
 - public static final 'GL_R32I' 'I' @920  33333 (0x00008235)
 - public static final 'GL_R32UI' 'I' @924  33334 (0x00008236)
 - public static final 'GL_RG8I' 'I' @928  33335 (0x00008237)
 - public static final 'GL_RG8UI' 'I' @932  33336 (0x00008238)
 - public static final 'GL_RG16I' 'I' @936  33337 (0x00008239)
 - public static final 'GL_RG16UI' 'I' @940  33338 (0x0000823a)
 - public static final 'GL_RG32I' 'I' @944  33339 (0x0000823b)
 - public static final 'GL_RG32UI' 'I' @948  33340 (0x0000823c)
 - public static final 'GL_RG' 'I' @952  33319 (0x00008227)
 - public static final 'GL_COMPRESSED_RED' 'I' @956  33317 (0x00008225)
 - public static final 'GL_COMPRESSED_RG' 'I' @960  33318 (0x00008226)
 - public static final 'GL_RG_INTEGER' 'I' @964  33320 (0x00008228)
 - public static final 'GL_TRANSFORM_FEEDBACK_BUFFER' 'I' @968  35982 (0x00008c8e)
 - public static final 'GL_TRANSFORM_FEEDBACK_BUFFER_START' 'I' @972  35972 (0x00008c84)
 - public static final 'GL_TRANSFORM_FEEDBACK_BUFFER_SIZE' 'I' @976  35973 (0x00008c85)
 - public static final 'GL_TRANSFORM_FEEDBACK_BUFFER_BINDING' 'I' @980  35983 (0x00008c8f)
 - public static final 'GL_INTERLEAVED_ATTRIBS' 'I' @984  35980 (0x00008c8c)
 - public static final 'GL_SEPARATE_ATTRIBS' 'I' @988  35981 (0x00008c8d)
 - public static final 'GL_PRIMITIVES_GENERATED' 'I' @992  35975 (0x00008c87)
 - public static final 'GL_TRANSFORM_FEEDBACK_PRIMITIVES_WRITTEN' 'I' @996  35976 (0x00008c88)
 - public static final 'GL_RASTERIZER_DISCARD' 'I' @1000  35977 (0x00008c89)
 - public static final 'GL_MAX_TRANSFORM_FEEDBACK_INTERLEAVED_COMPONENTS' 'I' @1004  35978 (0x00008c8a)
 - public static final 'GL_MAX_TRANSFORM_FEEDBACK_SEPARATE_ATTRIBS' 'I' @1008  35979 (0x00008c8b)
 - public static final 'GL_MAX_TRANSFORM_FEEDBACK_SEPARATE_COMPONENTS' 'I' @1012  35968 (0x00008c80)
 - public static final 'GL_TRANSFORM_FEEDBACK_VARYINGS' 'I' @1016  35971 (0x00008c83)
 - public static final 'GL_TRANSFORM_FEEDBACK_BUFFER_MODE' 'I' @1020  35967 (0x00008c7f)
 - public static final 'GL_TRANSFORM_FEEDBACK_VARYING_MAX_LENGTH' 'I' @1024  35958 (0x00008c76)
 - public static final 'GL_VERTEX_ARRAY_BINDING' 'I' @1028  34229 (0x000085b5)
 - public static final 'GL_FRAMEBUFFER_SRGB' 'I' @1032  36281 (0x00008db9)
R12=0x0 is null
R13={method} {0x000002b55f5008d8} 'nglGenVertexArrays' '(IJ)V' in 'org/lwjgl/opengl/GL30C'
R14=0x000000ecac4ff0a8 is pointing into the stack for thread: 0x000002b57aad45b0
R15=0x000002b57aad45b0 is a thread

Top of Stack: (sp=0x000000ecac4fefe8)
0x000000ecac4fefe8:   000002b50f7bd0c7 000002b50f7b88c0
0x000000ecac4feff8:   000002b50f7bcd9e 000002b55f5008d0
0x000000ecac4ff008:   000002b55f1673f0 000000ecac4ff028
0x000000ecac4ff018:   000000ecac4ff090 000002b50f7b89b6
0x000000ecac4ff028:   000002b50f7bcd5b fffffffffffffff7
0x000000ecac4ff038:   000002b55f5008d0 0000000000000006
0x000000ecac4ff048:   000002b55f535e00 0000000000000000
0x000000ecac4ff058:   00000007139847f8 000002b55f5008d0
0x000000ecac4ff068:   0000000000000000 000000ecac4ff098
0x000000ecac4ff078:   000000ecac4ff0f8 000002b50f7b88c0
0x000000ecac4ff088:   00000007139847f8 000002b50f7ba517
0x000000ecac4ff098:   000002b51d6e8acc 0000000000000000
0x000000ecac4ff0a8:   0000000000000001 fffffffffffffff7
0x000000ecac4ff0b8:   000002b55f500a54 0000000000000006
0x000000ecac4ff0c8:   000002b55f535e00 0000000000000000
0x000000ecac4ff0d8:   00000007139847f8 000002b55f500ac0
0x000000ecac4ff0e8:   fffffffffffffff4 000000ecac4ff130
0x000000ecac4ff0f8:   000000ecac4ff178 000002b50f7b8a08
0x000000ecac4ff108:   0000000000000000 0000000000000000
0x000000ecac4ff118:   000000071398e1b0 0000000000010000
0x000000ecac4ff128:   00000007138c60b8 fffffffffffffff7
0x000000ecac4ff138:   000002b55f4165d8 0000000000000001
0x000000ecac4ff148:   000002b55f47f018 0000000000000000
0x000000ecac4ff158:   0000000713a7a8c0 000002b55f4165f0
0x000000ecac4ff168:   fffffffffffffff7 000000ecac4ff188
0x000000ecac4ff178:   000000ecac4ff1d0 000002b50f7b8a08
0x000000ecac4ff188:   fffffffffffffff7 000002b55f40a408
0x000000ecac4ff198:   0000000000000002 000002b55f40a7d0
0x000000ecac4ff1a8:   0000000000000000 0000000713dafc10
0x000000ecac4ff1b8:   000002b55f40a438 fffffffffffffff7
0x000000ecac4ff1c8:   000000ecac4ff1e8 000000ecac4ff230
0x000000ecac4ff1d8:   000002b50f7b8a08 0000000000000000 

Instructions: (pc=0x00007ff90455fbdd)
0x00007ff90455fadd:   98 13 00 00 cc cc cc cc cc cc cc cc cc cc cc cc
0x00007ff90455faed:   cc cc cc 48 8b 01 48 8b 48 18 48 ff a1 a0 13 00
0x00007ff90455fafd:   00 cc cc 40 53 48 8b 01 41 8b d8 4c 8b 44 24 30
0x00007ff90455fb0d:   41 8b d1 44 8b 4c 24 38 8b cb 4c 8b 50 18 5b 49
0x00007ff90455fb1d:   ff a2 a8 13 00 00 cc cc cc cc cc cc cc cc cc cc
0x00007ff90455fb2d:   cc cc cc 40 53 48 83 ec 40 48 8b 01 41 8b d8 44
0x00007ff90455fb3d:   8b 44 24 70 41 8b d1 4c 8b 4c 24 78 8b cb 4c 8b
0x00007ff90455fb4d:   50 18 48 8b 84 24 90 00 00 00 48 89 44 24 30 48
0x00007ff90455fb5d:   8b 84 24 88 00 00 00 48 89 44 24 28 48 8b 84 24
0x00007ff90455fb6d:   80 00 00 00 48 89 44 24 20 41 ff 92 b0 13 00 00
0x00007ff90455fb7d:   48 83 c4 40 5b c3 cc cc cc cc cc cc cc cc cc cc
0x00007ff90455fb8d:   cc cc cc 48 8b 01 41 8b c8 48 8b 50 18 48 ff a2
0x00007ff90455fb9d:   b8 13 00 00 cc cc cc cc cc cc cc cc cc cc cc cc
0x00007ff90455fbad:   cc cc cc 48 8b 01 49 8b d1 41 8b c8 4c 8b 50 18
0x00007ff90455fbbd:   49 ff a2 c0 13 00 00 cc cc cc cc cc cc cc cc cc
0x00007ff90455fbcd:   cc cc cc 48 8b 01 49 8b d1 41 8b c8 4c 8b 50 18
0x00007ff90455fbdd:   49 ff a2 c8 13 00 00 cc cc cc cc cc cc cc cc cc
0x00007ff90455fbed:   cc cc cc 48 8b 01 48 8b 48 18 48 8b 81 d0 13 00
0x00007ff90455fbfd:   00 41 8b c8 48 ff e0 cc cc cc cc cc cc cc cc cc
0x00007ff90455fc0d:   cc cc cc 40 53 48 8b 01 41 8b d8 44 8b 44 24 30
0x00007ff90455fc1d:   41 8b d1 44 8b 4c 24 38 8b cb 4c 8b 50 18 5b 49
0x00007ff90455fc2d:   ff a2 d8 13 00 00 cc cc cc cc cc cc cc cc cc cc
0x00007ff90455fc3d:   cc cc cc 40 53 48 8b 01 41 8b d8 44 8b 44 24 30
0x00007ff90455fc4d:   41 8b d1 4c 8b 4c 24 38 8b cb 4c 8b 50 18 8b 44
0x00007ff90455fc5d:   24 40 89 44 24 30 5b 49 ff a2 e0 13 00 00 cc cc
0x00007ff90455fc6d:   cc cc cc 40 53 48 8b 01 41 8b d8 4c 8b 44 24 30
0x00007ff90455fc7d:   41 8b d1 4c 8b 4c 24 38 8b cb 4c 8b 50 18 48 8b
0x00007ff90455fc8d:   44 24 40 48 89 44 24 30 5b 49 ff a2 e8 13 00 00
0x00007ff90455fc9d:   cc cc cc 48 8b 01 41 8b c8 48 8b 50 18 48 ff a2
0x00007ff90455fcad:   f0 13 00 00 cc cc cc cc cc cc cc cc cc cc cc cc
0x00007ff90455fcbd:   cc cc cc 48 8b 01 45 8b d8 44 8b 44 24 28 41 8b
0x00007ff90455fccd:   d1 41 8b cb 4c 8b 50 18 49 ff a2 f8 13 00 00 cc 


Stack slot to memory mapping:

stack at sp + 0 slots: 0x000002b50f7bd0c7 is at code_begin+1063 in an Interpreter codelet
native method entry point (kind = native)  [0x000002b50f7bcca0, 0x000002b50f7bd8c0]  3104 bytes
stack at sp + 1 slots: 0x000002b50f7b88c0 is at code_begin+1280 in an Interpreter codelet
return entry points  [0x000002b50f7b83c0, 0x000002b50f7b9050]  3216 bytes
stack at sp + 2 slots: 0x000002b50f7bcd9e is at code_begin+254 in an Interpreter codelet
native method entry point (kind = native)  [0x000002b50f7bcca0, 0x000002b50f7bd8c0]  3104 bytes
stack at sp + 3 slots: {method} {0x000002b55f5008d8} 'nglGenVertexArrays' '(IJ)V' in 'org/lwjgl/opengl/GL30C'
stack at sp + 4 slots: 0x000002b55f1673f0 is pointing into metadata
stack at sp + 5 slots: 0x000000ecac4ff028 is pointing into the stack for thread: 0x000002b57aad45b0
stack at sp + 6 slots: 0x000000ecac4ff090 is pointing into the stack for thread: 0x000002b57aad45b0
stack at sp + 7 slots: 0x000002b50f7b89b6 is at code_begin+1526 in an Interpreter codelet
return entry points  [0x000002b50f7b83c0, 0x000002b50f7b9050]  3216 bytes


---------------  P R O C E S S  ---------------

Threads class SMR info:
_java_thread_list=0x000002b51d4a8650, length=12, elements={
0x000002b57aad45b0, 0x000002b57e44e130, 0x000002b51d2802e0, 0x000002b51d285b10,
0x000002b51d286bc0, 0x000002b51d295740, 0x000002b51d2982f0, 0x000002b51d2a1fd0,
0x000002b51d2a2b70, 0x000002b51d298980, 0x000002b51d299d30, 0x000002b51d299010
}

Java Threads: ( => current thread )
=>0x000002b57aad45b0 JavaThread "main"                              [_thread_in_native, id=21240, stack(0x000000ecac400000,0x000000ecac500000) (1024K)]
  0x000002b57e44e130 JavaThread "Reference Handler"          daemon [_thread_blocked, id=27036, stack(0x000000ecacc00000,0x000000ecacd00000) (1024K)]
  0x000002b51d2802e0 JavaThread "Finalizer"                  daemon [_thread_blocked, id=17272, stack(0x000000ecacd00000,0x000000ecace00000) (1024K)]
  0x000002b51d285b10 JavaThread "Signal Dispatcher"          daemon [_thread_blocked, id=24028, stack(0x000000ecace00000,0x000000ecacf00000) (1024K)]
  0x000002b51d286bc0 JavaThread "Attach Listener"            daemon [_thread_blocked, id=2852, stack(0x000000ecacf00000,0x000000ecad000000) (1024K)]
  0x000002b51d295740 JavaThread "Service Thread"             daemon [_thread_blocked, id=11360, stack(0x000000ecad000000,0x000000ecad100000) (1024K)]
  0x000002b51d2982f0 JavaThread "Monitor Deflation Thread"   daemon [_thread_blocked, id=18028, stack(0x000000ecad100000,0x000000ecad200000) (1024K)]
  0x000002b51d2a1fd0 JavaThread "C2 CompilerThread0"         daemon [_thread_blocked, id=14516, stack(0x000000ecad200000,0x000000ecad300000) (1024K)]
  0x000002b51d2a2b70 JavaThread "C1 CompilerThread0"         daemon [_thread_blocked, id=2472, stack(0x000000ecad300000,0x000000ecad400000) (1024K)]
  0x000002b51d298980 JavaThread "Common-Cleaner"             daemon [_thread_blocked, id=28956, stack(0x000000ecad400000,0x000000ecad500000) (1024K)]
  0x000002b51d299d30 JavaThread "Monitor Ctrl-Break"         daemon [_thread_in_native, id=29132, stack(0x000000ecad500000,0x000000ecad600000) (1024K)]
  0x000002b51d299010 JavaThread "Notification Thread"        daemon [_thread_blocked, id=12424, stack(0x000000ecad600000,0x000000ecad700000) (1024K)]
Total: 12

Other Threads:
  0x000002b57e437620 VMThread "VM Thread"                           [id=14660, stack(0x000000ecacb00000,0x000000ecacc00000) (1024K)]
  0x000002b57e41f050 WatcherThread "VM Periodic Task Thread"        [id=18704, stack(0x000000ecaca00000,0x000000ecacb00000) (1024K)]
  0x000002b57cd01b70 WorkerThread "GC Thread#0"                     [id=14416, stack(0x000000ecac500000,0x000000ecac600000) (1024K)]
  0x000002b57cd12720 ConcurrentGCThread "G1 Main Marker"            [id=29408, stack(0x000000ecac600000,0x000000ecac700000) (1024K)]
  0x000002b57cd13a40 WorkerThread "G1 Conc#0"                       [id=9808, stack(0x000000ecac700000,0x000000ecac800000) (1024K)]
  0x000002b57e2ee0a0 ConcurrentGCThread "G1 Refine#0"               [id=28376, stack(0x000000ecac800000,0x000000ecac900000) (1024K)]
  0x000002b57e2eeb30 ConcurrentGCThread "G1 Service"                [id=24404, stack(0x000000ecac900000,0x000000ecaca00000) (1024K)]
Total: 7

Threads with active compile tasks:
Total: 0

VM state: not at safepoint (normal execution)

VM Mutex/Monitor currently owned by a thread: None

Heap address: 0x0000000704400000, size: 4028 MB, Compressed Oops mode: Zero based, Oop shift amount: 3

CDS archive(s) mapped at: [0x000002b51e000000-0x000002b51ec50000-0x000002b51ec50000), size 12910592, SharedBaseAddress: 0x000002b51e000000, ArchiveRelocationMode: 1.
Compressed class space mapped at: 0x000002b51f000000-0x000002b55f000000, reserved size: 1073741824
Narrow klass base: 0x000002b51e000000, Narrow klass shift: 0, Narrow klass range: 0x41000000

GC Precious Log:
 CardTable entry size: 512
 Card Set container configuration: InlinePtr #cards 4 size 8 Array Of Cards #cards 16 size 48 Howl #buckets 8 coarsen threshold 3686 Howl Bitmap #cards 512 size 80 coarsen threshold 460 Card regions per heap region 1 cards per card region 4096
 CPUs: 8 total, 8 available
 Memory: 16106M
 Large Page Support: Disabled
 NUMA Support: Disabled
 Compressed Oops: Enabled (Zero based)
 Heap Region Size: 2M
 Heap Min Capacity: 8M
 Heap Initial Capacity: 252M
 Heap Max Capacity: 4028M
 Pre-touch: Disabled
 Parallel Workers: 8
 Concurrent Workers: 2
 Concurrent Refinement Workers: 8
 Periodic GC: Disabled

Heap:
 garbage-first heap   total reserved 4124672K, committed 258048K, used 6144K [0x0000000704400000, 0x0000000800000000)
  region size 2048K, 4 young (8192K), 0 survivors (0K)
 Metaspace       used 2861K, committed 3008K, reserved 1114112K
  class space    used 187K, committed 256K, reserved 1048576K

Heap Regions: E=young(eden), S=young(survivor), O=old, HS=humongous(starts), HC=humongous(continues), CS=collection set, F=free, TAMS=top-at-mark-start, PB=parsable bottom
|   0|0x0000000704400000, 0x0000000704400000, 0x0000000704600000|  0%| F|  |TAMS 0x0000000704400000| PB 0x0000000704400000| Untracked |  0
|   1|0x0000000704600000, 0x0000000704600000, 0x0000000704800000|  0%| F|  |TAMS 0x0000000704600000| PB 0x0000000704600000| Untracked |  0
|   2|0x0000000704800000, 0x0000000704800000, 0x0000000704a00000|  0%| F|  |TAMS 0x0000000704800000| PB 0x0000000704800000| Untracked |  0
|   3|0x0000000704a00000, 0x0000000704a00000, 0x0000000704c00000|  0%| F|  |TAMS 0x0000000704a00000| PB 0x0000000704a00000| Untracked |  0
|   4|0x0000000704c00000, 0x0000000704c00000, 0x0000000704e00000|  0%| F|  |TAMS 0x0000000704c00000| PB 0x0000000704c00000| Untracked |  0
|   5|0x0000000704e00000, 0x0000000704e00000, 0x0000000705000000|  0%| F|  |TAMS 0x0000000704e00000| PB 0x0000000704e00000| Untracked |  0
|   6|0x0000000705000000, 0x0000000705000000, 0x0000000705200000|  0%| F|  |TAMS 0x0000000705000000| PB 0x0000000705000000| Untracked |  0
|   7|0x0000000705200000, 0x0000000705200000, 0x0000000705400000|  0%| F|  |TAMS 0x0000000705200000| PB 0x0000000705200000| Untracked |  0
|   8|0x0000000705400000, 0x0000000705400000, 0x0000000705600000|  0%| F|  |TAMS 0x0000000705400000| PB 0x0000000705400000| Untracked |  0
|   9|0x0000000705600000, 0x0000000705600000, 0x0000000705800000|  0%| F|  |TAMS 0x0000000705600000| PB 0x0000000705600000| Untracked |  0
|  10|0x0000000705800000, 0x0000000705800000, 0x0000000705a00000|  0%| F|  |TAMS 0x0000000705800000| PB 0x0000000705800000| Untracked |  0
|  11|0x0000000705a00000, 0x0000000705a00000, 0x0000000705c00000|  0%| F|  |TAMS 0x0000000705a00000| PB 0x0000000705a00000| Untracked |  0
|  12|0x0000000705c00000, 0x0000000705c00000, 0x0000000705e00000|  0%| F|  |TAMS 0x0000000705c00000| PB 0x0000000705c00000| Untracked |  0
|  13|0x0000000705e00000, 0x0000000705e00000, 0x0000000706000000|  0%| F|  |TAMS 0x0000000705e00000| PB 0x0000000705e00000| Untracked |  0
|  14|0x0000000706000000, 0x0000000706000000, 0x0000000706200000|  0%| F|  |TAMS 0x0000000706000000| PB 0x0000000706000000| Untracked |  0
|  15|0x0000000706200000, 0x0000000706200000, 0x0000000706400000|  0%| F|  |TAMS 0x0000000706200000| PB 0x0000000706200000| Untracked |  0
|  16|0x0000000706400000, 0x0000000706400000, 0x0000000706600000|  0%| F|  |TAMS 0x0000000706400000| PB 0x0000000706400000| Untracked |  0
|  17|0x0000000706600000, 0x0000000706600000, 0x0000000706800000|  0%| F|  |TAMS 0x0000000706600000| PB 0x0000000706600000| Untracked |  0
|  18|0x0000000706800000, 0x0000000706800000, 0x0000000706a00000|  0%| F|  |TAMS 0x0000000706800000| PB 0x0000000706800000| Untracked |  0
|  19|0x0000000706a00000, 0x0000000706a00000, 0x0000000706c00000|  0%| F|  |TAMS 0x0000000706a00000| PB 0x0000000706a00000| Untracked |  0
|  20|0x0000000706c00000, 0x0000000706c00000, 0x0000000706e00000|  0%| F|  |TAMS 0x0000000706c00000| PB 0x0000000706c00000| Untracked |  0
|  21|0x0000000706e00000, 0x0000000706e00000, 0x0000000707000000|  0%| F|  |TAMS 0x0000000706e00000| PB 0x0000000706e00000| Untracked |  0
|  22|0x0000000707000000, 0x0000000707000000, 0x0000000707200000|  0%| F|  |TAMS 0x0000000707000000| PB 0x0000000707000000| Untracked |  0
|  23|0x0000000707200000, 0x0000000707200000, 0x0000000707400000|  0%| F|  |TAMS 0x0000000707200000| PB 0x0000000707200000| Untracked |  0
|  24|0x0000000707400000, 0x0000000707400000, 0x0000000707600000|  0%| F|  |TAMS 0x0000000707400000| PB 0x0000000707400000| Untracked |  0
|  25|0x0000000707600000, 0x0000000707600000, 0x0000000707800000|  0%| F|  |TAMS 0x0000000707600000| PB 0x0000000707600000| Untracked |  0
|  26|0x0000000707800000, 0x0000000707800000, 0x0000000707a00000|  0%| F|  |TAMS 0x0000000707800000| PB 0x0000000707800000| Untracked |  0
|  27|0x0000000707a00000, 0x0000000707a00000, 0x0000000707c00000|  0%| F|  |TAMS 0x0000000707a00000| PB 0x0000000707a00000| Untracked |  0
|  28|0x0000000707c00000, 0x0000000707c00000, 0x0000000707e00000|  0%| F|  |TAMS 0x0000000707c00000| PB 0x0000000707c00000| Untracked |  0
|  29|0x0000000707e00000, 0x0000000707e00000, 0x0000000708000000|  0%| F|  |TAMS 0x0000000707e00000| PB 0x0000000707e00000| Untracked |  0
|  30|0x0000000708000000, 0x0000000708000000, 0x0000000708200000|  0%| F|  |TAMS 0x0000000708000000| PB 0x0000000708000000| Untracked |  0
|  31|0x0000000708200000, 0x0000000708200000, 0x0000000708400000|  0%| F|  |TAMS 0x0000000708200000| PB 0x0000000708200000| Untracked |  0
|  32|0x0000000708400000, 0x0000000708400000, 0x0000000708600000|  0%| F|  |TAMS 0x0000000708400000| PB 0x0000000708400000| Untracked |  0
|  33|0x0000000708600000, 0x0000000708600000, 0x0000000708800000|  0%| F|  |TAMS 0x0000000708600000| PB 0x0000000708600000| Untracked |  0
|  34|0x0000000708800000, 0x0000000708800000, 0x0000000708a00000|  0%| F|  |TAMS 0x0000000708800000| PB 0x0000000708800000| Untracked |  0
|  35|0x0000000708a00000, 0x0000000708a00000, 0x0000000708c00000|  0%| F|  |TAMS 0x0000000708a00000| PB 0x0000000708a00000| Untracked |  0
|  36|0x0000000708c00000, 0x0000000708c00000, 0x0000000708e00000|  0%| F|  |TAMS 0x0000000708c00000| PB 0x0000000708c00000| Untracked |  0
|  37|0x0000000708e00000, 0x0000000708e00000, 0x0000000709000000|  0%| F|  |TAMS 0x0000000708e00000| PB 0x0000000708e00000| Untracked |  0
|  38|0x0000000709000000, 0x0000000709000000, 0x0000000709200000|  0%| F|  |TAMS 0x0000000709000000| PB 0x0000000709000000| Untracked |  0
|  39|0x0000000709200000, 0x0000000709200000, 0x0000000709400000|  0%| F|  |TAMS 0x0000000709200000| PB 0x0000000709200000| Untracked |  0
|  40|0x0000000709400000, 0x0000000709400000, 0x0000000709600000|  0%| F|  |TAMS 0x0000000709400000| PB 0x0000000709400000| Untracked |  0
|  41|0x0000000709600000, 0x0000000709600000, 0x0000000709800000|  0%| F|  |TAMS 0x0000000709600000| PB 0x0000000709600000| Untracked |  0
|  42|0x0000000709800000, 0x0000000709800000, 0x0000000709a00000|  0%| F|  |TAMS 0x0000000709800000| PB 0x0000000709800000| Untracked |  0
|  43|0x0000000709a00000, 0x0000000709a00000, 0x0000000709c00000|  0%| F|  |TAMS 0x0000000709a00000| PB 0x0000000709a00000| Untracked |  0
|  44|0x0000000709c00000, 0x0000000709c00000, 0x0000000709e00000|  0%| F|  |TAMS 0x0000000709c00000| PB 0x0000000709c00000| Untracked |  0
|  45|0x0000000709e00000, 0x0000000709e00000, 0x000000070a000000|  0%| F|  |TAMS 0x0000000709e00000| PB 0x0000000709e00000| Untracked |  0
|  46|0x000000070a000000, 0x000000070a000000, 0x000000070a200000|  0%| F|  |TAMS 0x000000070a000000| PB 0x000000070a000000| Untracked |  0
|  47|0x000000070a200000, 0x000000070a200000, 0x000000070a400000|  0%| F|  |TAMS 0x000000070a200000| PB 0x000000070a200000| Untracked |  0
|  48|0x000000070a400000, 0x000000070a400000, 0x000000070a600000|  0%| F|  |TAMS 0x000000070a400000| PB 0x000000070a400000| Untracked |  0
|  49|0x000000070a600000, 0x000000070a600000, 0x000000070a800000|  0%| F|  |TAMS 0x000000070a600000| PB 0x000000070a600000| Untracked |  0
|  50|0x000000070a800000, 0x000000070a800000, 0x000000070aa00000|  0%| F|  |TAMS 0x000000070a800000| PB 0x000000070a800000| Untracked |  0
|  51|0x000000070aa00000, 0x000000070aa00000, 0x000000070ac00000|  0%| F|  |TAMS 0x000000070aa00000| PB 0x000000070aa00000| Untracked |  0
|  52|0x000000070ac00000, 0x000000070ac00000, 0x000000070ae00000|  0%| F|  |TAMS 0x000000070ac00000| PB 0x000000070ac00000| Untracked |  0
|  53|0x000000070ae00000, 0x000000070ae00000, 0x000000070b000000|  0%| F|  |TAMS 0x000000070ae00000| PB 0x000000070ae00000| Untracked |  0
|  54|0x000000070b000000, 0x000000070b000000, 0x000000070b200000|  0%| F|  |TAMS 0x000000070b000000| PB 0x000000070b000000| Untracked |  0
|  55|0x000000070b200000, 0x000000070b200000, 0x000000070b400000|  0%| F|  |TAMS 0x000000070b200000| PB 0x000000070b200000| Untracked |  0
|  56|0x000000070b400000, 0x000000070b400000, 0x000000070b600000|  0%| F|  |TAMS 0x000000070b400000| PB 0x000000070b400000| Untracked |  0
|  57|0x000000070b600000, 0x000000070b600000, 0x000000070b800000|  0%| F|  |TAMS 0x000000070b600000| PB 0x000000070b600000| Untracked |  0
|  58|0x000000070b800000, 0x000000070b800000, 0x000000070ba00000|  0%| F|  |TAMS 0x000000070b800000| PB 0x000000070b800000| Untracked |  0
|  59|0x000000070ba00000, 0x000000070ba00000, 0x000000070bc00000|  0%| F|  |TAMS 0x000000070ba00000| PB 0x000000070ba00000| Untracked |  0
|  60|0x000000070bc00000, 0x000000070bc00000, 0x000000070be00000|  0%| F|  |TAMS 0x000000070bc00000| PB 0x000000070bc00000| Untracked |  0
|  61|0x000000070be00000, 0x000000070be00000, 0x000000070c000000|  0%| F|  |TAMS 0x000000070be00000| PB 0x000000070be00000| Untracked |  0
|  62|0x000000070c000000, 0x000000070c000000, 0x000000070c200000|  0%| F|  |TAMS 0x000000070c000000| PB 0x000000070c000000| Untracked |  0
|  63|0x000000070c200000, 0x000000070c200000, 0x000000070c400000|  0%| F|  |TAMS 0x000000070c200000| PB 0x000000070c200000| Untracked |  0
|  64|0x000000070c400000, 0x000000070c400000, 0x000000070c600000|  0%| F|  |TAMS 0x000000070c400000| PB 0x000000070c400000| Untracked |  0
|  65|0x000000070c600000, 0x000000070c600000, 0x000000070c800000|  0%| F|  |TAMS 0x000000070c600000| PB 0x000000070c600000| Untracked |  0
|  66|0x000000070c800000, 0x000000070c800000, 0x000000070ca00000|  0%| F|  |TAMS 0x000000070c800000| PB 0x000000070c800000| Untracked |  0
|  67|0x000000070ca00000, 0x000000070ca00000, 0x000000070cc00000|  0%| F|  |TAMS 0x000000070ca00000| PB 0x000000070ca00000| Untracked |  0
|  68|0x000000070cc00000, 0x000000070cc00000, 0x000000070ce00000|  0%| F|  |TAMS 0x000000070cc00000| PB 0x000000070cc00000| Untracked |  0
|  69|0x000000070ce00000, 0x000000070ce00000, 0x000000070d000000|  0%| F|  |TAMS 0x000000070ce00000| PB 0x000000070ce00000| Untracked |  0
|  70|0x000000070d000000, 0x000000070d000000, 0x000000070d200000|  0%| F|  |TAMS 0x000000070d000000| PB 0x000000070d000000| Untracked |  0
|  71|0x000000070d200000, 0x000000070d200000, 0x000000070d400000|  0%| F|  |TAMS 0x000000070d200000| PB 0x000000070d200000| Untracked |  0
|  72|0x000000070d400000, 0x000000070d400000, 0x000000070d600000|  0%| F|  |TAMS 0x000000070d400000| PB 0x000000070d400000| Untracked |  0
|  73|0x000000070d600000, 0x000000070d600000, 0x000000070d800000|  0%| F|  |TAMS 0x000000070d600000| PB 0x000000070d600000| Untracked |  0
|  74|0x000000070d800000, 0x000000070d800000, 0x000000070da00000|  0%| F|  |TAMS 0x000000070d800000| PB 0x000000070d800000| Untracked |  0
|  75|0x000000070da00000, 0x000000070da00000, 0x000000070dc00000|  0%| F|  |TAMS 0x000000070da00000| PB 0x000000070da00000| Untracked |  0
|  76|0x000000070dc00000, 0x000000070dc00000, 0x000000070de00000|  0%| F|  |TAMS 0x000000070dc00000| PB 0x000000070dc00000| Untracked |  0
|  77|0x000000070de00000, 0x000000070de00000, 0x000000070e000000|  0%| F|  |TAMS 0x000000070de00000| PB 0x000000070de00000| Untracked |  0
|  78|0x000000070e000000, 0x000000070e000000, 0x000000070e200000|  0%| F|  |TAMS 0x000000070e000000| PB 0x000000070e000000| Untracked |  0
|  79|0x000000070e200000, 0x000000070e200000, 0x000000070e400000|  0%| F|  |TAMS 0x000000070e200000| PB 0x000000070e200000| Untracked |  0
|  80|0x000000070e400000, 0x000000070e400000, 0x000000070e600000|  0%| F|  |TAMS 0x000000070e400000| PB 0x000000070e400000| Untracked |  0
|  81|0x000000070e600000, 0x000000070e600000, 0x000000070e800000|  0%| F|  |TAMS 0x000000070e600000| PB 0x000000070e600000| Untracked |  0
|  82|0x000000070e800000, 0x000000070e800000, 0x000000070ea00000|  0%| F|  |TAMS 0x000000070e800000| PB 0x000000070e800000| Untracked |  0
|  83|0x000000070ea00000, 0x000000070ea00000, 0x000000070ec00000|  0%| F|  |TAMS 0x000000070ea00000| PB 0x000000070ea00000| Untracked |  0
|  84|0x000000070ec00000, 0x000000070ec00000, 0x000000070ee00000|  0%| F|  |TAMS 0x000000070ec00000| PB 0x000000070ec00000| Untracked |  0
|  85|0x000000070ee00000, 0x000000070ee00000, 0x000000070f000000|  0%| F|  |TAMS 0x000000070ee00000| PB 0x000000070ee00000| Untracked |  0
|  86|0x000000070f000000, 0x000000070f000000, 0x000000070f200000|  0%| F|  |TAMS 0x000000070f000000| PB 0x000000070f000000| Untracked |  0
|  87|0x000000070f200000, 0x000000070f200000, 0x000000070f400000|  0%| F|  |TAMS 0x000000070f200000| PB 0x000000070f200000| Untracked |  0
|  88|0x000000070f400000, 0x000000070f400000, 0x000000070f600000|  0%| F|  |TAMS 0x000000070f400000| PB 0x000000070f400000| Untracked |  0
|  89|0x000000070f600000, 0x000000070f600000, 0x000000070f800000|  0%| F|  |TAMS 0x000000070f600000| PB 0x000000070f600000| Untracked |  0
|  90|0x000000070f800000, 0x000000070f800000, 0x000000070fa00000|  0%| F|  |TAMS 0x000000070f800000| PB 0x000000070f800000| Untracked |  0
|  91|0x000000070fa00000, 0x000000070fa00000, 0x000000070fc00000|  0%| F|  |TAMS 0x000000070fa00000| PB 0x000000070fa00000| Untracked |  0
|  92|0x000000070fc00000, 0x000000070fc00000, 0x000000070fe00000|  0%| F|  |TAMS 0x000000070fc00000| PB 0x000000070fc00000| Untracked |  0
|  93|0x000000070fe00000, 0x000000070fe00000, 0x0000000710000000|  0%| F|  |TAMS 0x000000070fe00000| PB 0x000000070fe00000| Untracked |  0
|  94|0x0000000710000000, 0x0000000710000000, 0x0000000710200000|  0%| F|  |TAMS 0x0000000710000000| PB 0x0000000710000000| Untracked |  0
|  95|0x0000000710200000, 0x0000000710200000, 0x0000000710400000|  0%| F|  |TAMS 0x0000000710200000| PB 0x0000000710200000| Untracked |  0
|  96|0x0000000710400000, 0x0000000710400000, 0x0000000710600000|  0%| F|  |TAMS 0x0000000710400000| PB 0x0000000710400000| Untracked |  0
|  97|0x0000000710600000, 0x0000000710600000, 0x0000000710800000|  0%| F|  |TAMS 0x0000000710600000| PB 0x0000000710600000| Untracked |  0
|  98|0x0000000710800000, 0x0000000710800000, 0x0000000710a00000|  0%| F|  |TAMS 0x0000000710800000| PB 0x0000000710800000| Untracked |  0
|  99|0x0000000710a00000, 0x0000000710a00000, 0x0000000710c00000|  0%| F|  |TAMS 0x0000000710a00000| PB 0x0000000710a00000| Untracked |  0
| 100|0x0000000710c00000, 0x0000000710c00000, 0x0000000710e00000|  0%| F|  |TAMS 0x0000000710c00000| PB 0x0000000710c00000| Untracked |  0
| 101|0x0000000710e00000, 0x0000000710e00000, 0x0000000711000000|  0%| F|  |TAMS 0x0000000710e00000| PB 0x0000000710e00000| Untracked |  0
| 102|0x0000000711000000, 0x0000000711000000, 0x0000000711200000|  0%| F|  |TAMS 0x0000000711000000| PB 0x0000000711000000| Untracked |  0
| 103|0x0000000711200000, 0x0000000711200000, 0x0000000711400000|  0%| F|  |TAMS 0x0000000711200000| PB 0x0000000711200000| Untracked |  0
| 104|0x0000000711400000, 0x0000000711400000, 0x0000000711600000|  0%| F|  |TAMS 0x0000000711400000| PB 0x0000000711400000| Untracked |  0
| 105|0x0000000711600000, 0x0000000711600000, 0x0000000711800000|  0%| F|  |TAMS 0x0000000711600000| PB 0x0000000711600000| Untracked |  0
| 106|0x0000000711800000, 0x0000000711800000, 0x0000000711a00000|  0%| F|  |TAMS 0x0000000711800000| PB 0x0000000711800000| Untracked |  0
| 107|0x0000000711a00000, 0x0000000711a00000, 0x0000000711c00000|  0%| F|  |TAMS 0x0000000711a00000| PB 0x0000000711a00000| Untracked |  0
| 108|0x0000000711c00000, 0x0000000711c00000, 0x0000000711e00000|  0%| F|  |TAMS 0x0000000711c00000| PB 0x0000000711c00000| Untracked |  0
| 109|0x0000000711e00000, 0x0000000711e00000, 0x0000000712000000|  0%| F|  |TAMS 0x0000000711e00000| PB 0x0000000711e00000| Untracked |  0
| 110|0x0000000712000000, 0x0000000712000000, 0x0000000712200000|  0%| F|  |TAMS 0x0000000712000000| PB 0x0000000712000000| Untracked |  0
| 111|0x0000000712200000, 0x0000000712200000, 0x0000000712400000|  0%| F|  |TAMS 0x0000000712200000| PB 0x0000000712200000| Untracked |  0
| 112|0x0000000712400000, 0x0000000712400000, 0x0000000712600000|  0%| F|  |TAMS 0x0000000712400000| PB 0x0000000712400000| Untracked |  0
| 113|0x0000000712600000, 0x0000000712600000, 0x0000000712800000|  0%| F|  |TAMS 0x0000000712600000| PB 0x0000000712600000| Untracked |  0
| 114|0x0000000712800000, 0x0000000712800000, 0x0000000712a00000|  0%| F|  |TAMS 0x0000000712800000| PB 0x0000000712800000| Untracked |  0
| 115|0x0000000712a00000, 0x0000000712a00000, 0x0000000712c00000|  0%| F|  |TAMS 0x0000000712a00000| PB 0x0000000712a00000| Untracked |  0
| 116|0x0000000712c00000, 0x0000000712c00000, 0x0000000712e00000|  0%| F|  |TAMS 0x0000000712c00000| PB 0x0000000712c00000| Untracked |  0
| 117|0x0000000712e00000, 0x0000000712e00000, 0x0000000713000000|  0%| F|  |TAMS 0x0000000712e00000| PB 0x0000000712e00000| Untracked |  0
| 118|0x0000000713000000, 0x0000000713000000, 0x0000000713200000|  0%| F|  |TAMS 0x0000000713000000| PB 0x0000000713000000| Untracked |  0
| 119|0x0000000713200000, 0x0000000713200000, 0x0000000713400000|  0%| F|  |TAMS 0x0000000713200000| PB 0x0000000713200000| Untracked |  0
| 120|0x0000000713400000, 0x0000000713400000, 0x0000000713600000|  0%| F|  |TAMS 0x0000000713400000| PB 0x0000000713400000| Untracked |  0
| 121|0x0000000713600000, 0x0000000713600000, 0x0000000713800000|  0%| F|  |TAMS 0x0000000713600000| PB 0x0000000713600000| Untracked |  0
| 122|0x0000000713800000, 0x0000000713992378, 0x0000000713a00000| 78%| E|  |TAMS 0x0000000713800000| PB 0x0000000713800000| Complete |  0
| 123|0x0000000713a00000, 0x0000000713c00000, 0x0000000713c00000|100%| E|CS|TAMS 0x0000000713a00000| PB 0x0000000713a00000| Complete |  0
| 124|0x0000000713c00000, 0x0000000713e00000, 0x0000000713e00000|100%| E|CS|TAMS 0x0000000713c00000| PB 0x0000000713c00000| Complete |  0
| 125|0x0000000713e00000, 0x0000000714000000, 0x0000000714000000|100%| E|CS|TAMS 0x0000000713e00000| PB 0x0000000713e00000| Complete |  0

Card table byte_map: [0x000002b57d850000,0x000002b57e030000] _byte_map_base: 0x000002b57a02e000

Marking Bits: (CMBitMap*) 0x000002b57cd02280
 Bits: [0x000002b517280000, 0x000002b51b170000)

Polling page: 0x000002b57abc0000

Metaspace:

Usage:
  Non-class:      2.61 MB used.
      Class:    187.27 KB used.
       Both:      2.79 MB used.

Virtual space:
  Non-class space:       64.00 MB reserved,       2.69 MB (  4%) committed,  1 nodes.
      Class space:        1.00 GB reserved,     256.00 KB ( <1%) committed,  1 nodes.
             Both:        1.06 GB reserved,       2.94 MB ( <1%) committed. 

Chunk freelists:
   Non-Class:  10.77 MB
       Class:  15.67 MB
        Both:  26.43 MB

MaxMetaspaceSize: unlimited
CompressedClassSpaceSize: 1.00 GB
Initial GC threshold: 21.00 MB
Current GC threshold: 21.00 MB
CDS: on
 - commit_granule_bytes: 65536.
 - commit_granule_words: 8192.
 - virtual_space_node_default_size: 8388608.
 - enlarge_chunks_in_place: 1.
 - use_allocation_guard: 0.


Internal statistics:

num_allocs_failed_limit: 0.
num_arena_births: 76.
num_arena_deaths: 0.
num_vsnodes_births: 2.
num_vsnodes_deaths: 0.
num_space_committed: 47.
num_space_uncommitted: 0.
num_chunks_returned_to_freelist: 0.
num_chunks_taken_from_freelist: 143.
num_chunk_merges: 0.
num_chunk_splits: 95.
num_chunks_enlarged: 63.
num_inconsistent_stats: 0.

CodeHeap 'non-profiled nmethods': size=120000Kb used=155Kb max_used=155Kb free=119844Kb
 bounds [0x000002b50fd50000, 0x000002b50ffc0000, 0x000002b517280000]
CodeHeap 'profiled nmethods': size=120000Kb used=697Kb max_used=697Kb free=119302Kb
 bounds [0x000002b508280000, 0x000002b5084f0000, 0x000002b50f7b0000]
CodeHeap 'non-nmethods': size=5760Kb used=1566Kb max_used=1580Kb free=4193Kb
 bounds [0x000002b50f7b0000, 0x000002b50fa20000, 0x000002b50fd50000]
 total_blobs=1029 nmethods=518 adapters=416
 compilation: enabled
              stopped_count=0, restarted_count=0
 full_count=0

Compilation events (20 events):
Event: 0.208 Thread 0x000002b51d2a1fd0  507       4       java.lang.Integer::toUnsignedLong (7 bytes)
Event: 0.209 Thread 0x000002b51d2a2b70  508       3       java.lang.StringConcatHelper::initialCoder (14 bytes)
Event: 0.209 Thread 0x000002b51d2a1fd0 nmethod 507 0x000002b50fd75a10 code [0x000002b50fd75b80, 0x000002b50fd75be8]
Event: 0.209 Thread 0x000002b51d2a2b70 nmethod 508 0x000002b50832a110 code [0x000002b50832a2a0, 0x000002b50832a3b0]
Event: 0.209 Thread 0x000002b51d2a2b70  511       3       java.lang.StringConcatHelper::prepend (37 bytes)
Event: 0.209 Thread 0x000002b51d2a2b70 nmethod 511 0x000002b50832a410 code [0x000002b50832a5e0, 0x000002b50832a8a8]
Event: 0.209 Thread 0x000002b51d2a2b70  510       3       java.lang.String::concat (15 bytes)
Event: 0.210 Thread 0x000002b51d2a2b70 nmethod 510 0x000002b50832aa10 code [0x000002b50832ad40, 0x000002b50832c000]
Event: 0.210 Thread 0x000002b51d2a2b70  509       1       jdk.internal.loader.URLClassPath$Loader::getBaseURL (5 bytes)
Event: 0.210 Thread 0x000002b51d2a2b70 nmethod 509 0x000002b50fd75d10 code [0x000002b50fd75ea0, 0x000002b50fd75f70]
Event: 0.210 Thread 0x000002b51d2a2b70  512       3       sun.net.www.ParseUtil::firstEncodeIndex (86 bytes)
Event: 0.210 Thread 0x000002b51d2a2b70 nmethod 512 0x000002b50832c690 code [0x000002b50832c8c0, 0x000002b50832d240]
Event: 0.210 Thread 0x000002b51d2a2b70  513   !   3       java.io.RandomAccessFile::seek (42 bytes)
Event: 0.210 Thread 0x000002b51d2a2b70 nmethod 513 0x000002b50832d610 code [0x000002b50832d800, 0x000002b50832db30]
Event: 0.211 Thread 0x000002b51d2a2b70  515       3       java.lang.StringUTF16::compress (47 bytes)
Event: 0.211 Thread 0x000002b51d2a2b70 nmethod 515 0x000002b50832dc90 code [0x000002b50832de40, 0x000002b50832e088]
Event: 0.212 Thread 0x000002b51d2a2b70  516       1       java.security.CodeSource::getLocation (5 bytes)
Event: 0.212 Thread 0x000002b51d2a2b70 nmethod 516 0x000002b50fd76410 code [0x000002b50fd765a0, 0x000002b50fd76670]
Event: 0.212 Thread 0x000002b51d2a2b70  517       3       java.util.ArrayDeque::inc (12 bytes)
Event: 0.212 Thread 0x000002b51d2a2b70 nmethod 517 0x000002b50832e210 code [0x000002b50832e3a0, 0x000002b50832e4c8]

GC Heap History (0 events):
No events

Dll operation events (12 events):
Event: 0.011 Loaded shared library C:\Users\send2\.jdks\openjdk-22\bin\java.dll
Event: 0.046 Loaded shared library C:\Users\send2\.jdks\openjdk-22\bin\jsvml.dll
Event: 0.079 Loaded shared library C:\Users\send2\.jdks\openjdk-22\bin\zip.dll
Event: 0.082 Loaded shared library C:\Users\send2\.jdks\openjdk-22\bin\instrument.dll
Event: 0.086 Loaded shared library C:\Users\send2\.jdks\openjdk-22\bin\net.dll
Event: 0.088 Loaded shared library C:\Users\send2\.jdks\openjdk-22\bin\nio.dll
Event: 0.090 Loaded shared library C:\Users\send2\.jdks\openjdk-22\bin\zip.dll
Event: 0.111 Loaded shared library C:\Program Files\JetBrains\IntelliJ IDEA Community Edition 2023.3.4\bin\breakgen64.dll
Event: 0.119 Loaded shared library C:\Users\send2\.jdks\openjdk-22\bin\extnet.dll
Event: 0.154 Loaded shared library C:\Users\send2\.jdks\openjdk-22\bin\jimage.dll
Event: 0.173 Loaded shared library C:\Users\send2\AppData\Local\Temp\lwjgl_send2\3.3.3+5\x64\lwjgl.dll
Event: 0.183 Loaded shared library C:\Users\send2\AppData\Local\Temp\lwjgl_send2\3.3.3+5\x64\lwjgl_opengl.dll

Deoptimization events (6 events):
Event: 0.112 Thread 0x000002b57aad45b0 Uncommon trap: trap_request=0xffffff45 fr.pc=0x000002b50fd5fa64 relative=0x00000000000000c4
Event: 0.112 Thread 0x000002b57aad45b0 Uncommon trap: reason=unstable_if action=reinterpret pc=0x000002b50fd5fa64 method=java.lang.String.isLatin1()Z @ 10 c2
Event: 0.112 Thread 0x000002b57aad45b0 DEOPT PACKING pc=0x000002b50fd5fa64 sp=0x000000ecac4fede0
Event: 0.112 Thread 0x000002b57aad45b0 DEOPT UNPACKING pc=0x000002b50f807da2 sp=0x000000ecac4fed20 mode 2
Event: 0.189 Thread 0x000002b57aad45b0 DEOPT PACKING pc=0x000002b5082a7b7c sp=0x000000ecac4fa1b0
Event: 0.189 Thread 0x000002b57aad45b0 DEOPT UNPACKING pc=0x000002b50f8088e2 sp=0x000000ecac4f95d0 mode 0

Classes loaded (20 events):
Event: 0.190 Loading class java/nio/DirectFloatBufferU
Event: 0.190 Loading class java/nio/DirectFloatBufferU done
Event: 0.190 Loading class java/nio/DirectDoubleBufferU
Event: 0.190 Loading class java/nio/DirectDoubleBufferU done
Event: 0.190 Loading class sun/misc/Unsafe
Event: 0.190 Loading class sun/misc/Unsafe done
Event: 0.190 Loading class java/lang/invoke/DirectMethodHandle$StaticAccessor
Event: 0.190 Loading class java/lang/invoke/DirectMethodHandle$StaticAccessor done
Event: 0.192 Loading class java/util/function/LongPredicate
Event: 0.192 Loading class java/util/function/LongPredicate done
Event: 0.194 Loading class java/lang/foreign/MemorySegment
Event: 0.194 Loading class java/lang/foreign/MemorySegment done
Event: 0.199 Loading class java/nio/InvalidMarkException
Event: 0.199 Loading class java/nio/InvalidMarkException done
Event: 0.199 Loading class java/nio/BufferUnderflowException
Event: 0.199 Loading class java/nio/BufferUnderflowException done
Event: 0.201 Loading class java/lang/IndexOutOfBoundsException
Event: 0.201 Loading class java/lang/IndexOutOfBoundsException done
Event: 0.206 Loading class java/util/Formatter$FixedString
Event: 0.206 Loading class java/util/Formatter$FixedString done

Classes unloaded (0 events):
No events

Classes redefined (0 events):
No events

Internal exceptions (20 events):
Event: 0.135 Thread 0x000002b57aad45b0 Exception <a 'java/lang/NoSuchMethodError'{0x0000000713b2b2d0}: 'void java.lang.System.load(java.lang.String, java.lang.Class)'> (0x0000000713b2b2d0) 
thrown [s\open\src\hotspot\share\interpreter\linkResolver.cpp, line 774]
Event: 0.135 Thread 0x000002b57aad45b0 Exception <a 'java/lang/NoSuchMethodError'{0x0000000713b2bd00}: 'void java.lang.invoke.DirectMethodHandle$Holder.invokeSpecial(java.lang.Object, java.lang.Object, java.lang.Object)'> (0x0000000713b2bd00) 
thrown [s\open\src\hotspot\share\interpreter\linkResolver.cpp, line 774]
Event: 0.136 Thread 0x000002b57aad45b0 Exception <a 'java/lang/NoSuchMethodError'{0x0000000713b39920}: 'java.lang.Object java.lang.invoke.DirectMethodHandle$Holder.invokeStatic(java.lang.Object, java.lang.Object, int)'> (0x0000000713b39920) 
thrown [s\open\src\hotspot\share\interpreter\linkResolver.cpp, line 774]
Event: 0.137 Thread 0x000002b57aad45b0 Exception <a 'java/lang/NoSuchMethodError'{0x0000000713b45298}: 'void java.lang.invoke.DelegatingMethodHandle$Holder.delegate(java.lang.Object, java.lang.Object, int, java.lang.Object)'> (0x0000000713b45298) 
thrown [s\open\src\hotspot\share\interpreter\linkResolver.cpp, line 774]
Event: 0.138 Thread 0x000002b57aad45b0 Exception <a 'java/lang/NoSuchMethodError'{0x0000000713b49028}: 'int java.lang.invoke.DirectMethodHandle$Holder.invokeSpecial(java.lang.Object, java.lang.Object, java.lang.Object)'> (0x0000000713b49028) 
thrown [s\open\src\hotspot\share\interpreter\linkResolver.cpp, line 774]
Event: 0.141 Thread 0x000002b57aad45b0 Exception <a 'java/lang/NoSuchMethodError'{0x0000000713b62da0}: 'void java.lang.System.loadLibrary(java.lang.String, java.lang.Class)'> (0x0000000713b62da0) 
thrown [s\open\src\hotspot\share\interpreter\linkResolver.cpp, line 774]
Event: 0.151 Thread 0x000002b57aad45b0 Exception <a 'java/lang/NoSuchMethodError'{0x0000000713bbac38}: 'void java.lang.System.load(java.lang.String, java.lang.Class)'> (0x0000000713bbac38) 
thrown [s\open\src\hotspot\share\interpreter\linkResolver.cpp, line 774]
Event: 0.152 Thread 0x000002b57aad45b0 Exception <a 'java/lang/NoSuchMethodError'{0x0000000713bbd6a0}: 'void java.lang.System.loadLibrary(java.lang.String, java.lang.Class)'> (0x0000000713bbd6a0) 
thrown [s\open\src\hotspot\share\interpreter\linkResolver.cpp, line 774]
Event: 0.171 Thread 0x000002b57aad45b0 Exception <a 'sun/nio/fs/WindowsException'{0x0000000713bee0a0}> (0x0000000713bee0a0) 
thrown [s\open\src\hotspot\share\prims\jni.cpp, line 520]
Event: 0.171 Thread 0x000002b57aad45b0 Exception <a 'sun/nio/fs/WindowsException'{0x0000000713bee5d0}> (0x0000000713bee5d0) 
thrown [s\open\src\hotspot\share\prims\jni.cpp, line 520]
Event: 0.182 Thread 0x000002b57aad45b0 Exception <a 'sun/nio/fs/WindowsException'{0x000000071381ec78}> (0x000000071381ec78) 
thrown [s\open\src\hotspot\share\prims\jni.cpp, line 520]
Event: 0.182 Thread 0x000002b57aad45b0 Exception <a 'sun/nio/fs/WindowsException'{0x000000071381f018}> (0x000000071381f018) 
thrown [s\open\src\hotspot\share\prims\jni.cpp, line 520]
Event: 0.186 Thread 0x000002b57aad45b0 Exception <a 'sun/nio/fs/WindowsException'{0x00000007138293e0}> (0x00000007138293e0) 
thrown [s\open\src\hotspot\share\prims\jni.cpp, line 520]
Event: 0.186 Thread 0x000002b57aad45b0 Exception <a 'sun/nio/fs/WindowsException'{0x00000007138296b0}> (0x00000007138296b0) 
thrown [s\open\src\hotspot\share\prims\jni.cpp, line 520]
Event: 0.193 Thread 0x000002b57aad45b0 Exception <a 'java/lang/NoSuchMethodError'{0x0000000713879298}: 'int java.lang.invoke.DirectMethodHandle$Holder.invokeStaticInit(java.lang.Object, java.lang.Object, int, long)'> (0x0000000713879298) 
thrown [s\open\src\hotspot\share\interpreter\linkResolver.cpp, line 774]
Event: 0.193 Thread 0x000002b57aad45b0 Exception <a 'java/lang/NoSuchMethodError'{0x000000071387e650}: 'java.lang.Object java.lang.invoke.DirectMethodHandle$Holder.newInvokeSpecial(java.lang.Object, java.lang.Object, int)'> (0x000000071387e650) 
thrown [s\open\src\hotspot\share\interpreter\linkResolver.cpp, line 774]
Event: 0.196 Thread 0x000002b57aad45b0 Exception <a 'java/lang/NoSuchMethodError'{0x000000071388dd48}: 'int java.lang.invoke.DirectMethodHandle$Holder.invokeStaticInit(java.lang.Object, java.lang.Object, long, long)'> (0x000000071388dd48) 
thrown [s\open\src\hotspot\share\interpreter\linkResolver.cpp, line 774]
Event: 0.197 Thread 0x000002b57aad45b0 Exception <a 'java/lang/NoSuchMethodError'{0x0000000713893a80}: 'java.lang.Object java.lang.invoke.DirectMethodHandle$Holder.newInvokeSpecial(java.lang.Object, java.lang.Object, long)'> (0x0000000713893a80) 
thrown [s\open\src\hotspot\share\interpreter\linkResolver.cpp, line 774]
Event: 0.197 Thread 0x000002b57aad45b0 Exception <a 'java/lang/NoSuchMethodError'{0x0000000713897bd8}: 'java.lang.Object java.lang.invoke.Invokers$Holder.linkToTargetMethod(java.lang.Object, long, java.lang.Object)'> (0x0000000713897bd8) 
thrown [s\open\src\hotspot\share\interpreter\linkResolver.cpp, line 774]
Event: 0.198 Thread 0x000002b57aad45b0 Exception <a 'java/lang/NoSuchMethodError'{0x000000071389ee00}: 'int java.lang.invoke.DirectMethodHandle$Holder.invokeStaticInit(java.lang.Object, java.lang.Object, java.lang.Object, long)'> (0x000000071389ee00) 
thrown [s\open\src\hotspot\share\interpreter\linkResolver.cpp, line 774]

ZGC Phase Switch (0 events):
No events

VM Operations (4 events):
Event: 0.069 Executing VM operation: HandshakeAllThreads (Deoptimize)
Event: 0.069 Executing VM operation: HandshakeAllThreads (Deoptimize) done
Event: 0.166 Executing VM operation: HandshakeAllThreads (Deoptimize)
Event: 0.166 Executing VM operation: HandshakeAllThreads (Deoptimize) done

Events (12 events):
Event: 0.030 Thread 0x000002b57aad45b0 Thread added: 0x000002b57aad45b0
Event: 0.043 Thread 0x000002b57e44e130 Thread added: 0x000002b57e44e130
Event: 0.043 Thread 0x000002b51d2802e0 Thread added: 0x000002b51d2802e0
Event: 0.043 Thread 0x000002b51d285b10 Thread added: 0x000002b51d285b10
Event: 0.043 Thread 0x000002b51d286bc0 Thread added: 0x000002b51d286bc0
Event: 0.043 Thread 0x000002b51d295740 Thread added: 0x000002b51d295740
Event: 0.043 Thread 0x000002b51d2982f0 Thread added: 0x000002b51d2982f0
Event: 0.043 Thread 0x000002b51d2a1fd0 Thread added: 0x000002b51d2a1fd0
Event: 0.044 Thread 0x000002b51d2a2b70 Thread added: 0x000002b51d2a2b70
Event: 0.064 Thread 0x000002b51d298980 Thread added: 0x000002b51d298980
Event: 0.111 Thread 0x000002b51d299d30 Thread added: 0x000002b51d299d30
Event: 0.112 Thread 0x000002b51d299010 Thread added: 0x000002b51d299010


Dynamic libraries:
0x00007ff731d80000 - 0x00007ff731d8e000 	C:\Users\send2\.jdks\openjdk-22\bin\java.exe
0x00007ff919050000 - 0x00007ff919248000 	C:\Windows\SYSTEM32\ntdll.dll
0x00007ff917ee0000 - 0x00007ff917f9d000 	C:\Windows\System32\KERNEL32.DLL
0x00007ff916700000 - 0x00007ff9169f6000 	C:\Windows\System32\KERNELBASE.dll
0x0000000068740000 - 0x0000000068a72000 	C:\Program Files\Norton Security\NortonData\22.21.6.53\Definitions\IPSDefs\20240328.064\IPSEng64.dll
0x00007ff917080000 - 0x00007ff917130000 	C:\Windows\System32\ADVAPI32.dll
0x00007ff918d80000 - 0x00007ff918e1e000 	C:\Windows\System32\msvcrt.dll
0x00007ff9182e0000 - 0x00007ff918380000 	C:\Windows\System32\sechost.dll
0x00007ff918510000 - 0x00007ff918635000 	C:\Windows\System32\RPCRT4.dll
0x00007ff916d70000 - 0x00007ff916d97000 	C:\Windows\System32\bcrypt.dll
0x00007ff917130000 - 0x00007ff917138000 	C:\Windows\System32\PSAPI.DLL
0x00007ff916da0000 - 0x00007ff916ea0000 	C:\Windows\System32\ucrtbase.dll
0x00007ff911220000 - 0x00007ff911237000 	C:\Users\send2\.jdks\openjdk-22\bin\jli.dll
0x00007ff90d960000 - 0x00007ff90d97b000 	C:\Users\send2\.jdks\openjdk-22\bin\VCRUNTIME140.dll
0x00007ff918a80000 - 0x00007ff918c1e000 	C:\Windows\System32\USER32.dll
0x00007ff916ea0000 - 0x00007ff916ec2000 	C:\Windows\System32\win32u.dll
0x00007ff8f1500000 - 0x00007ff8f179a000 	C:\Windows\WinSxS\amd64_microsoft.windows.common-controls_6595b64144ccf1df_6.0.19041.3636_none_60b6a03d71f818d5\COMCTL32.dll
0x00007ff918d50000 - 0x00007ff918d7b000 	C:\Windows\System32\GDI32.dll
0x00007ff916f60000 - 0x00007ff917077000 	C:\Windows\System32\gdi32full.dll
0x00007ff916ab0000 - 0x00007ff916b4d000 	C:\Windows\System32\msvcp_win.dll
0x00007ff918fd0000 - 0x00007ff919002000 	C:\Windows\System32\IMM32.DLL
0x00007ff90d9d0000 - 0x00007ff90d9dc000 	C:\Users\send2\.jdks\openjdk-22\bin\vcruntime140_1.dll
0x00007ff9045b0000 - 0x00007ff90463e000 	C:\Users\send2\.jdks\openjdk-22\bin\msvcp140.dll
0x00007ff8bf440000 - 0x00007ff8c0188000 	C:\Users\send2\.jdks\openjdk-22\bin\server\jvm.dll
0x00007ff9184a0000 - 0x00007ff91850b000 	C:\Windows\System32\WS2_32.dll
0x00007ff915ca0000 - 0x00007ff915ceb000 	C:\Windows\SYSTEM32\POWRPROF.dll
0x00007ff913a40000 - 0x00007ff913a67000 	C:\Windows\SYSTEM32\WINMM.dll
0x00007ff90c830000 - 0x00007ff90c83a000 	C:\Windows\SYSTEM32\VERSION.dll
0x00007ff915b10000 - 0x00007ff915b22000 	C:\Windows\SYSTEM32\UMPDC.dll
0x00007ff914f40000 - 0x00007ff914f52000 	C:\Windows\SYSTEM32\kernel.appcore.dll
0x00007ff90d950000 - 0x00007ff90d95a000 	C:\Users\send2\.jdks\openjdk-22\bin\jimage.dll
0x00007ff914580000 - 0x00007ff914764000 	C:\Windows\SYSTEM32\DBGHELP.DLL
0x00007ff913a00000 - 0x00007ff913a34000 	C:\Windows\SYSTEM32\dbgcore.DLL
0x00007ff916ed0000 - 0x00007ff916f52000 	C:\Windows\System32\bcryptPrimitives.dll
0x00007ff909a40000 - 0x00007ff909a4f000 	C:\Users\send2\.jdks\openjdk-22\bin\instrument.dll
0x00007ff909a20000 - 0x00007ff909a3e000 	C:\Users\send2\.jdks\openjdk-22\bin\java.dll
0x00007ff917260000 - 0x00007ff9179cb000 	C:\Windows\System32\SHELL32.dll
0x00007ff9181b0000 - 0x00007ff9182db000 	C:\Windows\System32\ole32.dll
0x00007ff918640000 - 0x00007ff918993000 	C:\Windows\System32\combase.dll
0x00007ff914790000 - 0x00007ff914f2e000 	C:\Windows\SYSTEM32\windows.storage.dll
0x00007ff916130000 - 0x00007ff91615e000 	C:\Windows\SYSTEM32\Wldp.dll
0x00007ff918080000 - 0x00007ff91814d000 	C:\Windows\System32\OLEAUT32.dll
0x00007ff917fb0000 - 0x00007ff91805d000 	C:\Windows\System32\SHCORE.dll
0x00007ff918150000 - 0x00007ff9181a5000 	C:\Windows\System32\shlwapi.dll
0x00007ff916630000 - 0x00007ff916655000 	C:\Windows\SYSTEM32\profapi.dll
0x00007ff902f40000 - 0x00007ff903017000 	C:\Users\send2\.jdks\openjdk-22\bin\jsvml.dll
0x00007ff909360000 - 0x00007ff909377000 	C:\Users\send2\.jdks\openjdk-22\bin\zip.dll
0x00007ff909a10000 - 0x00007ff909a20000 	C:\Users\send2\.jdks\openjdk-22\bin\net.dll
0x00007ff915e90000 - 0x00007ff915efa000 	C:\Windows\system32\mswsock.dll
0x00007ff909490000 - 0x00007ff9094a6000 	C:\Users\send2\.jdks\openjdk-22\bin\nio.dll
0x00007ff909340000 - 0x00007ff90935a000 	C:\Program Files\JetBrains\IntelliJ IDEA Community Edition 2023.3.4\bin\breakgen64.dll
0x00007ff9099d0000 - 0x00007ff9099d9000 	C:\Users\send2\.jdks\openjdk-22\bin\extnet.dll
0x00007ff8ec090000 - 0x00007ff8ec10b000 	C:\Users\send2\AppData\Local\Temp\lwjgl_send2\3.3.3+5\x64\lwjgl.dll
0x00007ff904550000 - 0x00007ff9045ae000 	C:\Users\send2\AppData\Local\Temp\lwjgl_send2\3.3.3+5\x64\lwjgl_opengl.dll
0x00007ff8f13d0000 - 0x00007ff8f14f5000 	C:\Windows\SYSTEM32\opengl32.dll
0x00007ff908270000 - 0x00007ff90829c000 	C:\Windows\SYSTEM32\GLU32.dll

dbghelp: loaded successfully - version: 4.0.5 - missing functions: none
symbol engine: initialized successfully - sym options: 0x614 - pdb path: .;C:\Users\send2\.jdks\openjdk-22\bin;C:\Windows\SYSTEM32;C:\Program Files\Norton Security\NortonData\22.21.6.53\Definitions\IPSDefs\20240328.064;C:\Windows\WinSxS\amd64_microsoft.windows.common-controls_6595b64144ccf1df_6.0.19041.3636_none_60b6a03d71f818d5;C:\Users\send2\.jdks\openjdk-22\bin\server;C:\Program Files\JetBrains\IntelliJ IDEA Community Edition 2023.3.4\bin;C:\Users\send2\AppData\Local\Temp\lwjgl_send2\3.3.3+5\x64

VM Arguments:
jvm_args: --enable-preview -javaagent:C:\Program Files\JetBrains\IntelliJ IDEA Community Edition 2023.3.4\lib\idea_rt.jar=51597:C:\Program Files\JetBrains\IntelliJ IDEA Community Edition 2023.3.4\bin -Dfile.encoding=UTF-8 -Dsun.stdout.encoding=UTF-8 -Dsun.stderr.encoding=UTF-8 
java_command: Main
java_class_path (initial): C:\Users\send2\IdeaProjects\Tileset_Turnbased\out\production\Tileset_Turnbased;C:\Users\send2\IdeaProjects\_Libs\LWJGL_MinOpenGL\lwjgl-assimp-natives-windows.jar;C:\Users\send2\IdeaProjects\_Libs\LWJGL_MinOpenGL\lwjgl-assimp.jar;C:\Users\send2\IdeaProjects\_Libs\LWJGL_MinOpenGL\lwjgl-glfw-natives-windows.jar;C:\Users\send2\IdeaProjects\_Libs\LWJGL_MinOpenGL\lwjgl-glfw.jar;C:\Users\send2\IdeaProjects\_Libs\LWJGL_MinOpenGL\lwjgl-natives-windows.jar;C:\Users\send2\IdeaProjects\_Libs\LWJGL_MinOpenGL\lwjgl-openal-natives-windows.jar;C:\Users\send2\IdeaProjects\_Libs\LWJGL_MinOpenGL\lwjgl-openal.jar;C:\Users\send2\IdeaProjects\_Libs\LWJGL_MinOpenGL\lwjgl-opengl-natives-windows.jar;C:\Users\send2\IdeaProjects\_Libs\LWJGL_MinOpenGL\lwjgl-opengl.jar;C:\Users\send2\IdeaProjects\_Libs\LWJGL_MinOpenGL\lwjgl-stb-natives-windows.jar;C:\Users\send2\IdeaProjects\_Libs\LWJGL_MinOpenGL\lwjgl-stb.jar;C:\Users\send2\IdeaProjects\_Libs\LWJGL_MinOpenGL\lwjgl.jar
Launcher Type: SUN_STANDARD

[Global flags]
     intx CICompilerCount                          = 4                                         {product} {ergonomic}
     uint ConcGCThreads                            = 2                                         {product} {ergonomic}
     uint G1ConcRefinementThreads                  = 8                                         {product} {ergonomic}
   size_t G1HeapRegionSize                         = 2097152                                   {product} {ergonomic}
   size_t InitialHeapSize                          = 264241152                                 {product} {ergonomic}
   size_t MarkStackSize                            = 4194304                                   {product} {ergonomic}
   size_t MaxHeapSize                              = 4223664128                                {product} {ergonomic}
   size_t MaxNewSize                               = 2533359616                                {product} {ergonomic}
   size_t MinHeapDeltaBytes                        = 2097152                                   {product} {ergonomic}
   size_t MinHeapSize                              = 8388608                                   {product} {ergonomic}
    uintx NonNMethodCodeHeapSize                   = 5839372                                {pd product} {ergonomic}
    uintx NonProfiledCodeHeapSize                  = 122909434                              {pd product} {ergonomic}
    uintx ProfiledCodeHeapSize                     = 122909434                              {pd product} {ergonomic}
    uintx ReservedCodeCacheSize                    = 251658240                              {pd product} {ergonomic}
     bool SegmentedCodeCache                       = true                                      {product} {ergonomic}
   size_t SoftMaxHeapSize                          = 4223664128                             {manageable} {ergonomic}
     bool UseCompressedOops                        = true                           {product lp64_product} {ergonomic}
     bool UseG1GC                                  = true                                      {product} {ergonomic}
     bool UseLargePagesIndividualAllocation        = false                                  {pd product} {ergonomic}

Logging:
Log output configuration:
 #0: stdout all=warning uptime,level,tags foldmultilines=false
 #1: stderr all=off uptime,level,tags foldmultilines=false

Environment Variables:
JAVA_HOME=C:\Users\send2\.jdks\azul-1.8.0_402
PATH=C:\Users\send2\.jdks\azul-1.8.0_402\bin;C:\Program Files\Common Files\Oracle\Java\javapath;C:\Program Files (x86)\Common Files\Oracle\Java\javapath;C:\Program Files (x86)\VMware\VMware Player\bin\;C:\Program Files\Microsoft\jdk-11.0.16.101-hotspot\bin;C:\Program Files (x86)\Razer\ChromaBroadcast\bin;C:\Program Files\Razer\ChromaBroadcast\bin;C:\Windows\system32;C:\Windows;C:\Windows\System32\Wbem;C:\Windows\System32\WindowsPowerShell\v1.0\;C:\Windows\System32\OpenSSH\;C:\Program Files\NVIDIA Corporation\NVIDIA NvDLISR;C:\Program Files\dotnet\;C:\Users\send2\OneDrive\Desktop\Coding Projects\PuTTY\;C:\Windows\system32\config\systemprofile\AppData\Local\Microsoft\WindowsApps;C:\Program Files\Git\cmd;C:\Ruby31-x64\bin;C:\Users\send2\AppData\Local\Programs\Eclipse Foundation\jdk-11.0.12.7-hotspot\bin;C:\Users\send2\AppData\Local\Microsoft\WindowsApps;C:\Users\send2\AppData\Local\Programs\Microsoft VS Code\bin;C:\Users\send2\.dotnet\tools
USERNAME=send2
OS=Windows_NT
PROCESSOR_IDENTIFIER=Intel64 Family 6 Model 140 Stepping 1, GenuineIntel
TMP=C:\Users\send2\AppData\Local\Temp
TEMP=C:\Users\send2\AppData\Local\Temp




Periodic native trim disabled

---------------  S Y S T E M  ---------------

OS:
 Windows 10 , 64 bit Build 19041 (10.0.19041.3636)
OS uptime: 4 days 23:14 hours

CPU: total 8 (initial active 8) (4 cores per cpu, 2 threads per core) family 6 model 140 stepping 1 microcode 0xb4, cx8, cmov, fxsr, ht, mmx, 3dnowpref, sse, sse2, sse3, ssse3, sse4.1, sse4.2, popcnt, lzcnt, tsc, tscinvbit, avx, avx2, aes, erms, clmul, bmi1, bmi2, adx, avx512f, avx512dq, avx512cd, avx512bw, avx512vl, sha, fma, vzeroupper, avx512_vpopcntdq, avx512_vpclmulqdq, avx512_vaes, avx512_vnni, clflush, clflushopt, clwb, avx512_vbmi2, avx512_vbmi, rdtscp, rdpid, fsrm, gfni, avx512_bitalg, f16c, pku, cet_ibt, cet_ss, avx512_ifma
Processor Information for all 8 processors :
  Max Mhz: 1690, Current Mhz: 1690, Mhz Limit: 1690

Memory: 4k page, system-wide physical 16106M (5259M free)
TotalPageFile size 18538M (AvailPageFile size 2772M)
current process WorkingSet (physical memory assigned to process): 50M, peak: 50M
current process commit charge ("private bytes"): 342M, peak: 342M

vm_info: OpenJDK 64-Bit Server VM (22+36-2370) for windows-amd64 JRE (22+36-2370), built on 2024-02-15T22:15:19Z by "mach5one" with MS VC++ 17.6 (VS2022)

END.
