#
# A fatal error has been detected by the Java Runtime Environment:
#
#  EXCEPTION_ACCESS_VIOLATION (0xc0000005) at pc=0x00007ff8e9ddfbdd, pid=23144, tid=4560
#
# JRE version: OpenJDK Runtime Environment (22.0+36) (build 22+36-2370)
# Java VM: OpenJDK 64-Bit Server VM (22+36-2370, mixed mode, sharing, tiered, compressed oops, compressed class ptrs, g1 gc, windows-amd64)
# Problematic frame:
# C  [lwjgl_opengl.dll+0xfbdd]
#
# No core dump will be written. Minidumps are not enabled by default on client versions of Windows
#
# If you would like to submit a bug report, please visit:
#   https://bugreport.java.com/bugreport/crash.jsp
# The crash happened outside the Java Virtual Machine in native code.
# See problematic frame for where to report the bug.
#

---------------  S U M M A R Y ------------

Command Line: -agentlib:jdwp=transport=dt_socket,address=127.0.0.1:51656,suspend=y,server=n --enable-preview -javaagent:C:\Users\send2\AppData\Local\JetBrains\IdeaIC2023.3\captureAgent\debugger-agent.jar -Dfile.encoding=UTF-8 -Dsun.stdout.encoding=UTF-8 -Dsun.stderr.encoding=UTF-8 Main

Host: 11th Gen Intel(R) Core(TM) i7-1165G7 @ 2.80GHz, 8 cores, 15G,  Windows 10 , 64 bit Build 19041 (10.0.19041.3636)
Time: Sat Mar 30 18:42:07 2024 Eastern Daylight Time elapsed time: 14.019061 seconds (0d 0h 0m 14s)

---------------  T H R E A D  ---------------

Current thread (0x00000199b9703b10):  JavaThread "main"             [_thread_in_native, id=4560, stack(0x00000011fa600000,0x00000011fa700000) (1024K)]

Stack: [0x00000011fa600000,0x00000011fa700000],  sp=0x00000011fa6ff268,  free space=1020k
Native frames: (J=compiled Java code, j=interpreted, Vv=VM code, C=native code)
C  [lwjgl_opengl.dll+0xfbdd]  (no source info available)

Java frames: (J=compiled Java code, j=interpreted, Vv=VM code)
j  org.lwjgl.opengl.GL30C.nglGenVertexArrays(IJ)V+0
j  org.lwjgl.opengl.GL30C.glGenVertexArrays()I+20
j  org.lwjgl.opengl.GL30.glGenVertexArrays()I+0
j  rendering.MeshRenderer.genVAO()I+0
j  rendering.MeshRenderer.createMesh([F[I)Lrendering/Mesh;+0
j  Main.main([Ljava/lang/String;)V+77
v  ~StubRoutines::call_stub 0x00000199cb26100d

siginfo: EXCEPTION_ACCESS_VIOLATION (0xc0000005), reading address 0x00000000000013c8


Registers:
RAX=0x00000199dad1c3d0, RBX=0x0000019a1c4ffea0, RCX=0x0000000000000001, RDX=0x00000199daa95ccc
RSP=0x00000011fa6ff268, RBP=0x00000011fa6ff2f8, RSI=0x0000019a1c007c68, RDI=0x00000199cb26952f
R8 =0x0000000000000001, R9 =0x00000199daa95ccc, R10=0x0000000000000000, R11=0x00000007137d8120
R12=0x0000000000000000, R13=0x0000019a1c4ffea0, R14=0x00000011fa6ff328, R15=0x00000199b9703b10
RIP=0x00007ff8e9ddfbdd, EFLAGS=0x0000000000010202


Register to memory mapping:

RAX=0x00000199dad1c3d0 points into unknown readable memory: 0x0000000000000000 | 00 00 00 00 00 00 00 00
RBX={method} {0x0000019a1c4ffea8} 'nglGenVertexArrays' '(IJ)V' in 'org/lwjgl/opengl/GL30C'
RCX=0x0000000000000001 is an unknown value
RDX=0x00000199daa95ccc points into unknown readable memory: 00 00 00 00
RSP=0x00000011fa6ff268 is pointing into the stack for thread: 0x00000199b9703b10
RBP=0x00000011fa6ff2f8 is pointing into the stack for thread: 0x00000199b9703b10
RSI=0x0000019a1c007c68 is pointing into metadata
RDI=0x00000199cb26952f is at code_begin+4271 in an Interpreter codelet
return entry points  [0x00000199cb268480, 0x00000199cb26a680]  8704 bytes
R8 =0x0000000000000001 is an unknown value
R9 =0x00000199daa95ccc points into unknown readable memory: 00 00 00 00
R10=0x0 is null
R11=0x00000007137d8120 is an oop: java.lang.Class 
{0x00000007137d8120} - klass: 'java/lang/Class'
 - ---- fields (total size 130 words):
 - private volatile transient 'classRedefinedCount' 'I' @12  0 (0x00000000)
 - injected 'klass' 'J' @16  1760332706896 (0x00000199dc017450)
 - injected 'array_klass' 'J' @24  0 (0x0000000000000000)
 - injected 'oop_size' 'I' @32  130 (0x00000082)
 - injected 'static_oop_field_count' 'I' @36  0 (0x00000000)
 - private volatile transient 'cachedConstructor' 'Ljava/lang/reflect/Constructor;' @40  null (0x00000000)
 - private transient 'name' 'Ljava/lang/String;' @44  "org.lwjgl.opengl.GL30C"{0x00000007137d8530} (0xe26fb0a6)
 - private transient 'module' 'Ljava/lang/Module;' @48  a 'java/lang/Module'{0x0000000713e67ae8} (0xe27ccf5d)
 - private final 'classLoader' 'Ljava/lang/ClassLoader;' @52  a 'jdk/internal/loader/ClassLoaders$AppClassLoader'{0x0000000713e67928} (0xe27ccf25)
 - private transient 'classData' 'Ljava/lang/Object;' @56  null (0x00000000)
 - private transient 'packageName' 'Ljava/lang/String;' @60  "org.lwjgl.opengl"{0x0000000713ae4438} (0xe275c887)
 - private final 'componentType' 'Ljava/lang/Class;' @64  null (0x00000000)
 - private volatile transient 'reflectionData' 'Ljava/lang/ref/SoftReference;' @68  null (0x00000000)
 - private volatile transient 'genericInfo' 'Lsun/reflect/generics/repository/ClassRepository;' @72  null (0x00000000)
 - private volatile transient 'enumConstants' '[Ljava/lang/Object;' @76  null (0x00000000)
 - private volatile transient 'enumConstantDirectory' 'Ljava/util/Map;' @80  null (0x00000000)
 - private volatile transient 'annotationData' 'Ljava/lang/Class$AnnotationData;' @84  null (0x00000000)
 - private volatile transient 'annotationType' 'Lsun/reflect/annotation/AnnotationType;' @88  null (0x00000000)
 - transient 'classValueMap' 'Ljava/lang/ClassValue$ClassValueMap;' @92  null (0x00000000)
 - injected 'protection_domain' 'Ljava/lang/Object;' @96  a 'java/security/ProtectionDomain'{0x0000000713b00f80} (0xe27601f0)
 - injected 'signers_name' 'Ljava/lang/Object;' @100  null (0x00000000)
 - injected 'source_file' 'Ljava/lang/Object;' @104  null (0x00000000)
 - signature: Lorg/lwjgl/opengl/GL30C;
 - ---- static fields (0):
 - public static final 'GL_MAJOR_VERSION' 'I' @112  33307 (0x0000821b)
 - public static final 'GL_MINOR_VERSION' 'I' @116  33308 (0x0000821c)
 - public static final 'GL_NUM_EXTENSIONS' 'I' @120  33309 (0x0000821d)
 - public static final 'GL_CONTEXT_FLAGS' 'I' @124  33310 (0x0000821e)
 - public static final 'GL_CONTEXT_FLAG_FORWARD_COMPATIBLE_BIT' 'I' @128  1 (0x00000001)
 - public static final 'GL_COMPARE_REF_TO_TEXTURE' 'I' @132  34894 (0x0000884e)
 - public static final 'GL_CLIP_DISTANCE0' 'I' @136  12288 (0x00003000)
 - public static final 'GL_CLIP_DISTANCE1' 'I' @140  12289 (0x00003001)
 - public static final 'GL_CLIP_DISTANCE2' 'I' @144  12290 (0x00003002)
 - public static final 'GL_CLIP_DISTANCE3' 'I' @148  12291 (0x00003003)
 - public static final 'GL_CLIP_DISTANCE4' 'I' @152  12292 (0x00003004)
 - public static final 'GL_CLIP_DISTANCE5' 'I' @156  12293 (0x00003005)
 - public static final 'GL_CLIP_DISTANCE6' 'I' @160  12294 (0x00003006)
 - public static final 'GL_CLIP_DISTANCE7' 'I' @164  12295 (0x00003007)
 - public static final 'GL_MAX_CLIP_DISTANCES' 'I' @168  3378 (0x00000d32)
 - public static final 'GL_MAX_VARYING_COMPONENTS' 'I' @172  35659 (0x00008b4b)
 - public static final 'GL_VERTEX_ATTRIB_ARRAY_INTEGER' 'I' @176  35069 (0x000088fd)
 - public static final 'GL_SAMPLER_1D_ARRAY' 'I' @180  36288 (0x00008dc0)
 - public static final 'GL_SAMPLER_2D_ARRAY' 'I' @184  36289 (0x00008dc1)
 - public static final 'GL_SAMPLER_1D_ARRAY_SHADOW' 'I' @188  36291 (0x00008dc3)
 - public static final 'GL_SAMPLER_2D_ARRAY_SHADOW' 'I' @192  36292 (0x00008dc4)
 - public static final 'GL_SAMPLER_CUBE_SHADOW' 'I' @196  36293 (0x00008dc5)
 - public static final 'GL_UNSIGNED_INT_VEC2' 'I' @200  36294 (0x00008dc6)
 - public static final 'GL_UNSIGNED_INT_VEC3' 'I' @204  36295 (0x00008dc7)
 - public static final 'GL_UNSIGNED_INT_VEC4' 'I' @208  36296 (0x00008dc8)
 - public static final 'GL_INT_SAMPLER_1D' 'I' @212  36297 (0x00008dc9)
 - public static final 'GL_INT_SAMPLER_2D' 'I' @216  36298 (0x00008dca)
 - public static final 'GL_INT_SAMPLER_3D' 'I' @220  36299 (0x00008dcb)
 - public static final 'GL_INT_SAMPLER_CUBE' 'I' @224  36300 (0x00008dcc)
 - public static final 'GL_INT_SAMPLER_1D_ARRAY' 'I' @228  36302 (0x00008dce)
 - public static final 'GL_INT_SAMPLER_2D_ARRAY' 'I' @232  36303 (0x00008dcf)
 - public static final 'GL_UNSIGNED_INT_SAMPLER_1D' 'I' @236  36305 (0x00008dd1)
 - public static final 'GL_UNSIGNED_INT_SAMPLER_2D' 'I' @240  36306 (0x00008dd2)
 - public static final 'GL_UNSIGNED_INT_SAMPLER_3D' 'I' @244  36307 (0x00008dd3)
 - public static final 'GL_UNSIGNED_INT_SAMPLER_CUBE' 'I' @248  36308 (0x00008dd4)
 - public static final 'GL_UNSIGNED_INT_SAMPLER_1D_ARRAY' 'I' @252  36310 (0x00008dd6)
 - public static final 'GL_UNSIGNED_INT_SAMPLER_2D_ARRAY' 'I' @256  36311 (0x00008dd7)
 - public static final 'GL_MIN_PROGRAM_TEXEL_OFFSET' 'I' @260  35076 (0x00008904)
 - public static final 'GL_MAX_PROGRAM_TEXEL_OFFSET' 'I' @264  35077 (0x00008905)
 - public static final 'GL_QUERY_WAIT' 'I' @268  36371 (0x00008e13)
 - public static final 'GL_QUERY_NO_WAIT' 'I' @272  36372 (0x00008e14)
 - public static final 'GL_QUERY_BY_REGION_WAIT' 'I' @276  36373 (0x00008e15)
 - public static final 'GL_QUERY_BY_REGION_NO_WAIT' 'I' @280  36374 (0x00008e16)
 - public static final 'GL_MAP_READ_BIT' 'I' @284  1 (0x00000001)
 - public static final 'GL_MAP_WRITE_BIT' 'I' @288  2 (0x00000002)
 - public static final 'GL_MAP_INVALIDATE_RANGE_BIT' 'I' @292  4 (0x00000004)
 - public static final 'GL_MAP_INVALIDATE_BUFFER_BIT' 'I' @296  8 (0x00000008)
 - public static final 'GL_MAP_FLUSH_EXPLICIT_BIT' 'I' @300  16 (0x00000010)
 - public static final 'GL_MAP_UNSYNCHRONIZED_BIT' 'I' @304  32 (0x00000020)
 - public static final 'GL_BUFFER_ACCESS_FLAGS' 'I' @308  37151 (0x0000911f)
 - public static final 'GL_BUFFER_MAP_LENGTH' 'I' @312  37152 (0x00009120)
 - public static final 'GL_BUFFER_MAP_OFFSET' 'I' @316  37153 (0x00009121)
 - public static final 'GL_CLAMP_READ_COLOR' 'I' @320  35100 (0x0000891c)
 - public static final 'GL_FIXED_ONLY' 'I' @324  35101 (0x0000891d)
 - public static final 'GL_DEPTH_COMPONENT32F' 'I' @328  36012 (0x00008cac)
 - public static final 'GL_DEPTH32F_STENCIL8' 'I' @332  36013 (0x00008cad)
 - public static final 'GL_FLOAT_32_UNSIGNED_INT_24_8_REV' 'I' @336  36269 (0x00008dad)
 - public static final 'GL_TEXTURE_RED_TYPE' 'I' @340  35856 (0x00008c10)
 - public static final 'GL_TEXTURE_GREEN_TYPE' 'I' @344  35857 (0x00008c11)
 - public static final 'GL_TEXTURE_BLUE_TYPE' 'I' @348  35858 (0x00008c12)
 - public static final 'GL_TEXTURE_ALPHA_TYPE' 'I' @352  35859 (0x00008c13)
 - public static final 'GL_TEXTURE_DEPTH_TYPE' 'I' @356  35862 (0x00008c16)
 - public static final 'GL_UNSIGNED_NORMALIZED' 'I' @360  35863 (0x00008c17)
 - public static final 'GL_RGBA32F' 'I' @364  34836 (0x00008814)
 - public static final 'GL_RGB32F' 'I' @368  34837 (0x00008815)
 - public static final 'GL_RGBA16F' 'I' @372  34842 (0x0000881a)
 - public static final 'GL_RGB16F' 'I' @376  34843 (0x0000881b)
 - public static final 'GL_R11F_G11F_B10F' 'I' @380  35898 (0x00008c3a)
 - public static final 'GL_UNSIGNED_INT_10F_11F_11F_REV' 'I' @384  35899 (0x00008c3b)
 - public static final 'GL_RGB9_E5' 'I' @388  35901 (0x00008c3d)
 - public static final 'GL_UNSIGNED_INT_5_9_9_9_REV' 'I' @392  35902 (0x00008c3e)
 - public static final 'GL_TEXTURE_SHARED_SIZE' 'I' @396  35903 (0x00008c3f)
 - public static final 'GL_FRAMEBUFFER' 'I' @400  36160 (0x00008d40)
 - public static final 'GL_READ_FRAMEBUFFER' 'I' @404  36008 (0x00008ca8)
 - public static final 'GL_DRAW_FRAMEBUFFER' 'I' @408  36009 (0x00008ca9)
 - public static final 'GL_RENDERBUFFER' 'I' @412  36161 (0x00008d41)
 - public static final 'GL_STENCIL_INDEX1' 'I' @416  36166 (0x00008d46)
 - public static final 'GL_STENCIL_INDEX4' 'I' @420  36167 (0x00008d47)
 - public static final 'GL_STENCIL_INDEX8' 'I' @424  36168 (0x00008d48)
 - public static final 'GL_STENCIL_INDEX16' 'I' @428  36169 (0x00008d49)
 - public static final 'GL_RENDERBUFFER_WIDTH' 'I' @432  36162 (0x00008d42)
 - public static final 'GL_RENDERBUFFER_HEIGHT' 'I' @436  36163 (0x00008d43)
 - public static final 'GL_RENDERBUFFER_INTERNAL_FORMAT' 'I' @440  36164 (0x00008d44)
 - public static final 'GL_RENDERBUFFER_RED_SIZE' 'I' @444  36176 (0x00008d50)
 - public static final 'GL_RENDERBUFFER_GREEN_SIZE' 'I' @448  36177 (0x00008d51)
 - public static final 'GL_RENDERBUFFER_BLUE_SIZE' 'I' @452  36178 (0x00008d52)
 - public static final 'GL_RENDERBUFFER_ALPHA_SIZE' 'I' @456  36179 (0x00008d53)
 - public static final 'GL_RENDERBUFFER_DEPTH_SIZE' 'I' @460  36180 (0x00008d54)
 - public static final 'GL_RENDERBUFFER_STENCIL_SIZE' 'I' @464  36181 (0x00008d55)
 - public static final 'GL_RENDERBUFFER_SAMPLES' 'I' @468  36011 (0x00008cab)
 - public static final 'GL_FRAMEBUFFER_ATTACHMENT_OBJECT_TYPE' 'I' @472  36048 (0x00008cd0)
 - public static final 'GL_FRAMEBUFFER_ATTACHMENT_OBJECT_NAME' 'I' @476  36049 (0x00008cd1)
 - public static final 'GL_FRAMEBUFFER_ATTACHMENT_TEXTURE_LEVEL' 'I' @480  36050 (0x00008cd2)
 - public static final 'GL_FRAMEBUFFER_ATTACHMENT_TEXTURE_CUBE_MAP_FACE' 'I' @484  36051 (0x00008cd3)
 - public static final 'GL_FRAMEBUFFER_ATTACHMENT_TEXTURE_LAYER' 'I' @488  36052 (0x00008cd4)
 - public static final 'GL_FRAMEBUFFER_ATTACHMENT_COLOR_ENCODING' 'I' @492  33296 (0x00008210)
 - public static final 'GL_FRAMEBUFFER_ATTACHMENT_COMPONENT_TYPE' 'I' @496  33297 (0x00008211)
 - public static final 'GL_FRAMEBUFFER_ATTACHMENT_RED_SIZE' 'I' @500  33298 (0x00008212)
 - public static final 'GL_FRAMEBUFFER_ATTACHMENT_GREEN_SIZE' 'I' @504  33299 (0x00008213)
 - public static final 'GL_FRAMEBUFFER_ATTACHMENT_BLUE_SIZE' 'I' @508  33300 (0x00008214)
 - public static final 'GL_FRAMEBUFFER_ATTACHMENT_ALPHA_SIZE' 'I' @512  33301 (0x00008215)
 - public static final 'GL_FRAMEBUFFER_ATTACHMENT_DEPTH_SIZE' 'I' @516  33302 (0x00008216)
 - public static final 'GL_FRAMEBUFFER_ATTACHMENT_STENCIL_SIZE' 'I' @520  33303 (0x00008217)
 - public static final 'GL_FRAMEBUFFER_DEFAULT' 'I' @524  33304 (0x00008218)
 - public static final 'GL_COLOR_ATTACHMENT0' 'I' @528  36064 (0x00008ce0)
 - public static final 'GL_COLOR_ATTACHMENT1' 'I' @532  36065 (0x00008ce1)
 - public static final 'GL_COLOR_ATTACHMENT2' 'I' @536  36066 (0x00008ce2)
 - public static final 'GL_COLOR_ATTACHMENT3' 'I' @540  36067 (0x00008ce3)
 - public static final 'GL_COLOR_ATTACHMENT4' 'I' @544  36068 (0x00008ce4)
 - public static final 'GL_COLOR_ATTACHMENT5' 'I' @548  36069 (0x00008ce5)
 - public static final 'GL_COLOR_ATTACHMENT6' 'I' @552  36070 (0x00008ce6)
 - public static final 'GL_COLOR_ATTACHMENT7' 'I' @556  36071 (0x00008ce7)
 - public static final 'GL_COLOR_ATTACHMENT8' 'I' @560  36072 (0x00008ce8)
 - public static final 'GL_COLOR_ATTACHMENT9' 'I' @564  36073 (0x00008ce9)
 - public static final 'GL_COLOR_ATTACHMENT10' 'I' @568  36074 (0x00008cea)
 - public static final 'GL_COLOR_ATTACHMENT11' 'I' @572  36075 (0x00008ceb)
 - public static final 'GL_COLOR_ATTACHMENT12' 'I' @576  36076 (0x00008cec)
 - public static final 'GL_COLOR_ATTACHMENT13' 'I' @580  36077 (0x00008ced)
 - public static final 'GL_COLOR_ATTACHMENT14' 'I' @584  36078 (0x00008cee)
 - public static final 'GL_COLOR_ATTACHMENT15' 'I' @588  36079 (0x00008cef)
 - public static final 'GL_COLOR_ATTACHMENT16' 'I' @592  36080 (0x00008cf0)
 - public static final 'GL_COLOR_ATTACHMENT17' 'I' @596  36081 (0x00008cf1)
 - public static final 'GL_COLOR_ATTACHMENT18' 'I' @600  36082 (0x00008cf2)
 - public static final 'GL_COLOR_ATTACHMENT19' 'I' @604  36083 (0x00008cf3)
 - public static final 'GL_COLOR_ATTACHMENT20' 'I' @608  36084 (0x00008cf4)
 - public static final 'GL_COLOR_ATTACHMENT21' 'I' @612  36085 (0x00008cf5)
 - public static final 'GL_COLOR_ATTACHMENT22' 'I' @616  36086 (0x00008cf6)
 - public static final 'GL_COLOR_ATTACHMENT23' 'I' @620  36087 (0x00008cf7)
 - public static final 'GL_COLOR_ATTACHMENT24' 'I' @624  36088 (0x00008cf8)
 - public static final 'GL_COLOR_ATTACHMENT25' 'I' @628  36089 (0x00008cf9)
 - public static final 'GL_COLOR_ATTACHMENT26' 'I' @632  36090 (0x00008cfa)
 - public static final 'GL_COLOR_ATTACHMENT27' 'I' @636  36091 (0x00008cfb)
 - public static final 'GL_COLOR_ATTACHMENT28' 'I' @640  36092 (0x00008cfc)
 - public static final 'GL_COLOR_ATTACHMENT29' 'I' @644  36093 (0x00008cfd)
 - public static final 'GL_COLOR_ATTACHMENT30' 'I' @648  36094 (0x00008cfe)
 - public static final 'GL_COLOR_ATTACHMENT31' 'I' @652  36095 (0x00008cff)
 - public static final 'GL_DEPTH_ATTACHMENT' 'I' @656  36096 (0x00008d00)
 - public static final 'GL_STENCIL_ATTACHMENT' 'I' @660  36128 (0x00008d20)
 - public static final 'GL_DEPTH_STENCIL_ATTACHMENT' 'I' @664  33306 (0x0000821a)
 - public static final 'GL_MAX_SAMPLES' 'I' @668  36183 (0x00008d57)
 - public static final 'GL_FRAMEBUFFER_COMPLETE' 'I' @672  36053 (0x00008cd5)
 - public static final 'GL_FRAMEBUFFER_INCOMPLETE_ATTACHMENT' 'I' @676  36054 (0x00008cd6)
 - public static final 'GL_FRAMEBUFFER_INCOMPLETE_MISSING_ATTACHMENT' 'I' @680  36055 (0x00008cd7)
 - public static final 'GL_FRAMEBUFFER_INCOMPLETE_DRAW_BUFFER' 'I' @684  36059 (0x00008cdb)
 - public static final 'GL_FRAMEBUFFER_INCOMPLETE_READ_BUFFER' 'I' @688  36060 (0x00008cdc)
 - public static final 'GL_FRAMEBUFFER_UNSUPPORTED' 'I' @692  36061 (0x00008cdd)
 - public static final 'GL_FRAMEBUFFER_INCOMPLETE_MULTISAMPLE' 'I' @696  36182 (0x00008d56)
 - public static final 'GL_FRAMEBUFFER_UNDEFINED' 'I' @700  33305 (0x00008219)
 - public static final 'GL_FRAMEBUFFER_BINDING' 'I' @704  36006 (0x00008ca6)
 - public static final 'GL_DRAW_FRAMEBUFFER_BINDING' 'I' @708  36006 (0x00008ca6)
 - public static final 'GL_READ_FRAMEBUFFER_BINDING' 'I' @712  36010 (0x00008caa)
 - public static final 'GL_RENDERBUFFER_BINDING' 'I' @716  36007 (0x00008ca7)
 - public static final 'GL_MAX_COLOR_ATTACHMENTS' 'I' @720  36063 (0x00008cdf)
 - public static final 'GL_MAX_RENDERBUFFER_SIZE' 'I' @724  34024 (0x000084e8)
 - public static final 'GL_INVALID_FRAMEBUFFER_OPERATION' 'I' @728  1286 (0x00000506)
 - public static final 'GL_DEPTH_STENCIL' 'I' @732  34041 (0x000084f9)
 - public static final 'GL_UNSIGNED_INT_24_8' 'I' @736  34042 (0x000084fa)
 - public static final 'GL_DEPTH24_STENCIL8' 'I' @740  35056 (0x000088f0)
 - public static final 'GL_TEXTURE_STENCIL_SIZE' 'I' @744  35057 (0x000088f1)
 - public static final 'GL_HALF_FLOAT' 'I' @748  5131 (0x0000140b)
 - public static final 'GL_RGBA32UI' 'I' @752  36208 (0x00008d70)
 - public static final 'GL_RGB32UI' 'I' @756  36209 (0x00008d71)
 - public static final 'GL_RGBA16UI' 'I' @760  36214 (0x00008d76)
 - public static final 'GL_RGB16UI' 'I' @764  36215 (0x00008d77)
 - public static final 'GL_RGBA8UI' 'I' @768  36220 (0x00008d7c)
 - public static final 'GL_RGB8UI' 'I' @772  36221 (0x00008d7d)
 - public static final 'GL_RGBA32I' 'I' @776  36226 (0x00008d82)
 - public static final 'GL_RGB32I' 'I' @780  36227 (0x00008d83)
 - public static final 'GL_RGBA16I' 'I' @784  36232 (0x00008d88)
 - public static final 'GL_RGB16I' 'I' @788  36233 (0x00008d89)
 - public static final 'GL_RGBA8I' 'I' @792  36238 (0x00008d8e)
 - public static final 'GL_RGB8I' 'I' @796  36239 (0x00008d8f)
 - public static final 'GL_RED_INTEGER' 'I' @800  36244 (0x00008d94)
 - public static final 'GL_GREEN_INTEGER' 'I' @804  36245 (0x00008d95)
 - public static final 'GL_BLUE_INTEGER' 'I' @808  36246 (0x00008d96)
 - public static final 'GL_RGB_INTEGER' 'I' @812  36248 (0x00008d98)
 - public static final 'GL_RGBA_INTEGER' 'I' @816  36249 (0x00008d99)
 - public static final 'GL_BGR_INTEGER' 'I' @820  36250 (0x00008d9a)
 - public static final 'GL_BGRA_INTEGER' 'I' @824  36251 (0x00008d9b)
 - public static final 'GL_TEXTURE_1D_ARRAY' 'I' @828  35864 (0x00008c18)
 - public static final 'GL_TEXTURE_2D_ARRAY' 'I' @832  35866 (0x00008c1a)
 - public static final 'GL_PROXY_TEXTURE_2D_ARRAY' 'I' @836  35867 (0x00008c1b)
 - public static final 'GL_PROXY_TEXTURE_1D_ARRAY' 'I' @840  35865 (0x00008c19)
 - public static final 'GL_TEXTURE_BINDING_1D_ARRAY' 'I' @844  35868 (0x00008c1c)
 - public static final 'GL_TEXTURE_BINDING_2D_ARRAY' 'I' @848  35869 (0x00008c1d)
 - public static final 'GL_MAX_ARRAY_TEXTURE_LAYERS' 'I' @852  35071 (0x000088ff)
 - public static final 'GL_COMPRESSED_RED_RGTC1' 'I' @856  36283 (0x00008dbb)
 - public static final 'GL_COMPRESSED_SIGNED_RED_RGTC1' 'I' @860  36284 (0x00008dbc)
 - public static final 'GL_COMPRESSED_RG_RGTC2' 'I' @864  36285 (0x00008dbd)
 - public static final 'GL_COMPRESSED_SIGNED_RG_RGTC2' 'I' @868  36286 (0x00008dbe)
 - public static final 'GL_R8' 'I' @872  33321 (0x00008229)
 - public static final 'GL_R16' 'I' @876  33322 (0x0000822a)
 - public static final 'GL_RG8' 'I' @880  33323 (0x0000822b)
 - public static final 'GL_RG16' 'I' @884  33324 (0x0000822c)
 - public static final 'GL_R16F' 'I' @888  33325 (0x0000822d)
 - public static final 'GL_R32F' 'I' @892  33326 (0x0000822e)
 - public static final 'GL_RG16F' 'I' @896  33327 (0x0000822f)
 - public static final 'GL_RG32F' 'I' @900  33328 (0x00008230)
 - public static final 'GL_R8I' 'I' @904  33329 (0x00008231)
 - public static final 'GL_R8UI' 'I' @908  33330 (0x00008232)
 - public static final 'GL_R16I' 'I' @912  33331 (0x00008233)
 - public static final 'GL_R16UI' 'I' @916  33332 (0x00008234)
 - public static final 'GL_R32I' 'I' @920  33333 (0x00008235)
 - public static final 'GL_R32UI' 'I' @924  33334 (0x00008236)
 - public static final 'GL_RG8I' 'I' @928  33335 (0x00008237)
 - public static final 'GL_RG8UI' 'I' @932  33336 (0x00008238)
 - public static final 'GL_RG16I' 'I' @936  33337 (0x00008239)
 - public static final 'GL_RG16UI' 'I' @940  33338 (0x0000823a)
 - public static final 'GL_RG32I' 'I' @944  33339 (0x0000823b)
 - public static final 'GL_RG32UI' 'I' @948  33340 (0x0000823c)
 - public static final 'GL_RG' 'I' @952  33319 (0x00008227)
 - public static final 'GL_COMPRESSED_RED' 'I' @956  33317 (0x00008225)
 - public static final 'GL_COMPRESSED_RG' 'I' @960  33318 (0x00008226)
 - public static final 'GL_RG_INTEGER' 'I' @964  33320 (0x00008228)
 - public static final 'GL_TRANSFORM_FEEDBACK_BUFFER' 'I' @968  35982 (0x00008c8e)
 - public static final 'GL_TRANSFORM_FEEDBACK_BUFFER_START' 'I' @972  35972 (0x00008c84)
 - public static final 'GL_TRANSFORM_FEEDBACK_BUFFER_SIZE' 'I' @976  35973 (0x00008c85)
 - public static final 'GL_TRANSFORM_FEEDBACK_BUFFER_BINDING' 'I' @980  35983 (0x00008c8f)
 - public static final 'GL_INTERLEAVED_ATTRIBS' 'I' @984  35980 (0x00008c8c)
 - public static final 'GL_SEPARATE_ATTRIBS' 'I' @988  35981 (0x00008c8d)
 - public static final 'GL_PRIMITIVES_GENERATED' 'I' @992  35975 (0x00008c87)
 - public static final 'GL_TRANSFORM_FEEDBACK_PRIMITIVES_WRITTEN' 'I' @996  35976 (0x00008c88)
 - public static final 'GL_RASTERIZER_DISCARD' 'I' @1000  35977 (0x00008c89)
 - public static final 'GL_MAX_TRANSFORM_FEEDBACK_INTERLEAVED_COMPONENTS' 'I' @1004  35978 (0x00008c8a)
 - public static final 'GL_MAX_TRANSFORM_FEEDBACK_SEPARATE_ATTRIBS' 'I' @1008  35979 (0x00008c8b)
 - public static final 'GL_MAX_TRANSFORM_FEEDBACK_SEPARATE_COMPONENTS' 'I' @1012  35968 (0x00008c80)
 - public static final 'GL_TRANSFORM_FEEDBACK_VARYINGS' 'I' @1016  35971 (0x00008c83)
 - public static final 'GL_TRANSFORM_FEEDBACK_BUFFER_MODE' 'I' @1020  35967 (0x00008c7f)
 - public static final 'GL_TRANSFORM_FEEDBACK_VARYING_MAX_LENGTH' 'I' @1024  35958 (0x00008c76)
 - public static final 'GL_VERTEX_ARRAY_BINDING' 'I' @1028  34229 (0x000085b5)
 - public static final 'GL_FRAMEBUFFER_SRGB' 'I' @1032  36281 (0x00008db9)
R12=0x0 is null
R13={method} {0x0000019a1c4ffea8} 'nglGenVertexArrays' '(IJ)V' in 'org/lwjgl/opengl/GL30C'
R14=0x00000011fa6ff328 is pointing into the stack for thread: 0x00000199b9703b10
R15=0x00000199b9703b10 is a thread

Top of Stack: (sp=0x00000011fa6ff268)
0x00000011fa6ff268:   00000199cb270a72 00000199cb26952f
0x00000011fa6ff278:   00000199cb2705a0 0000019a1c4ffea0
0x00000011fa6ff288:   0000019a1c007c68 ffffff0000000000
0x00000011fa6ff298:   00000011fa6ff378 00000011fa6ff318
0x00000011fa6ff2a8:   00000199cb270560 fffffffffffffff7
0x00000011fa6ff2b8:   0000019a1c4ffea0 0000000000000006
0x00000011fa6ff2c8:   0000019a1c5360c0 0000000000000000
0x00000011fa6ff2d8:   00000007137d8120 0000019a1c4ffea0
0x00000011fa6ff2e8:   0000000000000000 00000011fa6ff318
0x00000011fa6ff2f8:   00000011fa6ff378 00000199cb269214
0x00000011fa6ff308:   00000007137d8120 00000199cb26c857
0x00000011fa6ff318:   00000199daa95ccc 0000000000000000
0x00000011fa6ff328:   0000000000000001 fffffffffffffff7
0x00000011fa6ff338:   0000019a1c50004c 0000000000000006
0x00000011fa6ff348:   0000019a1c5360c0 0000000000000000
0x00000011fa6ff358:   00000007137d8120 0000019a1c5000b8
0x00000011fa6ff368:   fffffffffffffff4 00000011fa6ff3b0
0x00000011fa6ff378:   00000011fa6ff3f8 00000199cb269638
0x00000011fa6ff388:   0000000000000000 0000000000000000
0x00000011fa6ff398:   00000007137e9c68 0000000000010000
0x00000011fa6ff3a8:   00000007136de048 fffffffffffffff7
0x00000011fa6ff3b8:   0000019a1c413870 0000000000000001
0x00000011fa6ff3c8:   0000019a1c47d188 0000000000000000
0x00000011fa6ff3d8:   0000000713b91488 0000019a1c413888
0x00000011fa6ff3e8:   fffffffffffffff7 00000011fa6ff408
0x00000011fa6ff3f8:   00000011fa6ff450 00000199cb269638
0x00000011fa6ff408:   fffffffffffffff7 0000019a1c407e20
0x00000011fa6ff418:   0000000000000002 0000019a1c404800
0x00000011fa6ff428:   0000000000000000 0000000713a11df8
0x00000011fa6ff438:   0000019a1c407e50 fffffffffffffff7
0x00000011fa6ff448:   00000011fa6ff468 00000011fa6ff4b0
0x00000011fa6ff458:   00000199cb269638 0000000000000000 

Instructions: (pc=0x00007ff8e9ddfbdd)
0x00007ff8e9ddfadd:   98 13 00 00 cc cc cc cc cc cc cc cc cc cc cc cc
0x00007ff8e9ddfaed:   cc cc cc 48 8b 01 48 8b 48 18 48 ff a1 a0 13 00
0x00007ff8e9ddfafd:   00 cc cc 40 53 48 8b 01 41 8b d8 4c 8b 44 24 30
0x00007ff8e9ddfb0d:   41 8b d1 44 8b 4c 24 38 8b cb 4c 8b 50 18 5b 49
0x00007ff8e9ddfb1d:   ff a2 a8 13 00 00 cc cc cc cc cc cc cc cc cc cc
0x00007ff8e9ddfb2d:   cc cc cc 40 53 48 83 ec 40 48 8b 01 41 8b d8 44
0x00007ff8e9ddfb3d:   8b 44 24 70 41 8b d1 4c 8b 4c 24 78 8b cb 4c 8b
0x00007ff8e9ddfb4d:   50 18 48 8b 84 24 90 00 00 00 48 89 44 24 30 48
0x00007ff8e9ddfb5d:   8b 84 24 88 00 00 00 48 89 44 24 28 48 8b 84 24
0x00007ff8e9ddfb6d:   80 00 00 00 48 89 44 24 20 41 ff 92 b0 13 00 00
0x00007ff8e9ddfb7d:   48 83 c4 40 5b c3 cc cc cc cc cc cc cc cc cc cc
0x00007ff8e9ddfb8d:   cc cc cc 48 8b 01 41 8b c8 48 8b 50 18 48 ff a2
0x00007ff8e9ddfb9d:   b8 13 00 00 cc cc cc cc cc cc cc cc cc cc cc cc
0x00007ff8e9ddfbad:   cc cc cc 48 8b 01 49 8b d1 41 8b c8 4c 8b 50 18
0x00007ff8e9ddfbbd:   49 ff a2 c0 13 00 00 cc cc cc cc cc cc cc cc cc
0x00007ff8e9ddfbcd:   cc cc cc 48 8b 01 49 8b d1 41 8b c8 4c 8b 50 18
0x00007ff8e9ddfbdd:   49 ff a2 c8 13 00 00 cc cc cc cc cc cc cc cc cc
0x00007ff8e9ddfbed:   cc cc cc 48 8b 01 48 8b 48 18 48 8b 81 d0 13 00
0x00007ff8e9ddfbfd:   00 41 8b c8 48 ff e0 cc cc cc cc cc cc cc cc cc
0x00007ff8e9ddfc0d:   cc cc cc 40 53 48 8b 01 41 8b d8 44 8b 44 24 30
0x00007ff8e9ddfc1d:   41 8b d1 44 8b 4c 24 38 8b cb 4c 8b 50 18 5b 49
0x00007ff8e9ddfc2d:   ff a2 d8 13 00 00 cc cc cc cc cc cc cc cc cc cc
0x00007ff8e9ddfc3d:   cc cc cc 40 53 48 8b 01 41 8b d8 44 8b 44 24 30
0x00007ff8e9ddfc4d:   41 8b d1 4c 8b 4c 24 38 8b cb 4c 8b 50 18 8b 44
0x00007ff8e9ddfc5d:   24 40 89 44 24 30 5b 49 ff a2 e0 13 00 00 cc cc
0x00007ff8e9ddfc6d:   cc cc cc 40 53 48 8b 01 41 8b d8 4c 8b 44 24 30
0x00007ff8e9ddfc7d:   41 8b d1 4c 8b 4c 24 38 8b cb 4c 8b 50 18 48 8b
0x00007ff8e9ddfc8d:   44 24 40 48 89 44 24 30 5b 49 ff a2 e8 13 00 00
0x00007ff8e9ddfc9d:   cc cc cc 48 8b 01 41 8b c8 48 8b 50 18 48 ff a2
0x00007ff8e9ddfcad:   f0 13 00 00 cc cc cc cc cc cc cc cc cc cc cc cc
0x00007ff8e9ddfcbd:   cc cc cc 48 8b 01 45 8b d8 44 8b 44 24 28 41 8b
0x00007ff8e9ddfccd:   d1 41 8b cb 4c 8b 50 18 49 ff a2 f8 13 00 00 cc 


Stack slot to memory mapping:

stack at sp + 0 slots: 0x00000199cb270a72 is at code_begin+1970 in an Interpreter codelet
native method entry point (kind = native)  [0x00000199cb2702c0, 0x00000199cb2715f8]  4920 bytes
stack at sp + 1 slots: 0x00000199cb26952f is at code_begin+4271 in an Interpreter codelet
return entry points  [0x00000199cb268480, 0x00000199cb26a680]  8704 bytes
stack at sp + 2 slots: 0x00000199cb2705a0 is at code_begin+736 in an Interpreter codelet
native method entry point (kind = native)  [0x00000199cb2702c0, 0x00000199cb2715f8]  4920 bytes
stack at sp + 3 slots: {method} {0x0000019a1c4ffea8} 'nglGenVertexArrays' '(IJ)V' in 'org/lwjgl/opengl/GL30C'
stack at sp + 4 slots: 0x0000019a1c007c68 is pointing into metadata
stack at sp + 5 slots: 0xffffff0000000000 is an unknown value
stack at sp + 6 slots: 0x00000011fa6ff378 is pointing into the stack for thread: 0x00000199b9703b10
stack at sp + 7 slots: 0x00000011fa6ff318 is pointing into the stack for thread: 0x00000199b9703b10


---------------  P R O C E S S  ---------------

Threads class SMR info:
_java_thread_list=0x00000199dac3b510, length=14, elements={
0x00000199b9703b10, 0x00000199da9ba9a0, 0x00000199da9bb8c0, 0x00000199da9c3710,
0x00000199da9c4c00, 0x00000199da9c5660, 0x00000199da9c8ed0, 0x00000199da9f9710,
0x00000199da9f9dd0, 0x00000199daad2120, 0x00000199dac093f0, 0x00000199dac6c420,
0x00000199dac6cab0, 0x00000199dac19ba0
}

Java Threads: ( => current thread )
=>0x00000199b9703b10 JavaThread "main"                              [_thread_in_native, id=4560, stack(0x00000011fa600000,0x00000011fa700000) (1024K)]
  0x00000199da9ba9a0 JavaThread "Reference Handler"          daemon [_thread_blocked, id=28384, stack(0x00000011fae00000,0x00000011faf00000) (1024K)]
  0x00000199da9bb8c0 JavaThread "Finalizer"                  daemon [_thread_blocked, id=23836, stack(0x00000011faf00000,0x00000011fb000000) (1024K)]
  0x00000199da9c3710 JavaThread "Signal Dispatcher"          daemon [_thread_blocked, id=20668, stack(0x00000011fb000000,0x00000011fb100000) (1024K)]
  0x00000199da9c4c00 JavaThread "Attach Listener"            daemon [_thread_blocked, id=4072, stack(0x00000011fb100000,0x00000011fb200000) (1024K)]
  0x00000199da9c5660 JavaThread "Service Thread"             daemon [_thread_blocked, id=25196, stack(0x00000011fb200000,0x00000011fb300000) (1024K)]
  0x00000199da9c8ed0 JavaThread "Monitor Deflation Thread"   daemon [_thread_blocked, id=17576, stack(0x00000011fb300000,0x00000011fb400000) (1024K)]
  0x00000199da9f9710 JavaThread "C2 CompilerThread0"         daemon [_thread_blocked, id=28896, stack(0x00000011fb400000,0x00000011fb500000) (1024K)]
  0x00000199da9f9dd0 JavaThread "C1 CompilerThread0"         daemon [_thread_blocked, id=28092, stack(0x00000011fb500000,0x00000011fb600000) (1024K)]
  0x00000199daad2120 JavaThread "Common-Cleaner"             daemon [_thread_blocked, id=15548, stack(0x00000011fb600000,0x00000011fb700000) (1024K)]
  0x00000199dac093f0 JavaThread "JDWP Transport Listener: dt_socket" daemon [_thread_blocked, id=13176, stack(0x00000011fb700000,0x00000011fb800000) (1024K)]
  0x00000199dac6c420 JavaThread "JDWP Event Helper Thread"   daemon [_thread_blocked, id=16452, stack(0x00000011fb800000,0x00000011fb900000) (1024K)]
  0x00000199dac6cab0 JavaThread "JDWP Command Reader"        daemon [_thread_in_native, id=18584, stack(0x00000011fb900000,0x00000011fba00000) (1024K)]
  0x00000199dac19ba0 JavaThread "Notification Thread"        daemon [_thread_blocked, id=19392, stack(0x00000011fba00000,0x00000011fbb00000) (1024K)]
Total: 14

Other Threads:
  0x00000199da9a16b0 VMThread "VM Thread"                           [id=15824, stack(0x00000011fad00000,0x00000011fae00000) (1024K)]
  0x00000199da989910 WatcherThread "VM Periodic Task Thread"        [id=11744, stack(0x00000011fac00000,0x00000011fad00000) (1024K)]
  0x00000199bba74f50 WorkerThread "GC Thread#0"                     [id=11684, stack(0x00000011fa700000,0x00000011fa800000) (1024K)]
  0x00000199bba86a20 ConcurrentGCThread "G1 Main Marker"            [id=25540, stack(0x00000011fa800000,0x00000011fa900000) (1024K)]
  0x00000199bba87740 WorkerThread "G1 Conc#0"                       [id=5688, stack(0x00000011fa900000,0x00000011faa00000) (1024K)]
  0x00000199da859720 ConcurrentGCThread "G1 Refine#0"               [id=23632, stack(0x00000011faa00000,0x00000011fab00000) (1024K)]
  0x00000199da85a1b0 ConcurrentGCThread "G1 Service"                [id=2876, stack(0x00000011fab00000,0x00000011fac00000) (1024K)]
Total: 7

Threads with active compile tasks:
Total: 0

VM state: not at safepoint (normal execution)

VM Mutex/Monitor currently owned by a thread: None

Heap address: 0x0000000704400000, size: 4028 MB, Compressed Oops mode: Zero based, Oop shift amount: 3

CDS archive(s) mapped at: [0x00000199db000000-0x00000199dbc50000-0x00000199dbc50000), size 12910592, SharedBaseAddress: 0x00000199db000000, ArchiveRelocationMode: 1.
Compressed class space mapped at: 0x00000199dc000000-0x0000019a1c000000, reserved size: 1073741824
Narrow klass base: 0x00000199db000000, Narrow klass shift: 0, Narrow klass range: 0x41000000

GC Precious Log:
 CardTable entry size: 512
 Card Set container configuration: InlinePtr #cards 4 size 8 Array Of Cards #cards 16 size 48 Howl #buckets 8 coarsen threshold 3686 Howl Bitmap #cards 512 size 80 coarsen threshold 460 Card regions per heap region 1 cards per card region 4096
 CPUs: 8 total, 8 available
 Memory: 16106M
 Large Page Support: Disabled
 NUMA Support: Disabled
 Compressed Oops: Enabled (Zero based)
 Heap Region Size: 2M
 Heap Min Capacity: 8M
 Heap Initial Capacity: 252M
 Heap Max Capacity: 4028M
 Pre-touch: Disabled
 Parallel Workers: 8
 Concurrent Workers: 2
 Concurrent Refinement Workers: 8
 Periodic GC: Disabled

Heap:
 garbage-first heap   total reserved 4124672K, committed 258048K, used 10240K [0x0000000704400000, 0x0000000800000000)
  region size 2048K, 6 young (12288K), 0 survivors (0K)
 Metaspace       used 2479K, committed 2624K, reserved 1114112K
  class space    used 163K, committed 256K, reserved 1048576K

Heap Regions: E=young(eden), S=young(survivor), O=old, HS=humongous(starts), HC=humongous(continues), CS=collection set, F=free, TAMS=top-at-mark-start, PB=parsable bottom
|   0|0x0000000704400000, 0x0000000704400000, 0x0000000704600000|  0%| F|  |TAMS 0x0000000704400000| PB 0x0000000704400000| Untracked |  0
|   1|0x0000000704600000, 0x0000000704600000, 0x0000000704800000|  0%| F|  |TAMS 0x0000000704600000| PB 0x0000000704600000| Untracked |  0
|   2|0x0000000704800000, 0x0000000704800000, 0x0000000704a00000|  0%| F|  |TAMS 0x0000000704800000| PB 0x0000000704800000| Untracked |  0
|   3|0x0000000704a00000, 0x0000000704a00000, 0x0000000704c00000|  0%| F|  |TAMS 0x0000000704a00000| PB 0x0000000704a00000| Untracked |  0
|   4|0x0000000704c00000, 0x0000000704c00000, 0x0000000704e00000|  0%| F|  |TAMS 0x0000000704c00000| PB 0x0000000704c00000| Untracked |  0
|   5|0x0000000704e00000, 0x0000000704e00000, 0x0000000705000000|  0%| F|  |TAMS 0x0000000704e00000| PB 0x0000000704e00000| Untracked |  0
|   6|0x0000000705000000, 0x0000000705000000, 0x0000000705200000|  0%| F|  |TAMS 0x0000000705000000| PB 0x0000000705000000| Untracked |  0
|   7|0x0000000705200000, 0x0000000705200000, 0x0000000705400000|  0%| F|  |TAMS 0x0000000705200000| PB 0x0000000705200000| Untracked |  0
|   8|0x0000000705400000, 0x0000000705400000, 0x0000000705600000|  0%| F|  |TAMS 0x0000000705400000| PB 0x0000000705400000| Untracked |  0
|   9|0x0000000705600000, 0x0000000705600000, 0x0000000705800000|  0%| F|  |TAMS 0x0000000705600000| PB 0x0000000705600000| Untracked |  0
|  10|0x0000000705800000, 0x0000000705800000, 0x0000000705a00000|  0%| F|  |TAMS 0x0000000705800000| PB 0x0000000705800000| Untracked |  0
|  11|0x0000000705a00000, 0x0000000705a00000, 0x0000000705c00000|  0%| F|  |TAMS 0x0000000705a00000| PB 0x0000000705a00000| Untracked |  0
|  12|0x0000000705c00000, 0x0000000705c00000, 0x0000000705e00000|  0%| F|  |TAMS 0x0000000705c00000| PB 0x0000000705c00000| Untracked |  0
|  13|0x0000000705e00000, 0x0000000705e00000, 0x0000000706000000|  0%| F|  |TAMS 0x0000000705e00000| PB 0x0000000705e00000| Untracked |  0
|  14|0x0000000706000000, 0x0000000706000000, 0x0000000706200000|  0%| F|  |TAMS 0x0000000706000000| PB 0x0000000706000000| Untracked |  0
|  15|0x0000000706200000, 0x0000000706200000, 0x0000000706400000|  0%| F|  |TAMS 0x0000000706200000| PB 0x0000000706200000| Untracked |  0
|  16|0x0000000706400000, 0x0000000706400000, 0x0000000706600000|  0%| F|  |TAMS 0x0000000706400000| PB 0x0000000706400000| Untracked |  0
|  17|0x0000000706600000, 0x0000000706600000, 0x0000000706800000|  0%| F|  |TAMS 0x0000000706600000| PB 0x0000000706600000| Untracked |  0
|  18|0x0000000706800000, 0x0000000706800000, 0x0000000706a00000|  0%| F|  |TAMS 0x0000000706800000| PB 0x0000000706800000| Untracked |  0
|  19|0x0000000706a00000, 0x0000000706a00000, 0x0000000706c00000|  0%| F|  |TAMS 0x0000000706a00000| PB 0x0000000706a00000| Untracked |  0
|  20|0x0000000706c00000, 0x0000000706c00000, 0x0000000706e00000|  0%| F|  |TAMS 0x0000000706c00000| PB 0x0000000706c00000| Untracked |  0
|  21|0x0000000706e00000, 0x0000000706e00000, 0x0000000707000000|  0%| F|  |TAMS 0x0000000706e00000| PB 0x0000000706e00000| Untracked |  0
|  22|0x0000000707000000, 0x0000000707000000, 0x0000000707200000|  0%| F|  |TAMS 0x0000000707000000| PB 0x0000000707000000| Untracked |  0
|  23|0x0000000707200000, 0x0000000707200000, 0x0000000707400000|  0%| F|  |TAMS 0x0000000707200000| PB 0x0000000707200000| Untracked |  0
|  24|0x0000000707400000, 0x0000000707400000, 0x0000000707600000|  0%| F|  |TAMS 0x0000000707400000| PB 0x0000000707400000| Untracked |  0
|  25|0x0000000707600000, 0x0000000707600000, 0x0000000707800000|  0%| F|  |TAMS 0x0000000707600000| PB 0x0000000707600000| Untracked |  0
|  26|0x0000000707800000, 0x0000000707800000, 0x0000000707a00000|  0%| F|  |TAMS 0x0000000707800000| PB 0x0000000707800000| Untracked |  0
|  27|0x0000000707a00000, 0x0000000707a00000, 0x0000000707c00000|  0%| F|  |TAMS 0x0000000707a00000| PB 0x0000000707a00000| Untracked |  0
|  28|0x0000000707c00000, 0x0000000707c00000, 0x0000000707e00000|  0%| F|  |TAMS 0x0000000707c00000| PB 0x0000000707c00000| Untracked |  0
|  29|0x0000000707e00000, 0x0000000707e00000, 0x0000000708000000|  0%| F|  |TAMS 0x0000000707e00000| PB 0x0000000707e00000| Untracked |  0
|  30|0x0000000708000000, 0x0000000708000000, 0x0000000708200000|  0%| F|  |TAMS 0x0000000708000000| PB 0x0000000708000000| Untracked |  0
|  31|0x0000000708200000, 0x0000000708200000, 0x0000000708400000|  0%| F|  |TAMS 0x0000000708200000| PB 0x0000000708200000| Untracked |  0
|  32|0x0000000708400000, 0x0000000708400000, 0x0000000708600000|  0%| F|  |TAMS 0x0000000708400000| PB 0x0000000708400000| Untracked |  0
|  33|0x0000000708600000, 0x0000000708600000, 0x0000000708800000|  0%| F|  |TAMS 0x0000000708600000| PB 0x0000000708600000| Untracked |  0
|  34|0x0000000708800000, 0x0000000708800000, 0x0000000708a00000|  0%| F|  |TAMS 0x0000000708800000| PB 0x0000000708800000| Untracked |  0
|  35|0x0000000708a00000, 0x0000000708a00000, 0x0000000708c00000|  0%| F|  |TAMS 0x0000000708a00000| PB 0x0000000708a00000| Untracked |  0
|  36|0x0000000708c00000, 0x0000000708c00000, 0x0000000708e00000|  0%| F|  |TAMS 0x0000000708c00000| PB 0x0000000708c00000| Untracked |  0
|  37|0x0000000708e00000, 0x0000000708e00000, 0x0000000709000000|  0%| F|  |TAMS 0x0000000708e00000| PB 0x0000000708e00000| Untracked |  0
|  38|0x0000000709000000, 0x0000000709000000, 0x0000000709200000|  0%| F|  |TAMS 0x0000000709000000| PB 0x0000000709000000| Untracked |  0
|  39|0x0000000709200000, 0x0000000709200000, 0x0000000709400000|  0%| F|  |TAMS 0x0000000709200000| PB 0x0000000709200000| Untracked |  0
|  40|0x0000000709400000, 0x0000000709400000, 0x0000000709600000|  0%| F|  |TAMS 0x0000000709400000| PB 0x0000000709400000| Untracked |  0
|  41|0x0000000709600000, 0x0000000709600000, 0x0000000709800000|  0%| F|  |TAMS 0x0000000709600000| PB 0x0000000709600000| Untracked |  0
|  42|0x0000000709800000, 0x0000000709800000, 0x0000000709a00000|  0%| F|  |TAMS 0x0000000709800000| PB 0x0000000709800000| Untracked |  0
|  43|0x0000000709a00000, 0x0000000709a00000, 0x0000000709c00000|  0%| F|  |TAMS 0x0000000709a00000| PB 0x0000000709a00000| Untracked |  0
|  44|0x0000000709c00000, 0x0000000709c00000, 0x0000000709e00000|  0%| F|  |TAMS 0x0000000709c00000| PB 0x0000000709c00000| Untracked |  0
|  45|0x0000000709e00000, 0x0000000709e00000, 0x000000070a000000|  0%| F|  |TAMS 0x0000000709e00000| PB 0x0000000709e00000| Untracked |  0
|  46|0x000000070a000000, 0x000000070a000000, 0x000000070a200000|  0%| F|  |TAMS 0x000000070a000000| PB 0x000000070a000000| Untracked |  0
|  47|0x000000070a200000, 0x000000070a200000, 0x000000070a400000|  0%| F|  |TAMS 0x000000070a200000| PB 0x000000070a200000| Untracked |  0
|  48|0x000000070a400000, 0x000000070a400000, 0x000000070a600000|  0%| F|  |TAMS 0x000000070a400000| PB 0x000000070a400000| Untracked |  0
|  49|0x000000070a600000, 0x000000070a600000, 0x000000070a800000|  0%| F|  |TAMS 0x000000070a600000| PB 0x000000070a600000| Untracked |  0
|  50|0x000000070a800000, 0x000000070a800000, 0x000000070aa00000|  0%| F|  |TAMS 0x000000070a800000| PB 0x000000070a800000| Untracked |  0
|  51|0x000000070aa00000, 0x000000070aa00000, 0x000000070ac00000|  0%| F|  |TAMS 0x000000070aa00000| PB 0x000000070aa00000| Untracked |  0
|  52|0x000000070ac00000, 0x000000070ac00000, 0x000000070ae00000|  0%| F|  |TAMS 0x000000070ac00000| PB 0x000000070ac00000| Untracked |  0
|  53|0x000000070ae00000, 0x000000070ae00000, 0x000000070b000000|  0%| F|  |TAMS 0x000000070ae00000| PB 0x000000070ae00000| Untracked |  0
|  54|0x000000070b000000, 0x000000070b000000, 0x000000070b200000|  0%| F|  |TAMS 0x000000070b000000| PB 0x000000070b000000| Untracked |  0
|  55|0x000000070b200000, 0x000000070b200000, 0x000000070b400000|  0%| F|  |TAMS 0x000000070b200000| PB 0x000000070b200000| Untracked |  0
|  56|0x000000070b400000, 0x000000070b400000, 0x000000070b600000|  0%| F|  |TAMS 0x000000070b400000| PB 0x000000070b400000| Untracked |  0
|  57|0x000000070b600000, 0x000000070b600000, 0x000000070b800000|  0%| F|  |TAMS 0x000000070b600000| PB 0x000000070b600000| Untracked |  0
|  58|0x000000070b800000, 0x000000070b800000, 0x000000070ba00000|  0%| F|  |TAMS 0x000000070b800000| PB 0x000000070b800000| Untracked |  0
|  59|0x000000070ba00000, 0x000000070ba00000, 0x000000070bc00000|  0%| F|  |TAMS 0x000000070ba00000| PB 0x000000070ba00000| Untracked |  0
|  60|0x000000070bc00000, 0x000000070bc00000, 0x000000070be00000|  0%| F|  |TAMS 0x000000070bc00000| PB 0x000000070bc00000| Untracked |  0
|  61|0x000000070be00000, 0x000000070be00000, 0x000000070c000000|  0%| F|  |TAMS 0x000000070be00000| PB 0x000000070be00000| Untracked |  0
|  62|0x000000070c000000, 0x000000070c000000, 0x000000070c200000|  0%| F|  |TAMS 0x000000070c000000| PB 0x000000070c000000| Untracked |  0
|  63|0x000000070c200000, 0x000000070c200000, 0x000000070c400000|  0%| F|  |TAMS 0x000000070c200000| PB 0x000000070c200000| Untracked |  0
|  64|0x000000070c400000, 0x000000070c400000, 0x000000070c600000|  0%| F|  |TAMS 0x000000070c400000| PB 0x000000070c400000| Untracked |  0
|  65|0x000000070c600000, 0x000000070c600000, 0x000000070c800000|  0%| F|  |TAMS 0x000000070c600000| PB 0x000000070c600000| Untracked |  0
|  66|0x000000070c800000, 0x000000070c800000, 0x000000070ca00000|  0%| F|  |TAMS 0x000000070c800000| PB 0x000000070c800000| Untracked |  0
|  67|0x000000070ca00000, 0x000000070ca00000, 0x000000070cc00000|  0%| F|  |TAMS 0x000000070ca00000| PB 0x000000070ca00000| Untracked |  0
|  68|0x000000070cc00000, 0x000000070cc00000, 0x000000070ce00000|  0%| F|  |TAMS 0x000000070cc00000| PB 0x000000070cc00000| Untracked |  0
|  69|0x000000070ce00000, 0x000000070ce00000, 0x000000070d000000|  0%| F|  |TAMS 0x000000070ce00000| PB 0x000000070ce00000| Untracked |  0
|  70|0x000000070d000000, 0x000000070d000000, 0x000000070d200000|  0%| F|  |TAMS 0x000000070d000000| PB 0x000000070d000000| Untracked |  0
|  71|0x000000070d200000, 0x000000070d200000, 0x000000070d400000|  0%| F|  |TAMS 0x000000070d200000| PB 0x000000070d200000| Untracked |  0
|  72|0x000000070d400000, 0x000000070d400000, 0x000000070d600000|  0%| F|  |TAMS 0x000000070d400000| PB 0x000000070d400000| Untracked |  0
|  73|0x000000070d600000, 0x000000070d600000, 0x000000070d800000|  0%| F|  |TAMS 0x000000070d600000| PB 0x000000070d600000| Untracked |  0
|  74|0x000000070d800000, 0x000000070d800000, 0x000000070da00000|  0%| F|  |TAMS 0x000000070d800000| PB 0x000000070d800000| Untracked |  0
|  75|0x000000070da00000, 0x000000070da00000, 0x000000070dc00000|  0%| F|  |TAMS 0x000000070da00000| PB 0x000000070da00000| Untracked |  0
|  76|0x000000070dc00000, 0x000000070dc00000, 0x000000070de00000|  0%| F|  |TAMS 0x000000070dc00000| PB 0x000000070dc00000| Untracked |  0
|  77|0x000000070de00000, 0x000000070de00000, 0x000000070e000000|  0%| F|  |TAMS 0x000000070de00000| PB 0x000000070de00000| Untracked |  0
|  78|0x000000070e000000, 0x000000070e000000, 0x000000070e200000|  0%| F|  |TAMS 0x000000070e000000| PB 0x000000070e000000| Untracked |  0
|  79|0x000000070e200000, 0x000000070e200000, 0x000000070e400000|  0%| F|  |TAMS 0x000000070e200000| PB 0x000000070e200000| Untracked |  0
|  80|0x000000070e400000, 0x000000070e400000, 0x000000070e600000|  0%| F|  |TAMS 0x000000070e400000| PB 0x000000070e400000| Untracked |  0
|  81|0x000000070e600000, 0x000000070e600000, 0x000000070e800000|  0%| F|  |TAMS 0x000000070e600000| PB 0x000000070e600000| Untracked |  0
|  82|0x000000070e800000, 0x000000070e800000, 0x000000070ea00000|  0%| F|  |TAMS 0x000000070e800000| PB 0x000000070e800000| Untracked |  0
|  83|0x000000070ea00000, 0x000000070ea00000, 0x000000070ec00000|  0%| F|  |TAMS 0x000000070ea00000| PB 0x000000070ea00000| Untracked |  0
|  84|0x000000070ec00000, 0x000000070ec00000, 0x000000070ee00000|  0%| F|  |TAMS 0x000000070ec00000| PB 0x000000070ec00000| Untracked |  0
|  85|0x000000070ee00000, 0x000000070ee00000, 0x000000070f000000|  0%| F|  |TAMS 0x000000070ee00000| PB 0x000000070ee00000| Untracked |  0
|  86|0x000000070f000000, 0x000000070f000000, 0x000000070f200000|  0%| F|  |TAMS 0x000000070f000000| PB 0x000000070f000000| Untracked |  0
|  87|0x000000070f200000, 0x000000070f200000, 0x000000070f400000|  0%| F|  |TAMS 0x000000070f200000| PB 0x000000070f200000| Untracked |  0
|  88|0x000000070f400000, 0x000000070f400000, 0x000000070f600000|  0%| F|  |TAMS 0x000000070f400000| PB 0x000000070f400000| Untracked |  0
|  89|0x000000070f600000, 0x000000070f600000, 0x000000070f800000|  0%| F|  |TAMS 0x000000070f600000| PB 0x000000070f600000| Untracked |  0
|  90|0x000000070f800000, 0x000000070f800000, 0x000000070fa00000|  0%| F|  |TAMS 0x000000070f800000| PB 0x000000070f800000| Untracked |  0
|  91|0x000000070fa00000, 0x000000070fa00000, 0x000000070fc00000|  0%| F|  |TAMS 0x000000070fa00000| PB 0x000000070fa00000| Untracked |  0
|  92|0x000000070fc00000, 0x000000070fc00000, 0x000000070fe00000|  0%| F|  |TAMS 0x000000070fc00000| PB 0x000000070fc00000| Untracked |  0
|  93|0x000000070fe00000, 0x000000070fe00000, 0x0000000710000000|  0%| F|  |TAMS 0x000000070fe00000| PB 0x000000070fe00000| Untracked |  0
|  94|0x0000000710000000, 0x0000000710000000, 0x0000000710200000|  0%| F|  |TAMS 0x0000000710000000| PB 0x0000000710000000| Untracked |  0
|  95|0x0000000710200000, 0x0000000710200000, 0x0000000710400000|  0%| F|  |TAMS 0x0000000710200000| PB 0x0000000710200000| Untracked |  0
|  96|0x0000000710400000, 0x0000000710400000, 0x0000000710600000|  0%| F|  |TAMS 0x0000000710400000| PB 0x0000000710400000| Untracked |  0
|  97|0x0000000710600000, 0x0000000710600000, 0x0000000710800000|  0%| F|  |TAMS 0x0000000710600000| PB 0x0000000710600000| Untracked |  0
|  98|0x0000000710800000, 0x0000000710800000, 0x0000000710a00000|  0%| F|  |TAMS 0x0000000710800000| PB 0x0000000710800000| Untracked |  0
|  99|0x0000000710a00000, 0x0000000710a00000, 0x0000000710c00000|  0%| F|  |TAMS 0x0000000710a00000| PB 0x0000000710a00000| Untracked |  0
| 100|0x0000000710c00000, 0x0000000710c00000, 0x0000000710e00000|  0%| F|  |TAMS 0x0000000710c00000| PB 0x0000000710c00000| Untracked |  0
| 101|0x0000000710e00000, 0x0000000710e00000, 0x0000000711000000|  0%| F|  |TAMS 0x0000000710e00000| PB 0x0000000710e00000| Untracked |  0
| 102|0x0000000711000000, 0x0000000711000000, 0x0000000711200000|  0%| F|  |TAMS 0x0000000711000000| PB 0x0000000711000000| Untracked |  0
| 103|0x0000000711200000, 0x0000000711200000, 0x0000000711400000|  0%| F|  |TAMS 0x0000000711200000| PB 0x0000000711200000| Untracked |  0
| 104|0x0000000711400000, 0x0000000711400000, 0x0000000711600000|  0%| F|  |TAMS 0x0000000711400000| PB 0x0000000711400000| Untracked |  0
| 105|0x0000000711600000, 0x0000000711600000, 0x0000000711800000|  0%| F|  |TAMS 0x0000000711600000| PB 0x0000000711600000| Untracked |  0
| 106|0x0000000711800000, 0x0000000711800000, 0x0000000711a00000|  0%| F|  |TAMS 0x0000000711800000| PB 0x0000000711800000| Untracked |  0
| 107|0x0000000711a00000, 0x0000000711a00000, 0x0000000711c00000|  0%| F|  |TAMS 0x0000000711a00000| PB 0x0000000711a00000| Untracked |  0
| 108|0x0000000711c00000, 0x0000000711c00000, 0x0000000711e00000|  0%| F|  |TAMS 0x0000000711c00000| PB 0x0000000711c00000| Untracked |  0
| 109|0x0000000711e00000, 0x0000000711e00000, 0x0000000712000000|  0%| F|  |TAMS 0x0000000711e00000| PB 0x0000000711e00000| Untracked |  0
| 110|0x0000000712000000, 0x0000000712000000, 0x0000000712200000|  0%| F|  |TAMS 0x0000000712000000| PB 0x0000000712000000| Untracked |  0
| 111|0x0000000712200000, 0x0000000712200000, 0x0000000712400000|  0%| F|  |TAMS 0x0000000712200000| PB 0x0000000712200000| Untracked |  0
| 112|0x0000000712400000, 0x0000000712400000, 0x0000000712600000|  0%| F|  |TAMS 0x0000000712400000| PB 0x0000000712400000| Untracked |  0
| 113|0x0000000712600000, 0x0000000712600000, 0x0000000712800000|  0%| F|  |TAMS 0x0000000712600000| PB 0x0000000712600000| Untracked |  0
| 114|0x0000000712800000, 0x0000000712800000, 0x0000000712a00000|  0%| F|  |TAMS 0x0000000712800000| PB 0x0000000712800000| Untracked |  0
| 115|0x0000000712a00000, 0x0000000712a00000, 0x0000000712c00000|  0%| F|  |TAMS 0x0000000712a00000| PB 0x0000000712a00000| Untracked |  0
| 116|0x0000000712c00000, 0x0000000712c00000, 0x0000000712e00000|  0%| F|  |TAMS 0x0000000712c00000| PB 0x0000000712c00000| Untracked |  0
| 117|0x0000000712e00000, 0x0000000712e00000, 0x0000000713000000|  0%| F|  |TAMS 0x0000000712e00000| PB 0x0000000712e00000| Untracked |  0
| 118|0x0000000713000000, 0x0000000713000000, 0x0000000713200000|  0%| F|  |TAMS 0x0000000713000000| PB 0x0000000713000000| Untracked |  0
| 119|0x0000000713200000, 0x0000000713200000, 0x0000000713400000|  0%| F|  |TAMS 0x0000000713200000| PB 0x0000000713200000| Untracked |  0
| 120|0x0000000713400000, 0x0000000713485970, 0x0000000713600000| 26%| E|  |TAMS 0x0000000713400000| PB 0x0000000713400000| Complete |  0
| 121|0x0000000713600000, 0x0000000713800000, 0x0000000713800000|100%| E|CS|TAMS 0x0000000713600000| PB 0x0000000713600000| Complete |  0
| 122|0x0000000713800000, 0x0000000713a00000, 0x0000000713a00000|100%| E|CS|TAMS 0x0000000713800000| PB 0x0000000713800000| Complete |  0
| 123|0x0000000713a00000, 0x0000000713c00000, 0x0000000713c00000|100%| E|CS|TAMS 0x0000000713a00000| PB 0x0000000713a00000| Complete |  0
| 124|0x0000000713c00000, 0x0000000713e00000, 0x0000000713e00000|100%| E|CS|TAMS 0x0000000713c00000| PB 0x0000000713c00000| Complete |  0
| 125|0x0000000713e00000, 0x0000000714000000, 0x0000000714000000|100%| E|CS|TAMS 0x0000000713e00000| PB 0x0000000713e00000| Complete |  0

Card table byte_map: [0x00000199d3840000,0x00000199d4020000] _byte_map_base: 0x00000199d001e000

Marking Bits: (CMBitMap*) 0x00000199bba76580
 Bits: [0x00000199d4020000, 0x00000199d7f10000)

Polling page: 0x00000199b99b0000

Metaspace:

Usage:
  Non-class:      2.26 MB used.
      Class:    163.66 KB used.
       Both:      2.42 MB used.

Virtual space:
  Non-class space:       64.00 MB reserved,       2.31 MB (  4%) committed,  1 nodes.
      Class space:        1.00 GB reserved,     256.00 KB ( <1%) committed,  1 nodes.
             Both:        1.06 GB reserved,       2.56 MB ( <1%) committed. 

Chunk freelists:
   Non-Class:  10.77 MB
       Class:  15.67 MB
        Both:  26.43 MB

MaxMetaspaceSize: unlimited
CompressedClassSpaceSize: 1.00 GB
Initial GC threshold: 21.00 MB
Current GC threshold: 21.00 MB
CDS: on
 - commit_granule_bytes: 65536.
 - commit_granule_words: 8192.
 - virtual_space_node_default_size: 8388608.
 - enlarge_chunks_in_place: 1.
 - use_allocation_guard: 0.


Internal statistics:

num_allocs_failed_limit: 0.
num_arena_births: 76.
num_arena_deaths: 0.
num_vsnodes_births: 2.
num_vsnodes_deaths: 0.
num_space_committed: 41.
num_space_uncommitted: 0.
num_chunks_returned_to_freelist: 0.
num_chunks_taken_from_freelist: 135.
num_chunk_merges: 0.
num_chunk_splits: 95.
num_chunks_enlarged: 64.
num_inconsistent_stats: 0.

CodeHeap 'non-profiled nmethods': size=120000Kb used=102Kb max_used=102Kb free=119897Kb
 bounds [0x00000199cb800000, 0x00000199cba70000, 0x00000199d2d30000]
CodeHeap 'profiled nmethods': size=120000Kb used=245Kb max_used=245Kb free=119754Kb
 bounds [0x00000199c3d30000, 0x00000199c3fa0000, 0x00000199cb260000]
CodeHeap 'non-nmethods': size=5760Kb used=1625Kb max_used=1625Kb free=4134Kb
 bounds [0x00000199cb260000, 0x00000199cb4d0000, 0x00000199cb800000]
 total_blobs=761 nmethods=253 adapters=413
 compilation: enabled
              stopped_count=0, restarted_count=0
 full_count=0

Compilation events (20 events):
Event: 0.146 Thread 0x00000199da9f9710  215       4       java.lang.StringLatin1::replace (198 bytes)
Event: 0.147 Thread 0x00000199da9f9dd0  216       3       java.util.AbstractMap::<init> (5 bytes)
Event: 0.147 Thread 0x00000199da9f9dd0 nmethod 216 0x00000199c3d69b10 code [0x00000199c3d69ca0, 0x00000199c3d69e08]
Event: 0.149 Thread 0x00000199da9f9dd0  217       3       java.lang.StringUTF16::getChar (60 bytes)
Event: 0.149 Thread 0x00000199da9f9dd0 nmethod 217 0x00000199c3d69e90 code [0x00000199c3d6a020, 0x00000199c3d6a190]
Event: 0.150 Thread 0x00000199da9f9dd0  218       3       java.util.HashSet::contains (9 bytes)
Event: 0.150 Thread 0x00000199da9f9dd0 nmethod 218 0x00000199c3d6a290 code [0x00000199c3d6a440, 0x00000199c3d6a6d0]
Event: 0.150 Thread 0x00000199da9f9dd0  219       3       java.lang.String::charAt (25 bytes)
Event: 0.150 Thread 0x00000199da9f9dd0 nmethod 219 0x00000199c3d6a810 code [0x00000199c3d6aa00, 0x00000199c3d6af48]
Event: 0.152 Thread 0x00000199da9f9dd0  220       3       java.lang.StringBuilder::append (8 bytes)
Event: 0.152 Thread 0x00000199da9f9dd0 nmethod 220 0x00000199c3d6b190 code [0x00000199c3d6b340, 0x00000199c3d6b498]
Event: 0.152 Thread 0x00000199da9f9dd0  221       3       java.lang.AbstractStringBuilder::append (77 bytes)
Event: 0.153 Thread 0x00000199da9f9dd0 nmethod 221 0x00000199c3d6b590 code [0x00000199c3d6b7a0, 0x00000199c3d6be50]
Event: 0.155 Thread 0x00000199da9f9dd0  222       3       jdk.internal.util.Preconditions::checkFromToIndex (24 bytes)
Event: 0.155 Thread 0x00000199da9f9dd0 nmethod 222 0x00000199c3d6c110 code [0x00000199c3d6c2c0, 0x00000199c3d6c4a8]
Event: 0.155 Thread 0x00000199da9f9dd0  223       3       java.lang.String::checkBoundsBeginEnd (11 bytes)
Event: 0.155 Thread 0x00000199da9f9dd0 nmethod 223 0x00000199c3d6c590 code [0x00000199c3d6c740, 0x00000199c3d6c980]
Event: 0.156 Thread 0x00000199da9f9dd0  224       3       java.lang.String::substring (58 bytes)
Event: 0.156 Thread 0x00000199da9f9710 nmethod 215 0x00000199cb813910 code [0x00000199cb813ae0, 0x00000199cb814110]
Event: 0.156 Thread 0x00000199da9f9dd0 nmethod 224 0x00000199c3d6ca90 code [0x00000199c3d6ccc0, 0x00000199c3d6d2c8]

GC Heap History (0 events):
No events

Dll operation events (10 events):
Event: 0.019 Loaded shared library C:\Users\send2\.jdks\openjdk-22\bin\java.dll
Event: 0.020 Loaded shared library C:\Users\send2\.jdks\openjdk-22\bin\zip.dll
Event: 0.054 Loaded shared library C:\Users\send2\.jdks\openjdk-22\bin\jsvml.dll
Event: 0.133 Loaded shared library C:\Users\send2\.jdks\openjdk-22\bin\instrument.dll
Event: 4.520 Loaded shared library C:\Users\send2\.jdks\openjdk-22\bin\net.dll
Event: 4.521 Loaded shared library C:\Users\send2\.jdks\openjdk-22\bin\nio.dll
Event: 4.530 Loaded shared library C:\Users\send2\.jdks\openjdk-22\bin\zip.dll
Event: 4.951 Loaded shared library C:\Users\send2\.jdks\openjdk-22\bin\jimage.dll
Event: 5.053 Loaded shared library C:\Users\send2\AppData\Local\Temp\lwjgl_send2\3.3.3+5\x64\lwjgl.dll
Event: 5.176 Loaded shared library C:\Users\send2\AppData\Local\Temp\lwjgl_send2\3.3.3+5\x64\lwjgl_opengl.dll

Deoptimization events (8 events):
Event: 0.149 Thread 0x00000199b9703b10 Uncommon trap: trap_request=0xffffff45 fr.pc=0x00000199cb8137f0 relative=0x0000000000000070
Event: 0.149 Thread 0x00000199b9703b10 Uncommon trap: reason=unstable_if action=reinterpret pc=0x00000199cb8137f0 method=java.lang.String.isLatin1()Z @ 10 c2
Event: 0.149 Thread 0x00000199b9703b10 DEOPT PACKING pc=0x00000199cb8137f0 sp=0x00000011fa6fe690
Event: 0.149 Thread 0x00000199b9703b10 DEOPT UNPACKING pc=0x00000199cb2b7da2 sp=0x00000011fa6fe630 mode 2
Event: 0.149 Thread 0x00000199b9703b10 Uncommon trap: trap_request=0xffffff45 fr.pc=0x00000199cb81177c relative=0x00000000000000dc
Event: 0.149 Thread 0x00000199b9703b10 Uncommon trap: reason=unstable_if action=reinterpret pc=0x00000199cb81177c method=java.lang.String.isLatin1()Z @ 10 c2
Event: 0.149 Thread 0x00000199b9703b10 DEOPT PACKING pc=0x00000199cb81177c sp=0x00000011fa6ff050
Event: 0.149 Thread 0x00000199b9703b10 DEOPT UNPACKING pc=0x00000199cb2b7da2 sp=0x00000011fa6fefa0 mode 2

Classes loaded (20 events):
Event: 7.462 Loading class org/lwjgl/opengl/GL21C
Event: 7.462 Loading class org/lwjgl/opengl/GL21C done
Event: 7.466 Loading class org/lwjgl/opengl/GL20C
Event: 7.466 Loading class org/lwjgl/opengl/GL20C done
Event: 7.472 Loading class org/lwjgl/opengl/GL15C
Event: 7.472 Loading class org/lwjgl/opengl/GL15C done
Event: 7.476 Loading class org/lwjgl/opengl/GL14C
Event: 7.476 Loading class org/lwjgl/opengl/GL14C done
Event: 7.480 Loading class org/lwjgl/opengl/GL13C
Event: 7.480 Loading class org/lwjgl/opengl/GL13C done
Event: 7.483 Loading class org/lwjgl/opengl/GL12C
Event: 7.483 Loading class org/lwjgl/opengl/GL12C done
Event: 7.487 Loading class org/lwjgl/opengl/GL11C
Event: 7.487 Loading class org/lwjgl/opengl/GL11C done
Event: 11.010 Loading class com/intellij/rt/debugger/BatchEvaluatorServer
Event: 11.010 Loading class com/intellij/rt/debugger/BatchEvaluatorServer done
Event: 12.360 Loading class org/lwjgl/system/libc/LibCString
Event: 12.360 Loading class org/lwjgl/system/libc/LibCString done
Event: 12.442 Loading class java/io/DataOutputStream
Event: 12.442 Loading class java/io/DataOutputStream done

Classes unloaded (0 events):
No events

Classes redefined (0 events):
No events

Internal exceptions (20 events):
Event: 4.786 Thread 0x00000199b9703b10 Exception <a 'java/lang/NoSuchMethodError'{0x000000071384ea28}: 'void java.lang.System.load(java.lang.String, java.lang.Class)'> (0x000000071384ea28) 
thrown [s\open\src\hotspot\share\interpreter\linkResolver.cpp, line 774]
Event: 4.786 Thread 0x00000199b9703b10 Exception <a 'java/lang/NoSuchMethodError'{0x000000071384f458}: 'void java.lang.invoke.DirectMethodHandle$Holder.invokeSpecial(java.lang.Object, java.lang.Object, java.lang.Object)'> (0x000000071384f458) 
thrown [s\open\src\hotspot\share\interpreter\linkResolver.cpp, line 774]
Event: 4.802 Thread 0x00000199b9703b10 Exception <a 'java/lang/NoSuchMethodError'{0x00000007138631a0}: 'java.lang.Object java.lang.invoke.DirectMethodHandle$Holder.invokeStatic(java.lang.Object, java.lang.Object, int)'> (0x00000007138631a0) 
thrown [s\open\src\hotspot\share\interpreter\linkResolver.cpp, line 774]
Event: 4.818 Thread 0x00000199b9703b10 Exception <a 'java/lang/NoSuchMethodError'{0x000000071386eb18}: 'void java.lang.invoke.DelegatingMethodHandle$Holder.delegate(java.lang.Object, java.lang.Object, int, java.lang.Object)'> (0x000000071386eb18) 
thrown [s\open\src\hotspot\share\interpreter\linkResolver.cpp, line 774]
Event: 4.823 Thread 0x00000199b9703b10 Exception <a 'java/lang/NoSuchMethodError'{0x0000000713872858}: 'int java.lang.invoke.DirectMethodHandle$Holder.invokeSpecial(java.lang.Object, java.lang.Object, java.lang.Object)'> (0x0000000713872858) 
thrown [s\open\src\hotspot\share\interpreter\linkResolver.cpp, line 774]
Event: 4.862 Thread 0x00000199b9703b10 Exception <a 'java/lang/NoSuchMethodError'{0x000000071388f3d8}: 'void java.lang.System.loadLibrary(java.lang.String, java.lang.Class)'> (0x000000071388f3d8) 
thrown [s\open\src\hotspot\share\interpreter\linkResolver.cpp, line 774]
Event: 4.936 Thread 0x00000199b9703b10 Exception <a 'java/lang/NoSuchMethodError'{0x000000071390f8a8}: 'void java.lang.System.load(java.lang.String, java.lang.Class)'> (0x000000071390f8a8) 
thrown [s\open\src\hotspot\share\interpreter\linkResolver.cpp, line 774]
Event: 4.939 Thread 0x00000199b9703b10 Exception <a 'java/lang/NoSuchMethodError'{0x0000000713912310}: 'void java.lang.System.loadLibrary(java.lang.String, java.lang.Class)'> (0x0000000713912310) 
thrown [s\open\src\hotspot\share\interpreter\linkResolver.cpp, line 774]
Event: 5.050 Thread 0x00000199b9703b10 Exception <a 'sun/nio/fs/WindowsException'{0x00000007139bee68}> (0x00000007139bee68) 
thrown [s\open\src\hotspot\share\prims\jni.cpp, line 520]
Event: 5.050 Thread 0x00000199b9703b10 Exception <a 'sun/nio/fs/WindowsException'{0x00000007139c0470}> (0x00000007139c0470) 
thrown [s\open\src\hotspot\share\prims\jni.cpp, line 520]
Event: 5.172 Thread 0x00000199b9703b10 Exception <a 'sun/nio/fs/WindowsException'{0x0000000713609a80}> (0x0000000713609a80) 
thrown [s\open\src\hotspot\share\prims\jni.cpp, line 520]
Event: 5.173 Thread 0x00000199b9703b10 Exception <a 'sun/nio/fs/WindowsException'{0x0000000713609e20}> (0x0000000713609e20) 
thrown [s\open\src\hotspot\share\prims\jni.cpp, line 520]
Event: 5.234 Thread 0x00000199b9703b10 Exception <a 'sun/nio/fs/WindowsException'{0x0000000713614780}> (0x0000000713614780) 
thrown [s\open\src\hotspot\share\prims\jni.cpp, line 520]
Event: 5.234 Thread 0x00000199b9703b10 Exception <a 'sun/nio/fs/WindowsException'{0x0000000713614a50}> (0x0000000713614a50) 
thrown [s\open\src\hotspot\share\prims\jni.cpp, line 520]
Event: 5.276 Thread 0x00000199b9703b10 Exception <a 'java/lang/NoSuchMethodError'{0x0000000713685870}: 'int java.lang.invoke.DirectMethodHandle$Holder.invokeStaticInit(java.lang.Object, java.lang.Object, int, long)'> (0x0000000713685870) 
thrown [s\open\src\hotspot\share\interpreter\linkResolver.cpp, line 774]
Event: 5.283 Thread 0x00000199b9703b10 Exception <a 'java/lang/NoSuchMethodError'{0x000000071368ac28}: 'java.lang.Object java.lang.invoke.DirectMethodHandle$Holder.newInvokeSpecial(java.lang.Object, java.lang.Object, int)'> (0x000000071368ac28) 
thrown [s\open\src\hotspot\share\interpreter\linkResolver.cpp, line 774]
Event: 5.300 Thread 0x00000199b9703b10 Exception <a 'java/lang/NoSuchMethodError'{0x000000071369cfb8}: 'int java.lang.invoke.DirectMethodHandle$Holder.invokeStaticInit(java.lang.Object, java.lang.Object, long, long)'> (0x000000071369cfb8) 
thrown [s\open\src\hotspot\share\interpreter\linkResolver.cpp, line 774]
Event: 5.307 Thread 0x00000199b9703b10 Exception <a 'java/lang/NoSuchMethodError'{0x00000007136a2cf0}: 'java.lang.Object java.lang.invoke.DirectMethodHandle$Holder.newInvokeSpecial(java.lang.Object, java.lang.Object, long)'> (0x00000007136a2cf0) 
thrown [s\open\src\hotspot\share\interpreter\linkResolver.cpp, line 774]
Event: 5.313 Thread 0x00000199b9703b10 Exception <a 'java/lang/NoSuchMethodError'{0x00000007136a6e48}: 'java.lang.Object java.lang.invoke.Invokers$Holder.linkToTargetMethod(java.lang.Object, long, java.lang.Object)'> (0x00000007136a6e48) 
thrown [s\open\src\hotspot\share\interpreter\linkResolver.cpp, line 774]
Event: 5.322 Thread 0x00000199b9703b10 Exception <a 'java/lang/NoSuchMethodError'{0x00000007136ae070}: 'int java.lang.invoke.DirectMethodHandle$Holder.invokeStaticInit(java.lang.Object, java.lang.Object, java.lang.Object, long)'> (0x00000007136ae070) 
thrown [s\open\src\hotspot\share\interpreter\linkResolver.cpp, line 774]

ZGC Phase Switch (0 events):
No events

VM Operations (20 events):
Event: 12.364 Executing VM operation: get/set locals
Event: 12.364 Executing VM operation: get/set locals done
Event: 12.364 Executing VM operation: get/set locals
Event: 12.365 Executing VM operation: get/set locals done
Event: 12.365 Executing VM operation: get/set locals
Event: 12.365 Executing VM operation: get/set locals done
Event: 14.014 Executing VM operation: ChangeSingleStep
Event: 14.014 Executing VM operation: ChangeSingleStep done
Event: 14.015 Executing VM operation: ChangeSingleStep
Event: 14.015 Executing VM operation: ChangeSingleStep done
Event: 14.015 Executing VM operation: ChangeSingleStep
Event: 14.015 Executing VM operation: ChangeSingleStep done
Event: 14.015 Executing VM operation: ChangeSingleStep
Event: 14.015 Executing VM operation: ChangeSingleStep done
Event: 14.015 Executing VM operation: ChangeSingleStep
Event: 14.015 Executing VM operation: ChangeSingleStep done
Event: 14.015 Executing VM operation: ChangeSingleStep
Event: 14.015 Executing VM operation: ChangeSingleStep done
Event: 14.015 Executing VM operation: ChangeSingleStep
Event: 14.015 Executing VM operation: ChangeSingleStep done

Events (14 events):
Event: 0.035 Thread 0x00000199b9703b10 Thread added: 0x00000199b9703b10
Event: 0.051 Thread 0x00000199da9ba9a0 Thread added: 0x00000199da9ba9a0
Event: 0.051 Thread 0x00000199da9bb8c0 Thread added: 0x00000199da9bb8c0
Event: 0.052 Thread 0x00000199da9c3710 Thread added: 0x00000199da9c3710
Event: 0.052 Thread 0x00000199da9c4c00 Thread added: 0x00000199da9c4c00
Event: 0.052 Thread 0x00000199da9c5660 Thread added: 0x00000199da9c5660
Event: 0.052 Thread 0x00000199da9c8ed0 Thread added: 0x00000199da9c8ed0
Event: 0.052 Thread 0x00000199da9f9710 Thread added: 0x00000199da9f9710
Event: 0.052 Thread 0x00000199da9f9dd0 Thread added: 0x00000199da9f9dd0
Event: 0.078 Thread 0x00000199daad2120 Thread added: 0x00000199daad2120
Event: 0.107 Thread 0x00000199dac093f0 Thread added: 0x00000199dac093f0
Event: 0.107 Thread 0x00000199dac6c420 Thread added: 0x00000199dac6c420
Event: 0.108 Thread 0x00000199dac6cab0 Thread added: 0x00000199dac6cab0
Event: 0.148 Thread 0x00000199dac19ba0 Thread added: 0x00000199dac19ba0


Dynamic libraries:
0x00007ff731d80000 - 0x00007ff731d8e000 	C:\Users\send2\.jdks\openjdk-22\bin\java.exe
0x00007ff919050000 - 0x00007ff919248000 	C:\Windows\SYSTEM32\ntdll.dll
0x00007ff917ee0000 - 0x00007ff917f9d000 	C:\Windows\System32\KERNEL32.DLL
0x00007ff916700000 - 0x00007ff9169f6000 	C:\Windows\System32\KERNELBASE.dll
0x0000000068740000 - 0x0000000068a72000 	C:\Program Files\Norton Security\NortonData\22.21.6.53\Definitions\IPSDefs\20240328.064\IPSEng64.dll
0x00007ff917080000 - 0x00007ff917130000 	C:\Windows\System32\ADVAPI32.dll
0x00007ff918d80000 - 0x00007ff918e1e000 	C:\Windows\System32\msvcrt.dll
0x00007ff9182e0000 - 0x00007ff918380000 	C:\Windows\System32\sechost.dll
0x00007ff918510000 - 0x00007ff918635000 	C:\Windows\System32\RPCRT4.dll
0x00007ff916d70000 - 0x00007ff916d97000 	C:\Windows\System32\bcrypt.dll
0x00007ff917130000 - 0x00007ff917138000 	C:\Windows\System32\PSAPI.DLL
0x00007ff916da0000 - 0x00007ff916ea0000 	C:\Windows\System32\ucrtbase.dll
0x00007ff90d960000 - 0x00007ff90d97b000 	C:\Users\send2\.jdks\openjdk-22\bin\VCRUNTIME140.dll
0x00007ff911220000 - 0x00007ff911237000 	C:\Users\send2\.jdks\openjdk-22\bin\jli.dll
0x00007ff918a80000 - 0x00007ff918c1e000 	C:\Windows\System32\USER32.dll
0x00007ff916ea0000 - 0x00007ff916ec2000 	C:\Windows\System32\win32u.dll
0x00007ff8f1500000 - 0x00007ff8f179a000 	C:\Windows\WinSxS\amd64_microsoft.windows.common-controls_6595b64144ccf1df_6.0.19041.3636_none_60b6a03d71f818d5\COMCTL32.dll
0x00007ff918d50000 - 0x00007ff918d7b000 	C:\Windows\System32\GDI32.dll
0x00007ff916f60000 - 0x00007ff917077000 	C:\Windows\System32\gdi32full.dll
0x00007ff916ab0000 - 0x00007ff916b4d000 	C:\Windows\System32\msvcp_win.dll
0x00007ff918fd0000 - 0x00007ff919002000 	C:\Windows\System32\IMM32.DLL
0x00007ff90d9d0000 - 0x00007ff90d9dc000 	C:\Users\send2\.jdks\openjdk-22\bin\vcruntime140_1.dll
0x00007ff9045b0000 - 0x00007ff90463e000 	C:\Users\send2\.jdks\openjdk-22\bin\msvcp140.dll
0x00007ff8bf440000 - 0x00007ff8c0188000 	C:\Users\send2\.jdks\openjdk-22\bin\server\jvm.dll
0x00007ff9184a0000 - 0x00007ff91850b000 	C:\Windows\System32\WS2_32.dll
0x00007ff915ca0000 - 0x00007ff915ceb000 	C:\Windows\SYSTEM32\POWRPROF.dll
0x00007ff90c830000 - 0x00007ff90c83a000 	C:\Windows\SYSTEM32\VERSION.dll
0x00007ff913a40000 - 0x00007ff913a67000 	C:\Windows\SYSTEM32\WINMM.dll
0x00007ff915b10000 - 0x00007ff915b22000 	C:\Windows\SYSTEM32\UMPDC.dll
0x00007ff914f40000 - 0x00007ff914f52000 	C:\Windows\SYSTEM32\kernel.appcore.dll
0x00007ff90d950000 - 0x00007ff90d95a000 	C:\Users\send2\.jdks\openjdk-22\bin\jimage.dll
0x00007ff914580000 - 0x00007ff914764000 	C:\Windows\SYSTEM32\DBGHELP.DLL
0x00007ff913a00000 - 0x00007ff913a34000 	C:\Windows\SYSTEM32\dbgcore.DLL
0x00007ff916ed0000 - 0x00007ff916f52000 	C:\Windows\System32\bcryptPrimitives.dll
0x00007ff904480000 - 0x00007ff9044bc000 	C:\Users\send2\.jdks\openjdk-22\bin\jdwp.dll
0x00007ff909a30000 - 0x00007ff909a3f000 	C:\Users\send2\.jdks\openjdk-22\bin\instrument.dll
0x00007ff90c5f0000 - 0x00007ff90c60e000 	C:\Users\send2\.jdks\openjdk-22\bin\java.dll
0x00007ff917260000 - 0x00007ff9179cb000 	C:\Windows\System32\SHELL32.dll
0x00007ff9181b0000 - 0x00007ff9182db000 	C:\Windows\System32\ole32.dll
0x00007ff918640000 - 0x00007ff918993000 	C:\Windows\System32\combase.dll
0x00007ff909a10000 - 0x00007ff909a27000 	C:\Users\send2\.jdks\openjdk-22\bin\zip.dll
0x00007ff914790000 - 0x00007ff914f2e000 	C:\Windows\SYSTEM32\windows.storage.dll
0x00007ff916130000 - 0x00007ff91615e000 	C:\Windows\SYSTEM32\Wldp.dll
0x00007ff918080000 - 0x00007ff91814d000 	C:\Windows\System32\OLEAUT32.dll
0x00007ff917fb0000 - 0x00007ff91805d000 	C:\Windows\System32\SHCORE.dll
0x00007ff918150000 - 0x00007ff9181a5000 	C:\Windows\System32\shlwapi.dll
0x00007ff916630000 - 0x00007ff916655000 	C:\Windows\SYSTEM32\profapi.dll
0x00007ff902f40000 - 0x00007ff903017000 	C:\Users\send2\.jdks\openjdk-22\bin\jsvml.dll
0x00007ff9098a0000 - 0x00007ff9098ac000 	C:\Users\send2\.jdks\openjdk-22\bin\dt_socket.dll
0x00007ff915b30000 - 0x00007ff915b6b000 	C:\Windows\SYSTEM32\IPHLPAPI.DLL
0x00007ff915e90000 - 0x00007ff915efa000 	C:\Windows\system32\mswsock.dll
0x00007ff9099d0000 - 0x00007ff9099e0000 	C:\Users\send2\.jdks\openjdk-22\bin\net.dll
0x00007ff909490000 - 0x00007ff9094a6000 	C:\Users\send2\.jdks\openjdk-22\bin\nio.dll
0x00007ff8ec000000 - 0x00007ff8ec07b000 	C:\Users\send2\AppData\Local\Temp\lwjgl_send2\3.3.3+5\x64\lwjgl.dll
0x00007ff8e9dd0000 - 0x00007ff8e9e2e000 	C:\Users\send2\AppData\Local\Temp\lwjgl_send2\3.3.3+5\x64\lwjgl_opengl.dll
0x00007ff8f13d0000 - 0x00007ff8f14f5000 	C:\Windows\SYSTEM32\opengl32.dll
0x00007ff908270000 - 0x00007ff90829c000 	C:\Windows\SYSTEM32\GLU32.dll

dbghelp: loaded successfully - version: 4.0.5 - missing functions: none
symbol engine: initialized successfully - sym options: 0x614 - pdb path: .;C:\Users\send2\.jdks\openjdk-22\bin;C:\Windows\SYSTEM32;C:\Program Files\Norton Security\NortonData\22.21.6.53\Definitions\IPSDefs\20240328.064;C:\Windows\WinSxS\amd64_microsoft.windows.common-controls_6595b64144ccf1df_6.0.19041.3636_none_60b6a03d71f818d5;C:\Users\send2\.jdks\openjdk-22\bin\server;C:\Users\send2\AppData\Local\Temp\lwjgl_send2\3.3.3+5\x64

VM Arguments:
jvm_args: -agentlib:jdwp=transport=dt_socket,address=127.0.0.1:51656,suspend=y,server=n --enable-preview -javaagent:C:\Users\send2\AppData\Local\JetBrains\IdeaIC2023.3\captureAgent\debugger-agent.jar -Dfile.encoding=UTF-8 -Dsun.stdout.encoding=UTF-8 -Dsun.stderr.encoding=UTF-8 
java_command: Main
java_class_path (initial): C:\Users\send2\IdeaProjects\Tileset_Turnbased\out\production\Tileset_Turnbased;C:\Users\send2\IdeaProjects\_Libs\LWJGL_MinOpenGL\lwjgl-assimp-natives-windows.jar;C:\Users\send2\IdeaProjects\_Libs\LWJGL_MinOpenGL\lwjgl-assimp.jar;C:\Users\send2\IdeaProjects\_Libs\LWJGL_MinOpenGL\lwjgl-glfw-natives-windows.jar;C:\Users\send2\IdeaProjects\_Libs\LWJGL_MinOpenGL\lwjgl-glfw.jar;C:\Users\send2\IdeaProjects\_Libs\LWJGL_MinOpenGL\lwjgl-natives-windows.jar;C:\Users\send2\IdeaProjects\_Libs\LWJGL_MinOpenGL\lwjgl-openal-natives-windows.jar;C:\Users\send2\IdeaProjects\_Libs\LWJGL_MinOpenGL\lwjgl-openal.jar;C:\Users\send2\IdeaProjects\_Libs\LWJGL_MinOpenGL\lwjgl-opengl-natives-windows.jar;C:\Users\send2\IdeaProjects\_Libs\LWJGL_MinOpenGL\lwjgl-opengl.jar;C:\Users\send2\IdeaProjects\_Libs\LWJGL_MinOpenGL\lwjgl-stb-natives-windows.jar;C:\Users\send2\IdeaProjects\_Libs\LWJGL_MinOpenGL\lwjgl-stb.jar;C:\Users\send2\IdeaProjects\_Libs\LWJGL_MinOpenGL\lwjgl.jar;C:\Program Files\JetBrains\IntelliJ IDEA Community Edition 2023.3.4\lib\idea_rt.jar
Launcher Type: SUN_STANDARD

[Global flags]
     intx CICompilerCount                          = 4                                         {product} {ergonomic}
     uint ConcGCThreads                            = 2                                         {product} {ergonomic}
     uint G1ConcRefinementThreads                  = 8                                         {product} {ergonomic}
   size_t G1HeapRegionSize                         = 2097152                                   {product} {ergonomic}
   size_t InitialHeapSize                          = 264241152                                 {product} {ergonomic}
   size_t MarkStackSize                            = 4194304                                   {product} {ergonomic}
   size_t MaxHeapSize                              = 4223664128                                {product} {ergonomic}
   size_t MaxNewSize                               = 2533359616                                {product} {ergonomic}
   size_t MinHeapDeltaBytes                        = 2097152                                   {product} {ergonomic}
   size_t MinHeapSize                              = 8388608                                   {product} {ergonomic}
    uintx NonNMethodCodeHeapSize                   = 5839372                                {pd product} {ergonomic}
    uintx NonProfiledCodeHeapSize                  = 122909434                              {pd product} {ergonomic}
    uintx ProfiledCodeHeapSize                     = 122909434                              {pd product} {ergonomic}
    uintx ReservedCodeCacheSize                    = 251658240                              {pd product} {ergonomic}
     bool SegmentedCodeCache                       = true                                      {product} {ergonomic}
   size_t SoftMaxHeapSize                          = 4223664128                             {manageable} {ergonomic}
     bool UseCompressedOops                        = true                           {product lp64_product} {ergonomic}
     bool UseG1GC                                  = true                                      {product} {ergonomic}
     bool UseLargePagesIndividualAllocation        = false                                  {pd product} {ergonomic}

Logging:
Log output configuration:
 #0: stdout all=warning uptime,level,tags foldmultilines=false
 #1: stderr all=off uptime,level,tags foldmultilines=false

Environment Variables:
JAVA_HOME=C:\Users\send2\.jdks\azul-1.8.0_402
PATH=C:\Users\send2\.jdks\azul-1.8.0_402\bin;C:\Program Files\Common Files\Oracle\Java\javapath;C:\Program Files (x86)\Common Files\Oracle\Java\javapath;C:\Program Files (x86)\VMware\VMware Player\bin\;C:\Program Files\Microsoft\jdk-11.0.16.101-hotspot\bin;C:\Program Files (x86)\Razer\ChromaBroadcast\bin;C:\Program Files\Razer\ChromaBroadcast\bin;C:\Windows\system32;C:\Windows;C:\Windows\System32\Wbem;C:\Windows\System32\WindowsPowerShell\v1.0\;C:\Windows\System32\OpenSSH\;C:\Program Files\NVIDIA Corporation\NVIDIA NvDLISR;C:\Program Files\dotnet\;C:\Users\send2\OneDrive\Desktop\Coding Projects\PuTTY\;C:\Windows\system32\config\systemprofile\AppData\Local\Microsoft\WindowsApps;C:\Program Files\Git\cmd;C:\Ruby31-x64\bin;C:\Users\send2\AppData\Local\Programs\Eclipse Foundation\jdk-11.0.12.7-hotspot\bin;C:\Users\send2\AppData\Local\Microsoft\WindowsApps;C:\Users\send2\AppData\Local\Programs\Microsoft VS Code\bin;C:\Users\send2\.dotnet\tools
USERNAME=send2
OS=Windows_NT
PROCESSOR_IDENTIFIER=Intel64 Family 6 Model 140 Stepping 1, GenuineIntel
TMP=C:\Users\send2\AppData\Local\Temp
TEMP=C:\Users\send2\AppData\Local\Temp




Periodic native trim disabled

---------------  S Y S T E M  ---------------

OS:
 Windows 10 , 64 bit Build 19041 (10.0.19041.3636)
OS uptime: 4 days 23:16 hours

CPU: total 8 (initial active 8) (4 cores per cpu, 2 threads per core) family 6 model 140 stepping 1 microcode 0xb4, cx8, cmov, fxsr, ht, mmx, 3dnowpref, sse, sse2, sse3, ssse3, sse4.1, sse4.2, popcnt, lzcnt, tsc, tscinvbit, avx, avx2, aes, erms, clmul, bmi1, bmi2, adx, avx512f, avx512dq, avx512cd, avx512bw, avx512vl, sha, fma, vzeroupper, avx512_vpopcntdq, avx512_vpclmulqdq, avx512_vaes, avx512_vnni, clflush, clflushopt, clwb, avx512_vbmi2, avx512_vbmi, rdtscp, rdpid, fsrm, gfni, avx512_bitalg, f16c, pku, cet_ibt, cet_ss, avx512_ifma
Processor Information for all 8 processors :
  Max Mhz: 1690, Current Mhz: 1690, Mhz Limit: 1690

Memory: 4k page, system-wide physical 16106M (5029M free)
TotalPageFile size 18538M (AvailPageFile size 2500M)
current process WorkingSet (physical memory assigned to process): 50M, peak: 50M
current process commit charge ("private bytes"): 341M, peak: 341M

vm_info: OpenJDK 64-Bit Server VM (22+36-2370) for windows-amd64 JRE (22+36-2370), built on 2024-02-15T22:15:19Z by "mach5one" with MS VC++ 17.6 (VS2022)

END.
